[aggregate-refresh-runner] completed batch of 1 request(s) as agg_-UXFYlbbGahwQA5b
[aggregate-refresh-runner] completed batch of 1 request(s) as agg__dUl6SKtk4NdsqiA
[aggregate-refresh-runner] completed batch of 1 request(s) as agg_2wRAxnoxbtY1JCGq
[aggregate-refresh-runner] completed batch of 1 request(s) as agg_z8W6BASE518996o9
[aggregate-refresh-runner] completed batch of 1 request(s) as agg_z6O5AI5thnRfF8Rv
[aggregate-refresh-runner] completed batch of 1 request(s) as agg_B8EFknBh9PWw3-yF
[aggregate-refresh-runner] completed batch of 1 request(s) as agg_TcPczQ4KC5HTyI08
[aggregate-refresh-runner] completed batch of 1 request(s) as agg_9qRvPHwm8syEmOhU
[aggregate-refresh-runner] completed batch of 1 request(s) as agg_p2Zm0HtqdjexH2Zm
[aggregate-refresh-runner] completed batch of 1 request(s) as agg_udoCuwi0w-ctZvDf
[aggregate-refresh-runner] completed batch of 1 request(s) as agg_ymbs-4v5EHAAU57W
[aggregate-refresh-runner] completed batch of 1 request(s) as agg_nxi433Vq3z7ta2Lh
[aggregate-refresh-runner] completed batch of 1 request(s) as agg_BICu6EWVqrL2ojJB
[aggregate-refresh-runner] completed batch of 1 request(s) as agg_ZUIvyBjX_zCu7w54
[aggregate-refresh-runner] completed batch of 1 request(s) as agg_AJ4qGV-Riq1gMNHL
[aggregate-refresh-runner] completed batch of 1 request(s) as agg_hsoJauH6VeCF-UQC
[aggregate-refresh-runner] completed batch of 2 request(s) as agg_xMkSR30rprHLOEdw
[aggregate-refresh-runner] completed batch of 1 request(s) as agg_ox69ihm3eAYUkirE
[aggregate-refresh-runner] completed batch of 1 request(s) as agg_JbzADEWI63-sXA_j
[aggregate-refresh-runner] completed batch of 1 request(s) as agg_8tKwTkWBdpRino_R
[aggregate-refresh-runner] completed batch of 1 request(s) as agg_GvXOKRAAZAfuIkBF
[aggregate-refresh-runner] completed batch of 1 request(s) as agg_BD3kQQ1rttVWPKd8
[aggregate-refresh-runner] completed batch of 1 request(s) as agg_inBnUlTn83tf1Gkz
[aggregate-refresh-runner] completed batch of 1 request(s) as agg_z0iRu4bV4wtcjqoT
[aggregate-refresh-runner] completed batch of 1 request(s) as agg_o8UBGEFGs-r6h3gd
[aggregate-refresh-runner] completed batch of 1 request(s) as agg_Ac2sHocPfOwxCwgS
[aggregate-refresh-runner] completed batch of 1 request(s) as agg_U7USH5sMZSyVtqgv
[aggregate-refresh-runner] completed batch of 1 request(s) as agg_wa-hqM4KDMzqtV9r
[aggregate-refresh-runner] completed batch of 1 request(s) as agg_CaW61ZtkSO7nFNTa
[aggregate-refresh-runner] completed batch of 1 request(s) as agg__O-wadqGFzYoWC-m
[aggregate-refresh-runner] completed batch of 1 request(s) as agg_PbFztTx9KqPoS9v0
[aggregate-refresh-runner] completed batch of 1 request(s) as agg_kaYYAA2nzxXeSO8p
[aggregate-refresh-runner] completed batch of 1 request(s) as agg_x3fytM4o1Y2yAah9
[aggregate-refresh-runner] completed batch of 1 request(s) as agg_o_2oZMgT_Br6VbB8
[aggregate-refresh-runner] completed batch of 1 request(s) as agg_bh7Iw1IJzJ24A1AT
[aggregate-refresh-runner] completed batch of 1 request(s) as agg_MYtNxoefpz6QMgru
[aggregate-refresh-runner] completed batch of 1 request(s) as agg_KLD4LYC8DrL7_OKy
