[source-catalog-runner] starting run run_20260714_054000_alterna_savings_collect_ZmOeKRxB for ALTERNA savings
[source-collection-runner] run run_20260714_054000_alterna_savings_collect_ZmOeKRxB starting snapshot for 1 source(s)
[source-collection-runner] launching stage fpds_snapshot with timeout 1800s
warning: `VIRTUAL_ENV=api\service\.venv` does not match the project environment path `.venv` and will be ignored; use `--active` to target the active environment instead
{
  "run_id": "run_20260714_054000_alterna_savings_collect_ZmOeKRxB",
  "correlation_id": "corr_G2N1RWFkeqPtIXbD",
  "request_id": "req_9fdab963e997443a80ec4fb7cb5f1775",
  "partial_completion_flag": false,
  "stats": {
    "source_total": 1,
    "stored_count": 1,
    "reused_count": 0,
    "failed_count": 0
  },
  "source_results": [
    {
      "source_id": "AUTO-ALTERNA-SAV-1518db2454",
      "source_document_id": "src-alterna-html-6cda0944b0b8066f",
      "snapshot_action": "stored",
      "attempt_count": 1,
      "snapshot_id": "snap-12920188148cf572",
      "object_storage_key": "dev/snapshots/CA/ALTERNA/src-alterna-html-6cda0944b0b8066f/snap-12920188148cf572/raw",
      "checksum": "0e2f2bc01046be23ffc9935d97854970c915b6686c401f6a5689e47d680d053d",
      "fingerprint": "aacc05fc1129227b108ce5650b0e9d602488dfc31f3e04624c6d16770c7fdb03",
      "content_type": "text/html",
      "fetch_status": "fetched",
      "fetched_at": "2026-07-14T05:40:20.135934+00:00",
      "error_summary": null,
      "source_snapshot_record": {
        "snapshot_id": "snap-12920188148cf572",
        "source_document_id": "src-alterna-html-6cda0944b0b8066f",
        "object_storage_key": "dev/snapshots/CA/ALTERNA/src-alterna-html-6cda0944b0b8066f/snap-12920188148cf572/raw",
        "content_type": "text/html",
        "checksum": "0e2f2bc01046be23ffc9935d97854970c915b6686c401f6a5689e47d680d053d",
        "fingerprint": "aacc05fc1129227b108ce5650b0e9d602488dfc31f3e04624c6d16770c7fdb03",
        "fetch_status": "fetched",
        "response_metadata": {
          "source_id": "AUTO-ALTERNA-SAV-1518db2454",
          "request_url": "https://www.alternabank.ca/en/personal/accounts/high-interest-esavings",
          "final_url": "https://www.alternabank.ca/en/personal/accounts/high-interest-esavings",
          "status_code": 200,
          "content_length": 97710,
          "content_type": "text/html",
          "redirect_count": 0,
          "etag": null,
          "last_modified": null,
          "cache_control": "max-age=60, private",
          "attempt_count": 1
        },
        "retention_class": "hot",
        "fetched_at": "2026-07-14T05:40:20.135934+00:00"
      },
      "run_source_item_record": {
        "run_source_item_id": "rsi-9804ac5d6147ab1c",
        "run_id": "run_20260714_054000_alterna_savings_collect_ZmOeKRxB",
        "source_document_id": "src-alterna-html-6cda0944b0b8066f",
        "selected_snapshot_id": "snap-12920188148cf572",
        "stage_status": "completed",
        "warning_count": 0,
        "error_count": 0,
        "error_summary": null,
        "stage_metadata": {
          "snapshot_action": "stored",
          "request_id": "req_9fdab963e997443a80ec4fb7cb5f1775",
          "content_type": "text/html",
          "checksum": "0e2f2bc01046be23ffc9935d97854970c915b6686c401f6a5689e47d680d053d",
          "fingerprint": "aacc05fc1129227b108ce5650b0e9d602488dfc31f3e04624c6d16770c7fdb03",
          "object_storage_key": "dev/snapshots/CA/ALTERNA/src-alterna-html-6cda0944b0b8066f/snap-12920188148cf572/raw",
          "correlation_id": "corr_G2N1RWFkeqPtIXbD",
          "attempt_count": 1,
          "preflight_status": "ok",
          "preflight_issue_codes": []
        }
      }
    }
  ],
  "preflight": {
    "run_id": "run_20260714_054000_alterna_savings_collect_ZmOeKRxB",
    "correlation_id": "corr_G2N1RWFkeqPtIXbD",
    "request_id": "req_9fdab963e997443a80ec4fb7cb5f1775",
    "stats": {
      "source_total": 1,
      "ok_count": 1,
      "warning_count": 0,
      "error_count": 0,
      "issue_total": 0
    },
    "source_checks": [
      {
        "source_id": "AUTO-ALTERNA-SAV-1518db2454",
        "source_document_id": "src-alterna-html-6cda0944b0b8066f",
        "expected_url": "https://www.alternabank.ca/en/personal/accounts/high-interest-esavings",
        "expected_source_type": "html",
        "status": "ok",
        "fetched_at": "2026-07-14T05:40:19.692057+00:00",
        "final_url": "https://www.alternabank.ca/en/personal/accounts/high-interest-esavings",
        "normalized_final_url": "https://www.alternabank.ca/en/personal/accounts/high-interest-esavings",
        "status_code": 200,
        "content_type": "text/html",
        "redirect_count": 0,
        "error_summary": null,
        "issues": []
      }
    ]
  },
  "runtime": {
    "env_file": "D:\\10 Development\\10 \uac1c\uc778\ud504\ub85c\uc81d\ud2b8\\70. Mybank\\workspace\\.env.dev",
    "loaded_env_key_count": 51,
    "persist_db": true,
    "trigger_type": "admin_source_collection",
    "triggered_by": "kylee1112@hotmail.com",
    "database_schema": "public",
    "storage_driver": "s3",
    "source_fetch_timeout_seconds": 45,
    "source_fetch_concurrency": 4,
    "preflight_drift_check_enabled": true
  },
  "persistence": {
    "run_id": "run_20260714_054000_alterna_savings_collect_ZmOeKRxB",
    "run_state": "completed",
    "source_document_count": 1,
    "stored_snapshot_count": 1,
    "run_source_item_count": 1,
    "source_success_count": 1,
    "source_failure_count": 0,
    "partial_completion_flag": false,
    "started_at": "2026-07-14T05:40:18.406928+00:00",
    "completed_at": "2026-07-14T05:40:23.828249+00:00"
  }
}
[source-collection-runner] run run_20260714_054000_alterna_savings_collect_ZmOeKRxB continuing with 1 successful snapshot source(s)
[source-collection-runner] launching stage fpds_parse_chunk with timeout 1800s
warning: `VIRTUAL_ENV=api\service\.venv` does not match the project environment path `.venv` and will be ignored; use `--active` to target the active environment instead
{
  "run_id": "run_20260714_054000_alterna_savings_collect_ZmOeKRxB",
  "correlation_id": "corr_G2N1RWFkeqPtIXbD",
  "request_id": "req_9fdab963e997443a80ec4fb7cb5f1775",
  "partial_completion_flag": false,
  "stats": {
    "source_total": 1,
    "stored_count": 1,
    "reused_count": 0,
    "failed_count": 0
  },
  "source_results": [
    {
      "source_id": "AUTO-ALTERNA-SAV-1518db2454",
      "source_document_id": "src-alterna-html-6cda0944b0b8066f",
      "snapshot_id": "snap-12920188148cf572",
      "parse_action": "stored",
      "parsed_document_id": "parsed-08444bffdc8e8a0b",
      "parsed_storage_key": "dev/parsed/CA/ALTERNA/src-alterna-html-6cda0944b0b8066f/parsed-08444bffdc8e8a0b/parsed.txt",
      "metadata_storage_key": "dev/parsed/CA/ALTERNA/src-alterna-html-6cda0944b0b8066f/parsed-08444bffdc8e8a0b/metadata.json",
      "chunk_count": 10,
      "parse_quality_note": null,
      "error_summary": null,
      "run_source_item_record": {
        "run_source_item_id": "rsi-9804ac5d6147ab1c",
        "run_id": "run_20260714_054000_alterna_savings_collect_ZmOeKRxB",
        "source_document_id": "src-alterna-html-6cda0944b0b8066f",
        "selected_snapshot_id": "snap-12920188148cf572",
        "stage_status": "completed",
        "warning_count": 0,
        "error_count": 0,
        "error_summary": null,
        "stage_metadata": {
          "parse_action": "stored",
          "parsed_document_id": "parsed-08444bffdc8e8a0b",
          "parsed_storage_key": "dev/parsed/CA/ALTERNA/src-alterna-html-6cda0944b0b8066f/parsed-08444bffdc8e8a0b/parsed.txt",
          "metadata_storage_key": "dev/parsed/CA/ALTERNA/src-alterna-html-6cda0944b0b8066f/parsed-08444bffdc8e8a0b/metadata.json",
          "chunk_count": 10,
          "parse_quality_note": null,
          "parser_version": "fpds-parse-chunk-v1",
          "correlation_id": "corr_G2N1RWFkeqPtIXbD",
          "request_id": "req_9fdab963e997443a80ec4fb7cb5f1775"
        }
      }
    }
  ],
  "runtime": {
    "env_file": "D:\\10 Development\\10 \uac1c\uc778\ud504\ub85c\uc81d\ud2b8\\70. Mybank\\workspace\\.env.dev",
    "loaded_env_key_count": 51,
    "persist_db": true,
    "trigger_type": "admin_source_collection",
    "triggered_by": "kylee1112@hotmail.com",
    "database_schema": "public",
    "storage_driver": "s3"
  },
  "persistence": {
    "run_id": "run_20260714_054000_alterna_savings_collect_ZmOeKRxB",
    "run_state": "completed",
    "parsed_document_count": 1,
    "evidence_chunk_count": 10,
    "run_source_item_count": 1,
    "source_success_count": 1,
    "source_failure_count": 0,
    "partial_completion_flag": false,
    "completed_at": "2026-07-14T05:40:37.418438+00:00"
  }
}
[source-collection-runner] launching stage fpds_extraction with timeout 1800s
warning: `VIRTUAL_ENV=api\service\.venv` does not match the project environment path `.venv` and will be ignored; use `--active` to target the active environment instead
{
  "run_id": "run_20260714_054000_alterna_savings_collect_ZmOeKRxB",
  "correlation_id": "corr_G2N1RWFkeqPtIXbD",
  "request_id": "req_9fdab963e997443a80ec4fb7cb5f1775",
  "partial_completion_flag": false,
  "stats": {
    "source_total": 1,
    "stored_count": 1,
    "failed_count": 0,
    "extracted_field_count": 19,
    "evidence_link_count": 11
  },
  "source_results": [
    {
      "source_id": "AUTO-ALTERNA-SAV-1518db2454",
      "source_document_id": "src-alterna-html-6cda0944b0b8066f",
      "snapshot_id": "snap-12920188148cf572",
      "parsed_document_id": "parsed-08444bffdc8e8a0b",
      "extraction_action": "stored",
      "model_execution_id": "modelexec-4ff4fe1c7dcf612f",
      "extracted_storage_key": "dev/extracted/CA/ALTERNA/src-alterna-html-6cda0944b0b8066f/parsed-08444bffdc8e8a0b/extracted.json",
      "metadata_storage_key": "dev/extracted/CA/ALTERNA/src-alterna-html-6cda0944b0b8066f/parsed-08444bffdc8e8a0b/metadata.json",
      "runtime_notes": [],
      "error_summary": null,
      "extracted_fields": [
        {
          "field_name": "product_family",
          "candidate_value": "deposit",
          "value_type": "string",
          "confidence": 0.99,
          "extraction_method": "derived_context",
          "source_document_id": "src-alterna-html-6cda0944b0b8066f",
          "source_snapshot_id": "snap-12920188148cf572",
          "evidence_chunk_id": null,
          "evidence_text_excerpt": null,
          "anchor_type": null,
          "anchor_value": null,
          "page_no": null,
          "chunk_index": null,
          "field_metadata": {
            "derived_field": true
          }
        },
        {
          "field_name": "product_type",
          "candidate_value": "savings",
          "value_type": "string",
          "confidence": 0.99,
          "extraction_method": "derived_context",
          "source_document_id": "src-alterna-html-6cda0944b0b8066f",
          "source_snapshot_id": "snap-12920188148cf572",
          "evidence_chunk_id": null,
          "evidence_text_excerpt": null,
          "anchor_type": null,
          "anchor_value": null,
          "page_no": null,
          "chunk_index": null,
          "field_metadata": {
            "derived_field": true
          }
        },
        {
          "field_name": "bank_code",
          "candidate_value": "ALTERNA",
          "value_type": "string",
          "confidence": 0.99,
          "extraction_method": "derived_context",
          "source_document_id": "src-alterna-html-6cda0944b0b8066f",
          "source_snapshot_id": "snap-12920188148cf572",
          "evidence_chunk_id": null,
          "evidence_text_excerpt": null,
          "anchor_type": null,
          "anchor_value": null,
          "page_no": null,
          "chunk_index": null,
          "field_metadata": {
            "derived_field": true
          }
        },
        {
          "field_name": "country_code",
          "candidate_value": "CA",
          "value_type": "string",
          "confidence": 0.99,
          "extraction_method": "derived_context",
          "source_document_id": "src-alterna-html-6cda0944b0b8066f",
          "source_snapshot_id": "snap-12920188148cf572",
          "evidence_chunk_id": null,
          "evidence_text_excerpt": null,
          "anchor_type": null,
          "anchor_value": null,
          "page_no": null,
          "chunk_index": null,
          "field_metadata": {
            "derived_field": true
          }
        },
        {
          "field_name": "source_language",
          "candidate_value": "en",
          "value_type": "string",
          "confidence": 0.99,
          "extraction_method": "derived_context",
          "source_document_id": "src-alterna-html-6cda0944b0b8066f",
          "source_snapshot_id": "snap-12920188148cf572",
          "evidence_chunk_id": null,
          "evidence_text_excerpt": null,
          "anchor_type": null,
          "anchor_value": null,
          "page_no": null,
          "chunk_index": null,
          "field_metadata": {
            "derived_field": true
          }
        },
        {
          "field_name": "currency",
          "candidate_value": "CAD",
          "value_type": "string",
          "confidence": 0.99,
          "extraction_method": "derived_context",
          "source_document_id": "src-alterna-html-6cda0944b0b8066f",
          "source_snapshot_id": "snap-12920188148cf572",
          "evidence_chunk_id": null,
          "evidence_text_excerpt": null,
          "anchor_type": null,
          "anchor_value": null,
          "page_no": null,
          "chunk_index": null,
          "field_metadata": {
            "derived_field": true
          }
        },
        {
          "field_name": "product_name",
          "candidate_value": "Alterna Bank - High Interest eSavings",
          "value_type": "string",
          "confidence": 0.88,
          "extraction_method": "derived_title",
          "source_document_id": "src-alterna-html-6cda0944b0b8066f",
          "source_snapshot_id": "snap-12920188148cf572",
          "evidence_chunk_id": null,
          "evidence_text_excerpt": null,
          "anchor_type": null,
          "anchor_value": null,
          "page_no": null,
          "chunk_index": null,
          "field_metadata": {
            "derived_field": true
          }
        },
        {
          "field_name": "description_short",
          "candidate_value": "Accounts",
          "value_type": "string",
          "confidence": 0.7,
          "extraction_method": "derived_description",
          "source_document_id": "src-alterna-html-6cda0944b0b8066f",
          "source_snapshot_id": "snap-12920188148cf572",
          "evidence_chunk_id": null,
          "evidence_text_excerpt": null,
          "anchor_type": null,
          "anchor_value": null,
          "page_no": null,
          "chunk_index": null,
          "field_metadata": {
            "derived_field": true
          }
        },
        {
          "field_name": "monthly_fee",
          "candidate_value": "0.00",
          "value_type": "decimal",
          "confidence": 0.55,
          "extraction_method": "heuristic_money",
          "source_document_id": "src-alterna-html-6cda0944b0b8066f",
          "source_snapshot_id": "snap-12920188148cf572",
          "evidence_chunk_id": "chunk-a5c7ffd5f289ce62",
          "evidence_text_excerpt": "High Interest eSavings\nOverview\nHigh Interest eSavings\nNo Fee eChequing\nTFSA eSavings\nRRSP eSavings\nWays To Bank\nSaving made easy. Earn high interest on every dollar without having it locked in for an extended period of time. There are no monthly fees and no minimum balance required.",
          "anchor_type": "section",
          "anchor_value": "high-interest-esavings",
          "page_no": null,
          "chunk_index": 1,
          "field_metadata": {
            "retrieval_mode": "metadata-only",
            "matched_keywords": [
              "fee",
              "monthly",
              "monthly fee"
            ]
          }
        },
        {
          "field_name": "public_display_fee",
          "candidate_value": "0.00",
          "value_type": "decimal",
          "confidence": 0.55,
          "extraction_method": "heuristic_money",
          "source_document_id": "src-alterna-html-6cda0944b0b8066f",
          "source_snapshot_id": "snap-12920188148cf572",
          "evidence_chunk_id": "chunk-a5c7ffd5f289ce62",
          "evidence_text_excerpt": "High Interest eSavings\nOverview\nHigh Interest eSavings\nNo Fee eChequing\nTFSA eSavings\nRRSP eSavings\nWays To Bank\nSaving made easy. Earn high interest on every dollar without having it locked in for an extended period of time. There are no monthly fees and no minimum balance required.",
          "anchor_type": "section",
          "anchor_value": "high-interest-esavings",
          "page_no": null,
          "chunk_index": 1,
          "field_metadata": {
            "retrieval_mode": "metadata-only",
            "matched_keywords": [
              "fee",
              "monthly",
              "monthly fee"
            ]
          }
        },
        {
          "field_name": "minimum_balance",
          "candidate_value": "0.00",
          "value_type": "decimal",
          "confidence": 0.64,
          "extraction_method": "heuristic_money",
          "source_document_id": "src-alterna-html-6cda0944b0b8066f",
          "source_snapshot_id": "snap-12920188148cf572",
          "evidence_chunk_id": "chunk-683204e4d3895c4d",
          "evidence_text_excerpt": "No Minimum Balance\nNo minimum balance required.\nSafe and secure \u2013 eligible deposits are insured up to the maximum amount through the Canada Deposit Insurance Corporation (CDIC)\nWe make banking easy, accessible, and secure - wherever you are. ONLINE BANKING Bank 24 hours a day, 7 days a week. Pay your bills online and skip that trip to a mailbox or bank branch. MOBILE Get the full experience of online banking plus more. Whether you're checking your balances or depositing your cheques easily with Deposit Anywhere\u2122, do it all within your fingertips.\nAt Alterna, our members always come first. We\u2019ve always believed that being upfront and honest is the most respectful way to provide important information. That\u2019s why everything you need to know about our current service fees and account features can be found here:\nGet your bank accounts talking to each other with a few clicks. Available with",
          "anchor_type": "section",
          "anchor_value": "no-minimum-balance",
          "page_no": null,
          "chunk_index": 5,
          "field_metadata": {
            "retrieval_mode": "metadata-only",
            "matched_keywords": [
              "balance",
              "minimum",
              "minimum balance"
            ]
          }
        },
        {
          "field_name": "eligibility_text",
          "candidate_value": "Safe and secure \u2013 eligible deposits are insured up to the maximum amount through the Canada Deposit Insurance Corporation (CDIC) We make banking easy, accessible, and secure - wherever you are",
          "value_type": "string",
          "confidence": 0.55,
          "extraction_method": "heuristic_eligibility_text",
          "source_document_id": "src-alterna-html-6cda0944b0b8066f",
          "source_snapshot_id": "snap-12920188148cf572",
          "evidence_chunk_id": "chunk-683204e4d3895c4d",
          "evidence_text_excerpt": "No Minimum Balance\nNo minimum balance required.\nSafe and secure \u2013 eligible deposits are insured up to the maximum amount through the Canada Deposit Insurance Corporation (CDIC)\nWe make banking easy, accessible, and secure - wherever you are. ONLINE BANKING Bank 24 hours a day, 7 days a week. Pay your bills online and skip that trip to a mailbox or bank branch. MOBILE Get the full experience of online banking plus more. Whether you're checking your balances or depositing your cheques easily with Deposit Anywhere\u2122, do it all within your fingertips.\nAt Alterna, our members always come first. We\u2019ve always believed that being upfront and honest is the most respectful way to provide important information. That\u2019s why everything you need to know about our current service fees and account features can be found here:\nGet your bank accounts talking to each other with a few clicks. Available with",
          "anchor_type": "section",
          "anchor_value": "no-minimum-balance",
          "page_no": null,
          "chunk_index": 5,
          "field_metadata": {
            "retrieval_mode": "metadata-only",
            "matched_keywords": [
              "can",
              "eligible"
            ]
          }
        },
        {
          "field_name": "application_method",
          "candidate_value": "ONLINE BANKING Bank 24 hours a day, 7 days a week.",
          "value_type": "string",
          "confidence": 0.66,
          "extraction_method": "heuristic_application_method",
          "source_document_id": "src-alterna-html-6cda0944b0b8066f",
          "source_snapshot_id": "snap-12920188148cf572",
          "evidence_chunk_id": "chunk-683204e4d3895c4d",
          "evidence_text_excerpt": "No Minimum Balance\nNo minimum balance required.\nSafe and secure \u2013 eligible deposits are insured up to the maximum amount through the Canada Deposit Insurance Corporation (CDIC)\nWe make banking easy, accessible, and secure - wherever you are. ONLINE BANKING Bank 24 hours a day, 7 days a week. Pay your bills online and skip that trip to a mailbox or bank branch. MOBILE Get the full experience of online banking plus more. Whether you're checking your balances or depositing your cheques easily with Deposit Anywhere\u2122, do it all within your fingertips.\nAt Alterna, our members always come first. We\u2019ve always believed that being upfront and honest is the most respectful way to provide important information. That\u2019s why everything you need to know about our current service fees and account features can be found here:\nGet your bank accounts talking to each other with a few clicks. Available with",
          "anchor_type": "section",
          "anchor_value": "no-minimum-balance",
          "page_no": null,
          "chunk_index": 5,
          "field_metadata": {
            "retrieval_mode": "metadata-only",
            "matched_keywords": [
              "account",
              "branch",
              "mobile",
              "online"
            ]
          }
        },
        {
          "field_name": "tax_benefits",
          "candidate_value": "High Interest eSavings Overview High Interest eSavings No Fee eChequing TFSA eSavings RRSP eSavings Ways To Bank Saving made easy.",
          "value_type": "string",
          "confidence": 0.55,
          "extraction_method": "heuristic_tax_benefits",
          "source_document_id": "src-alterna-html-6cda0944b0b8066f",
          "source_snapshot_id": "snap-12920188148cf572",
          "evidence_chunk_id": "chunk-a5c7ffd5f289ce62",
          "evidence_text_excerpt": "High Interest eSavings\nOverview\nHigh Interest eSavings\nNo Fee eChequing\nTFSA eSavings\nRRSP eSavings\nWays To Bank\nSaving made easy. Earn high interest on every dollar without having it locked in for an extended period of time. There are no monthly fees and no minimum balance required.",
          "anchor_type": "section",
          "anchor_value": "high-interest-esavings",
          "page_no": null,
          "chunk_index": 1,
          "field_metadata": {
            "retrieval_mode": "metadata-only",
            "matched_keywords": [
              "rrsp",
              "tfsa"
            ]
          }
        },
        {
          "field_name": "deposit_insurance",
          "candidate_value": "Safe and secure \u2013 eligible deposits are insured up to the maximum amount through the Canada Deposit Insurance Corporation (CDIC) We make banking easy, accessible, and secure - wherever you are.",
          "value_type": "string",
          "confidence": 0.85,
          "extraction_method": "heuristic_deposit_insurance",
          "source_document_id": "src-alterna-html-6cda0944b0b8066f",
          "source_snapshot_id": "snap-12920188148cf572",
          "evidence_chunk_id": "chunk-683204e4d3895c4d",
          "evidence_text_excerpt": "No Minimum Balance\nNo minimum balance required.\nSafe and secure \u2013 eligible deposits are insured up to the maximum amount through the Canada Deposit Insurance Corporation (CDIC)\nWe make banking easy, accessible, and secure - wherever you are. ONLINE BANKING Bank 24 hours a day, 7 days a week. Pay your bills online and skip that trip to a mailbox or bank branch. MOBILE Get the full experience of online banking plus more. Whether you're checking your balances or depositing your cheques easily with Deposit Anywhere\u2122, do it all within your fingertips.\nAt Alterna, our members always come first. We\u2019ve always believed that being upfront and honest is the most respectful way to provide important information. That\u2019s why everything you need to know about our current service fees and account features can be found here:\nGet your bank accounts talking to each other with a few clicks. Available with",
          "anchor_type": "section",
          "anchor_value": "no-minimum-balance",
          "page_no": null,
          "chunk_index": 5,
          "field_metadata": {
            "retrieval_mode": "metadata-only",
            "matched_keywords": [
              "canada",
              "cdic",
              "corporation",
              "deposit",
              "deposit insurance",
              "insurance",
              "insured"
            ]
          }
        },
        {
          "field_name": "interest_calculation_method",
          "candidate_value": "Interest is calculated daily on the closing balance and paid monthly.",
          "value_type": "string",
          "confidence": 0.97,
          "extraction_method": "heuristic_sentence",
          "source_document_id": "src-alterna-html-6cda0944b0b8066f",
          "source_snapshot_id": "snap-12920188148cf572",
          "evidence_chunk_id": "chunk-2fe9f8e7e0a3bcab",
          "evidence_text_excerpt": "Legal\n*Interest rate is annualized and subject to change without notice. Interest is calculated daily on the closing balance and paid monthly. High Interest eSavings Accounts and rates are only available for purchase online. Due to local and proxy caching on the Internet, please ensure that you are viewing rates as at the current day's date.\nMaximum balance per customer is $250,000 (plus accrued interest).\nClick here for our FAQs on Account Limits.\n\u200b\u200b\nCS Alterna Bank is a member of Canada Deposit Insurance Corporation (CDIC) .",
          "anchor_type": "section",
          "anchor_value": "legal",
          "page_no": null,
          "chunk_index": 8,
          "field_metadata": {
            "retrieval_mode": "metadata-only",
            "matched_keywords": [
              "balance",
              "calculated",
              "calculated daily",
              "closing",
              "daily",
              "interest",
              "interest is calculated",
              "is"
            ]
          }
        },
        {
          "field_name": "interest_payment_frequency",
          "candidate_value": "monthly",
          "value_type": "string",
          "confidence": 0.78,
          "extraction_method": "heuristic_frequency",
          "source_document_id": "src-alterna-html-6cda0944b0b8066f",
          "source_snapshot_id": "snap-12920188148cf572",
          "evidence_chunk_id": "chunk-2fe9f8e7e0a3bcab",
          "evidence_text_excerpt": "Legal\n*Interest rate is annualized and subject to change without notice. Interest is calculated daily on the closing balance and paid monthly. High Interest eSavings Accounts and rates are only available for purchase online. Due to local and proxy caching on the Internet, please ensure that you are viewing rates as at the current day's date.\nMaximum balance per customer is $250,000 (plus accrued interest).\nClick here for our FAQs on Account Limits.\n\u200b\u200b\nCS Alterna Bank is a member of Canada Deposit Insurance Corporation (CDIC) .",
          "anchor_type": "section",
          "anchor_value": "legal",
          "page_no": null,
          "chunk_index": 8,
          "field_metadata": {
            "retrieval_mode": "metadata-only",
            "matched_keywords": [
              "interest",
              "is",
              "monthly",
              "paid",
              "paid monthly"
            ]
          }
        },
        {
          "field_name": "registered_flag",
          "candidate_value": true,
          "value_type": "boolean",
          "confidence": 0.55,
          "extraction_method": "heuristic_flag",
          "source_document_id": "src-alterna-html-6cda0944b0b8066f",
          "source_snapshot_id": "snap-12920188148cf572",
          "evidence_chunk_id": "chunk-a5c7ffd5f289ce62",
          "evidence_text_excerpt": "High Interest eSavings\nOverview\nHigh Interest eSavings\nNo Fee eChequing\nTFSA eSavings\nRRSP eSavings\nWays To Bank\nSaving made easy. Earn high interest on every dollar without having it locked in for an extended period of time. There are no monthly fees and no minimum balance required.",
          "anchor_type": "section",
          "anchor_value": "high-interest-esavings",
          "page_no": null,
          "chunk_index": 1,
          "field_metadata": {
            "retrieval_mode": "metadata-only",
            "matched_keywords": [
              "rrsp",
              "tfsa"
            ]
          }
        },
        {
          "field_name": "notes",
          "candidate_value": "We\u2019ve always believed that being upfront and honest is the most respectful way to provide important information.",
          "value_type": "string",
          "confidence": 0.55,
          "extraction_method": "heuristic_text",
          "source_document_id": "src-alterna-html-6cda0944b0b8066f",
          "source_snapshot_id": "snap-12920188148cf572",
          "evidence_chunk_id": "chunk-683204e4d3895c4d",
          "evidence_text_excerpt": "No Minimum Balance\nNo minimum balance required.\nSafe and secure \u2013 eligible deposits are insured up to the maximum amount through the Canada Deposit Insurance Corporation (CDIC)\nWe make banking easy, accessible, and secure - wherever you are. ONLINE BANKING Bank 24 hours a day, 7 days a week. Pay your bills online and skip that trip to a mailbox or bank branch. MOBILE Get the full experience of online banking plus more. Whether you're checking your balances or depositing your cheques easily with Deposit Anywhere\u2122, do it all within your fingertips.\nAt Alterna, our members always come first. We\u2019ve always believed that being upfront and honest is the most respectful way to provide important information. That\u2019s why everything you need to know about our current service fees and account features can be found here:\nGet your bank accounts talking to each other with a few clicks. Available with",
          "anchor_type": "section",
          "anchor_value": "no-minimum-balance",
          "page_no": null,
          "chunk_index": 5,
          "field_metadata": {
            "retrieval_mode": "metadata-only",
            "matched_keywords": [
              "important",
              "information"
            ]
          }
        }
      ],
      "evidence_links": [
        {
          "field_name": "monthly_fee",
          "candidate_value": "0.00",
          "evidence_chunk_id": "chunk-a5c7ffd5f289ce62",
          "evidence_text_excerpt": "High Interest eSavings\nOverview\nHigh Interest eSavings\nNo Fee eChequing\nTFSA eSavings\nRRSP eSavings\nWays To Bank\nSaving made easy. Earn high interest on every dollar without having it locked in for an extended period of time. There are no monthly fees and no minimum balance required.",
          "source_document_id": "src-alterna-html-6cda0944b0b8066f",
          "source_snapshot_id": "snap-12920188148cf572",
          "citation_confidence": 0.55,
          "model_execution_id": "modelexec-4ff4fe1c7dcf612f",
          "anchor_type": "section",
          "anchor_value": "high-interest-esavings",
          "page_no": null,
          "chunk_index": 1
        },
        {
          "field_name": "public_display_fee",
          "candidate_value": "0.00",
          "evidence_chunk_id": "chunk-a5c7ffd5f289ce62",
          "evidence_text_excerpt": "High Interest eSavings\nOverview\nHigh Interest eSavings\nNo Fee eChequing\nTFSA eSavings\nRRSP eSavings\nWays To Bank\nSaving made easy. Earn high interest on every dollar without having it locked in for an extended period of time. There are no monthly fees and no minimum balance required.",
          "source_document_id": "src-alterna-html-6cda0944b0b8066f",
          "source_snapshot_id": "snap-12920188148cf572",
          "citation_confidence": 0.55,
          "model_execution_id": "modelexec-4ff4fe1c7dcf612f",
          "anchor_type": "section",
          "anchor_value": "high-interest-esavings",
          "page_no": null,
          "chunk_index": 1
        },
        {
          "field_name": "minimum_balance",
          "candidate_value": "0.00",
          "evidence_chunk_id": "chunk-683204e4d3895c4d",
          "evidence_text_excerpt": "No Minimum Balance\nNo minimum balance required.\nSafe and secure \u2013 eligible deposits are insured up to the maximum amount through the Canada Deposit Insurance Corporation (CDIC)\nWe make banking easy, accessible, and secure - wherever you are. ONLINE BANKING Bank 24 hours a day, 7 days a week. Pay your bills online and skip that trip to a mailbox or bank branch. MOBILE Get the full experience of online banking plus more. Whether you're checking your balances or depositing your cheques easily with Deposit Anywhere\u2122, do it all within your fingertips.\nAt Alterna, our members always come first. We\u2019ve always believed that being upfront and honest is the most respectful way to provide important information. That\u2019s why everything you need to know about our current service fees and account features can be found here:\nGet your bank accounts talking to each other with a few clicks. Available with",
          "source_document_id": "src-alterna-html-6cda0944b0b8066f",
          "source_snapshot_id": "snap-12920188148cf572",
          "citation_confidence": 0.64,
          "model_execution_id": "modelexec-4ff4fe1c7dcf612f",
          "anchor_type": "section",
          "anchor_value": "no-minimum-balance",
          "page_no": null,
          "chunk_index": 5
        },
        {
          "field_name": "eligibility_text",
          "candidate_value": "Safe and secure \u2013 eligible deposits are insured up to the maximum amount through the Canada Deposit Insurance Corporation (CDIC) We make banking easy, accessible, and secure - wherever you are",
          "evidence_chunk_id": "chunk-683204e4d3895c4d",
          "evidence_text_excerpt": "No Minimum Balance\nNo minimum balance required.\nSafe and secure \u2013 eligible deposits are insured up to the maximum amount through the Canada Deposit Insurance Corporation (CDIC)\nWe make banking easy, accessible, and secure - wherever you are. ONLINE BANKING Bank 24 hours a day, 7 days a week. Pay your bills online and skip that trip to a mailbox or bank branch. MOBILE Get the full experience of online banking plus more. Whether you're checking your balances or depositing your cheques easily with Deposit Anywhere\u2122, do it all within your fingertips.\nAt Alterna, our members always come first. We\u2019ve always believed that being upfront and honest is the most respectful way to provide important information. That\u2019s why everything you need to know about our current service fees and account features can be found here:\nGet your bank accounts talking to each other with a few clicks. Available with",
          "source_document_id": "src-alterna-html-6cda0944b0b8066f",
          "source_snapshot_id": "snap-12920188148cf572",
          "citation_confidence": 0.55,
          "model_execution_id": "modelexec-4ff4fe1c7dcf612f",
          "anchor_type": "section",
          "anchor_value": "no-minimum-balance",
          "page_no": null,
          "chunk_index": 5
        },
        {
          "field_name": "application_method",
          "candidate_value": "ONLINE BANKING Bank 24 hours a day, 7 days a week.",
          "evidence_chunk_id": "chunk-683204e4d3895c4d",
          "evidence_text_excerpt": "No Minimum Balance\nNo minimum balance required.\nSafe and secure \u2013 eligible deposits are insured up to the maximum amount through the Canada Deposit Insurance Corporation (CDIC)\nWe make banking easy, accessible, and secure - wherever you are. ONLINE BANKING Bank 24 hours a day, 7 days a week. Pay your bills online and skip that trip to a mailbox or bank branch. MOBILE Get the full experience of online banking plus more. Whether you're checking your balances or depositing your cheques easily with Deposit Anywhere\u2122, do it all within your fingertips.\nAt Alterna, our members always come first. We\u2019ve always believed that being upfront and honest is the most respectful way to provide important information. That\u2019s why everything you need to know about our current service fees and account features can be found here:\nGet your bank accounts talking to each other with a few clicks. Available with",
          "source_document_id": "src-alterna-html-6cda0944b0b8066f",
          "source_snapshot_id": "snap-12920188148cf572",
          "citation_confidence": 0.66,
          "model_execution_id": "modelexec-4ff4fe1c7dcf612f",
          "anchor_type": "section",
          "anchor_value": "no-minimum-balance",
          "page_no": null,
          "chunk_index": 5
        },
        {
          "field_name": "tax_benefits",
          "candidate_value": "High Interest eSavings Overview High Interest eSavings No Fee eChequing TFSA eSavings RRSP eSavings Ways To Bank Saving made easy.",
          "evidence_chunk_id": "chunk-a5c7ffd5f289ce62",
          "evidence_text_excerpt": "High Interest eSavings\nOverview\nHigh Interest eSavings\nNo Fee eChequing\nTFSA eSavings\nRRSP eSavings\nWays To Bank\nSaving made easy. Earn high interest on every dollar without having it locked in for an extended period of time. There are no monthly fees and no minimum balance required.",
          "source_document_id": "src-alterna-html-6cda0944b0b8066f",
          "source_snapshot_id": "snap-12920188148cf572",
          "citation_confidence": 0.55,
          "model_execution_id": "modelexec-4ff4fe1c7dcf612f",
          "anchor_type": "section",
          "anchor_value": "high-interest-esavings",
          "page_no": null,
          "chunk_index": 1
        },
        {
          "field_name": "deposit_insurance",
          "candidate_value": "Safe and secure \u2013 eligible deposits are insured up to the maximum amount through the Canada Deposit Insurance Corporation (CDIC) We make banking easy, accessible, and secure - wherever you are.",
          "evidence_chunk_id": "chunk-683204e4d3895c4d",
          "evidence_text_excerpt": "No Minimum Balance\nNo minimum balance required.\nSafe and secure \u2013 eligible deposits are insured up to the maximum amount through the Canada Deposit Insurance Corporation (CDIC)\nWe make banking easy, accessible, and secure - wherever you are. ONLINE BANKING Bank 24 hours a day, 7 days a week. Pay your bills online and skip that trip to a mailbox or bank branch. MOBILE Get the full experience of online banking plus more. Whether you're checking your balances or depositing your cheques easily with Deposit Anywhere\u2122, do it all within your fingertips.\nAt Alterna, our members always come first. We\u2019ve always believed that being upfront and honest is the most respectful way to provide important information. That\u2019s why everything you need to know about our current service fees and account features can be found here:\nGet your bank accounts talking to each other with a few clicks. Available with",
          "source_document_id": "src-alterna-html-6cda0944b0b8066f",
          "source_snapshot_id": "snap-12920188148cf572",
          "citation_confidence": 0.85,
          "model_execution_id": "modelexec-4ff4fe1c7dcf612f",
          "anchor_type": "section",
          "anchor_value": "no-minimum-balance",
          "page_no": null,
          "chunk_index": 5
        },
        {
          "field_name": "interest_calculation_method",
          "candidate_value": "Interest is calculated daily on the closing balance and paid monthly.",
          "evidence_chunk_id": "chunk-2fe9f8e7e0a3bcab",
          "evidence_text_excerpt": "Legal\n*Interest rate is annualized and subject to change without notice. Interest is calculated daily on the closing balance and paid monthly. High Interest eSavings Accounts and rates are only available for purchase online. Due to local and proxy caching on the Internet, please ensure that you are viewing rates as at the current day's date.\nMaximum balance per customer is $250,000 (plus accrued interest).\nClick here for our FAQs on Account Limits.\n\u200b\u200b\nCS Alterna Bank is a member of Canada Deposit Insurance Corporation (CDIC) .",
          "source_document_id": "src-alterna-html-6cda0944b0b8066f",
          "source_snapshot_id": "snap-12920188148cf572",
          "citation_confidence": 0.97,
          "model_execution_id": "modelexec-4ff4fe1c7dcf612f",
          "anchor_type": "section",
          "anchor_value": "legal",
          "page_no": null,
          "chunk_index": 8
        },
        {
          "field_name": "interest_payment_frequency",
          "candidate_value": "monthly",
          "evidence_chunk_id": "chunk-2fe9f8e7e0a3bcab",
          "evidence_text_excerpt": "Legal\n*Interest rate is annualized and subject to change without notice. Interest is calculated daily on the closing balance and paid monthly. High Interest eSavings Accounts and rates are only available for purchase online. Due to local and proxy caching on the Internet, please ensure that you are viewing rates as at the current day's date.\nMaximum balance per customer is $250,000 (plus accrued interest).\nClick here for our FAQs on Account Limits.\n\u200b\u200b\nCS Alterna Bank is a member of Canada Deposit Insurance Corporation (CDIC) .",
          "source_document_id": "src-alterna-html-6cda0944b0b8066f",
          "source_snapshot_id": "snap-12920188148cf572",
          "citation_confidence": 0.78,
          "model_execution_id": "modelexec-4ff4fe1c7dcf612f",
          "anchor_type": "section",
          "anchor_value": "legal",
          "page_no": null,
          "chunk_index": 8
        },
        {
          "field_name": "registered_flag",
          "candidate_value": "true",
          "evidence_chunk_id": "chunk-a5c7ffd5f289ce62",
          "evidence_text_excerpt": "High Interest eSavings\nOverview\nHigh Interest eSavings\nNo Fee eChequing\nTFSA eSavings\nRRSP eSavings\nWays To Bank\nSaving made easy. Earn high interest on every dollar without having it locked in for an extended period of time. There are no monthly fees and no minimum balance required.",
          "source_document_id": "src-alterna-html-6cda0944b0b8066f",
          "source_snapshot_id": "snap-12920188148cf572",
          "citation_confidence": 0.55,
          "model_execution_id": "modelexec-4ff4fe1c7dcf612f",
          "anchor_type": "section",
          "anchor_value": "high-interest-esavings",
          "page_no": null,
          "chunk_index": 1
        },
        {
          "field_name": "notes",
          "candidate_value": "We\u2019ve always believed that being upfront and honest is the most respectful way to provide important information.",
          "evidence_chunk_id": "chunk-683204e4d3895c4d",
          "evidence_text_excerpt": "No Minimum Balance\nNo minimum balance required.\nSafe and secure \u2013 eligible deposits are insured up to the maximum amount through the Canada Deposit Insurance Corporation (CDIC)\nWe make banking easy, accessible, and secure - wherever you are. ONLINE BANKING Bank 24 hours a day, 7 days a week. Pay your bills online and skip that trip to a mailbox or bank branch. MOBILE Get the full experience of online banking plus more. Whether you're checking your balances or depositing your cheques easily with Deposit Anywhere\u2122, do it all within your fingertips.\nAt Alterna, our members always come first. We\u2019ve always believed that being upfront and honest is the most respectful way to provide important information. That\u2019s why everything you need to know about our current service fees and account features can be found here:\nGet your bank accounts talking to each other with a few clicks. Available with",
          "source_document_id": "src-alterna-html-6cda0944b0b8066f",
          "source_snapshot_id": "snap-12920188148cf572",
          "citation_confidence": 0.55,
          "model_execution_id": "modelexec-4ff4fe1c7dcf612f",
          "anchor_type": "section",
          "anchor_value": "no-minimum-balance",
          "page_no": null,
          "chunk_index": 5
        }
      ],
      "run_source_item_record": {
        "run_source_item_id": "rsi-9804ac5d6147ab1c",
        "run_id": "run_20260714_054000_alterna_savings_collect_ZmOeKRxB",
        "source_document_id": "src-alterna-html-6cda0944b0b8066f",
        "selected_snapshot_id": "snap-12920188148cf572",
        "stage_status": "completed",
        "warning_count": 0,
        "error_count": 0,
        "error_summary": null,
        "stage_metadata": {
          "extraction_action": "stored",
          "parsed_document_id": "parsed-08444bffdc8e8a0b",
          "model_execution_id": "modelexec-4ff4fe1c7dcf612f",
          "extracted_storage_key": "dev/extracted/CA/ALTERNA/src-alterna-html-6cda0944b0b8066f/parsed-08444bffdc8e8a0b/extracted.json",
          "metadata_storage_key": "dev/extracted/CA/ALTERNA/src-alterna-html-6cda0944b0b8066f/parsed-08444bffdc8e8a0b/metadata.json",
          "extracted_field_count": 19,
          "evidence_link_count": 11,
          "runtime_notes": [],
          "correlation_id": "corr_G2N1RWFkeqPtIXbD",
          "request_id": "req_9fdab963e997443a80ec4fb7cb5f1775"
        }
      }
    }
  ],
  "runtime": {
    "env_file": "D:\\10 Development\\10 \uac1c\uc778\ud504\ub85c\uc81d\ud2b8\\70. Mybank\\workspace\\.env.dev",
    "loaded_env_key_count": 51,
    "persist_db": true,
    "trigger_type": "admin_source_collection",
    "triggered_by": "kylee1112@hotmail.com",
    "database_schema": "public",
    "storage_driver": "s3"
  },
  "persistence": {
    "run_id": "run_20260714_054000_alterna_savings_collect_ZmOeKRxB",
    "run_state": "completed",
    "model_execution_count": 1,
    "usage_record_count": 1,
    "run_source_item_count": 1,
    "extracted_draft_count": 1,
    "source_success_count": 1,
    "source_failure_count": 0,
    "partial_completion_flag": false,
    "completed_at": "2026-07-14T05:40:47.332479+00:00"
  }
}
[source-collection-runner] launching stage fpds_normalization with timeout 1800s
warning: `VIRTUAL_ENV=api\service\.venv` does not match the project environment path `.venv` and will be ignored; use `--active` to target the active environment instead
{
  "run_id": "run_20260714_054000_alterna_savings_collect_ZmOeKRxB",
  "correlation_id": "corr_G2N1RWFkeqPtIXbD",
  "request_id": "req_9fdab963e997443a80ec4fb7cb5f1775",
  "partial_completion_flag": false,
  "stats": {
    "source_total": 1,
    "stored_count": 1,
    "failed_count": 0,
    "candidate_count": 1,
    "field_evidence_link_count": 11
  },
  "source_results": [
    {
      "source_id": "AUTO-ALTERNA-SAV-1518db2454",
      "source_document_id": "src-alterna-html-6cda0944b0b8066f",
      "snapshot_id": "snap-12920188148cf572",
      "parsed_document_id": "parsed-08444bffdc8e8a0b",
      "extraction_model_execution_id": "modelexec-4ff4fe1c7dcf612f",
      "normalization_action": "stored",
      "candidate_id": "cand-e19255488c3ee953",
      "normalization_model_execution_id": "modelexec-fba5af9ec001441d",
      "normalized_storage_key": "dev/normalized/CA/ALTERNA/src-alterna-html-6cda0944b0b8066f/cand-e19255488c3ee953/normalized.json",
      "metadata_storage_key": "dev/normalized/CA/ALTERNA/src-alterna-html-6cda0944b0b8066f/cand-e19255488c3ee953/metadata.json",
      "validation_status": "error",
      "validation_issue_codes": [
        "required_field_missing"
      ],
      "source_confidence": 0.5945,
      "runtime_notes": [],
      "error_summary": null,
      "field_evidence_link_count": 11,
      "run_source_item_record": {
        "run_source_item_id": "rsi-9804ac5d6147ab1c",
        "run_id": "run_20260714_054000_alterna_savings_collect_ZmOeKRxB",
        "source_document_id": "src-alterna-html-6cda0944b0b8066f",
        "selected_snapshot_id": "snap-12920188148cf572",
        "stage_status": "completed",
        "warning_count": 0,
        "error_count": 0,
        "error_summary": null,
        "stage_metadata": {
          "normalization_action": "stored",
          "candidate_id": "cand-e19255488c3ee953",
          "candidate_key": null,
          "normalization_model_execution_id": "modelexec-fba5af9ec001441d",
          "extraction_model_execution_id": "modelexec-4ff4fe1c7dcf612f",
          "normalized_storage_key": "dev/normalized/CA/ALTERNA/src-alterna-html-6cda0944b0b8066f/cand-e19255488c3ee953/normalized.json",
          "metadata_storage_key": "dev/normalized/CA/ALTERNA/src-alterna-html-6cda0944b0b8066f/cand-e19255488c3ee953/metadata.json",
          "validation_status": "error",
          "validation_issue_codes": [
            "required_field_missing"
          ],
          "source_confidence": 0.5945,
          "field_evidence_link_count": 11,
          "runtime_notes": [],
          "correlation_id": "corr_G2N1RWFkeqPtIXbD",
          "request_id": "req_9fdab963e997443a80ec4fb7cb5f1775"
        }
      }
    }
  ],
  "runtime": {
    "env_file": "D:\\10 Development\\10 \uac1c\uc778\ud504\ub85c\uc81d\ud2b8\\70. Mybank\\workspace\\.env.dev",
    "loaded_env_key_count": 51,
    "persist_db": true,
    "trigger_type": "admin_source_collection",
    "triggered_by": "kylee1112@hotmail.com",
    "database_schema": "public",
    "storage_driver": "s3"
  },
  "persistence": {
    "run_id": "run_20260714_054000_alterna_savings_collect_ZmOeKRxB",
    "run_state": "completed",
    "candidate_count": 1,
    "field_evidence_link_count": 11,
    "model_execution_count": 1,
    "usage_record_count": 1,
    "run_source_item_count": 1,
    "source_success_count": 1,
    "source_failure_count": 0,
    "partial_completion_flag": false,
    "completed_at": "2026-07-14T05:40:59.920384+00:00"
  }
}
[source-collection-runner] launching stage fpds_validation_routing with timeout 1800s
warning: `VIRTUAL_ENV=api\service\.venv` does not match the project environment path `.venv` and will be ignored; use `--active` to target the active environment instead
{
  "run_id": "run_20260714_054000_alterna_savings_collect_ZmOeKRxB",
  "correlation_id": "corr_G2N1RWFkeqPtIXbD",
  "request_id": "req_9fdab963e997443a80ec4fb7cb5f1775",
  "routing_mode": "phase1",
  "partial_completion_flag": false,
  "stats": {
    "source_total": 1,
    "queued_count": 1,
    "auto_validated_count": 0,
    "failed_count": 0,
    "review_task_count": 1
  },
  "source_results": [
    {
      "source_id": "AUTO-ALTERNA-SAV-1518db2454",
      "source_document_id": "src-alterna-html-6cda0944b0b8066f",
      "snapshot_id": "snap-12920188148cf572",
      "parsed_document_id": "parsed-08444bffdc8e8a0b",
      "candidate_id": "cand-e19255488c3ee953",
      "candidate_run_id": "run_20260714_054000_alterna_savings_collect_ZmOeKRxB",
      "validation_action": "review_queued",
      "validation_model_execution_id": "modelexec-33082e1c24fa60ae",
      "validation_storage_key": "dev/validated/CA/ALTERNA/src-alterna-html-6cda0944b0b8066f/cand-e19255488c3ee953/validation-routing.json",
      "metadata_storage_key": "dev/validated/CA/ALTERNA/src-alterna-html-6cda0944b0b8066f/cand-e19255488c3ee953/metadata.json",
      "review_task_id": "review-aa75d420681159af",
      "validation_status": "error",
      "validation_issue_codes": [
        "required_field_missing"
      ],
      "source_confidence": 0.6851,
      "candidate_state": "in_review",
      "review_reason_code": "validation_error",
      "queue_reason_codes": [
        "validation_error",
        "required_field_missing",
        "low_confidence"
      ],
      "runtime_notes": [
        "Candidate routed to review in `phase1` mode with primary reason `validation_error`."
      ],
      "error_summary": null,
      "run_source_item_record": {
        "run_source_item_id": "rsi-9804ac5d6147ab1c",
        "run_id": "run_20260714_054000_alterna_savings_collect_ZmOeKRxB",
        "source_document_id": "src-alterna-html-6cda0944b0b8066f",
        "selected_snapshot_id": "snap-12920188148cf572",
        "stage_status": "completed",
        "warning_count": 1,
        "error_count": 0,
        "error_summary": null,
        "stage_metadata": {
          "validation_action": "review_queued",
          "candidate_id": "cand-e19255488c3ee953",
          "candidate_run_id": "run_20260714_054000_alterna_savings_collect_ZmOeKRxB",
          "validation_model_execution_id": "modelexec-33082e1c24fa60ae",
          "normalization_model_execution_id": "modelexec-fba5af9ec001441d",
          "validation_storage_key": "dev/validated/CA/ALTERNA/src-alterna-html-6cda0944b0b8066f/cand-e19255488c3ee953/validation-routing.json",
          "metadata_storage_key": "dev/validated/CA/ALTERNA/src-alterna-html-6cda0944b0b8066f/cand-e19255488c3ee953/metadata.json",
          "validation_status": "error",
          "validation_issue_codes": [
            "required_field_missing"
          ],
          "source_confidence": 0.6851,
          "candidate_state": "in_review",
          "review_reason_code": "validation_error",
          "queue_reason_codes": [
            "validation_error",
            "required_field_missing",
            "low_confidence"
          ],
          "review_task_id": "review-aa75d420681159af",
          "runtime_notes": [
            "Candidate routed to review in `phase1` mode with primary reason `validation_error`."
          ],
          "correlation_id": "corr_G2N1RWFkeqPtIXbD",
          "request_id": "req_9fdab963e997443a80ec4fb7cb5f1775"
        }
      }
    }
  ],
  "runtime": {
    "env_file": "D:\\10 Development\\10 \uac1c\uc778\ud504\ub85c\uc81d\ud2b8\\70. Mybank\\workspace\\.env.dev",
    "loaded_env_key_count": 51,
    "persist_db": true,
    "trigger_type": "admin_source_collection",
    "triggered_by": "kylee1112@hotmail.com",
    "routing_mode": "phase1",
    "database_schema": "public",
    "storage_driver": "s3"
  },
  "persistence": {
    "run_id": "run_20260714_054000_alterna_savings_collect_ZmOeKRxB",
    "run_state": "completed",
    "candidate_count": 1,
    "review_task_count": 1,
    "review_queued_count": 1,
    "auto_validated_count": 0,
    "model_execution_count": 1,
    "usage_record_count": 1,
    "run_source_item_count": 1,
    "source_success_count": 1,
    "source_failure_count": 0,
    "partial_completion_flag": false,
    "completed_at": "2026-07-14T05:41:13.191870+00:00"
  }
}
[source-collection-runner] run run_20260714_054000_alterna_savings_collect_ZmOeKRxB completed downstream stages
[source-catalog-runner] finished run run_20260714_054000_alterna_savings_collect_ZmOeKRxB
