[source-catalog-runner] starting run run_20260714_053944_alterna_chequing_collect_e42liyml for ALTERNA chequing
[source-collection-runner] run run_20260714_053944_alterna_chequing_collect_e42liyml starting snapshot for 2 source(s)
[source-collection-runner] launching stage fpds_snapshot with timeout 1800s
warning: `VIRTUAL_ENV=api\service\.venv` does not match the project environment path `.venv` and will be ignored; use `--active` to target the active environment instead
{
  "run_id": "run_20260714_053944_alterna_chequing_collect_e42liyml",
  "correlation_id": "corr_qml7IQoFsVhGi3Zb",
  "request_id": "req_51be886524604db2ae4a927800bb432c",
  "partial_completion_flag": false,
  "stats": {
    "source_total": 2,
    "stored_count": 2,
    "reused_count": 0,
    "failed_count": 0
  },
  "source_results": [
    {
      "source_id": "AUTO-ALTERNA-CHE-03ef951eca",
      "source_document_id": "src-alterna-html-4994ca1af9c14ade",
      "snapshot_action": "stored",
      "attempt_count": 1,
      "snapshot_id": "snap-8353926aff6050c7",
      "object_storage_key": "dev/snapshots/CA/ALTERNA/src-alterna-html-4994ca1af9c14ade/snap-8353926aff6050c7/raw",
      "checksum": "25554eab4efe880623ae3bf4f53393e8cae64f56bd4a561e6ddc93dfabfcff93",
      "fingerprint": "c5b3ffc75d5d11c22eef887cf1eede3bd8fc40da20f86f24e2d9767f14ae4772",
      "content_type": "text/html",
      "fetch_status": "fetched",
      "fetched_at": "2026-07-14T05:40:12.025315+00:00",
      "error_summary": null,
      "source_snapshot_record": {
        "snapshot_id": "snap-8353926aff6050c7",
        "source_document_id": "src-alterna-html-4994ca1af9c14ade",
        "object_storage_key": "dev/snapshots/CA/ALTERNA/src-alterna-html-4994ca1af9c14ade/snap-8353926aff6050c7/raw",
        "content_type": "text/html",
        "checksum": "25554eab4efe880623ae3bf4f53393e8cae64f56bd4a561e6ddc93dfabfcff93",
        "fingerprint": "c5b3ffc75d5d11c22eef887cf1eede3bd8fc40da20f86f24e2d9767f14ae4772",
        "fetch_status": "fetched",
        "response_metadata": {
          "source_id": "AUTO-ALTERNA-CHE-03ef951eca",
          "request_url": "https://www.alternabank.ca/en/personal/accounts/no-fee-echequing",
          "final_url": "https://www.alternabank.ca/en/personal/accounts/no-fee-echequing",
          "status_code": 200,
          "content_length": 100413,
          "content_type": "text/html",
          "redirect_count": 0,
          "etag": null,
          "last_modified": null,
          "cache_control": "max-age=60, private",
          "attempt_count": 1
        },
        "retention_class": "hot",
        "fetched_at": "2026-07-14T05:40:12.025315+00:00"
      },
      "run_source_item_record": {
        "run_source_item_id": "rsi-95ae724a7055750d",
        "run_id": "run_20260714_053944_alterna_chequing_collect_e42liyml",
        "source_document_id": "src-alterna-html-4994ca1af9c14ade",
        "selected_snapshot_id": "snap-8353926aff6050c7",
        "stage_status": "completed",
        "warning_count": 0,
        "error_count": 0,
        "error_summary": null,
        "stage_metadata": {
          "snapshot_action": "stored",
          "request_id": "req_51be886524604db2ae4a927800bb432c",
          "content_type": "text/html",
          "checksum": "25554eab4efe880623ae3bf4f53393e8cae64f56bd4a561e6ddc93dfabfcff93",
          "fingerprint": "c5b3ffc75d5d11c22eef887cf1eede3bd8fc40da20f86f24e2d9767f14ae4772",
          "object_storage_key": "dev/snapshots/CA/ALTERNA/src-alterna-html-4994ca1af9c14ade/snap-8353926aff6050c7/raw",
          "correlation_id": "corr_qml7IQoFsVhGi3Zb",
          "attempt_count": 1,
          "preflight_status": "ok",
          "preflight_issue_codes": []
        }
      }
    },
    {
      "source_id": "AUTO-ALTERNA-CHE-cfda0405eb",
      "source_document_id": "src-alterna-html-771a99e4531261fb",
      "snapshot_action": "stored",
      "attempt_count": 1,
      "snapshot_id": "snap-a86df891502f2a87",
      "object_storage_key": "dev/snapshots/CA/ALTERNA/src-alterna-html-771a99e4531261fb/snap-a86df891502f2a87/raw",
      "checksum": "47ee5c328ecdf47950ed71357f149198b54fde7cfa1c216b94d931a4ca41dc43",
      "fingerprint": "818d4df613330d461f02be9c437ac5b4380f1f5722a34742c0915e61b281b9c3",
      "content_type": "text/html",
      "fetch_status": "fetched",
      "fetched_at": "2026-07-14T05:40:12.024835+00:00",
      "error_summary": null,
      "source_snapshot_record": {
        "snapshot_id": "snap-a86df891502f2a87",
        "source_document_id": "src-alterna-html-771a99e4531261fb",
        "object_storage_key": "dev/snapshots/CA/ALTERNA/src-alterna-html-771a99e4531261fb/snap-a86df891502f2a87/raw",
        "content_type": "text/html",
        "checksum": "47ee5c328ecdf47950ed71357f149198b54fde7cfa1c216b94d931a4ca41dc43",
        "fingerprint": "818d4df613330d461f02be9c437ac5b4380f1f5722a34742c0915e61b281b9c3",
        "fetch_status": "fetched",
        "response_metadata": {
          "source_id": "AUTO-ALTERNA-CHE-cfda0405eb",
          "request_url": "https://www.alternabank.ca/en/small-business/business-services/account-small-business-echequing",
          "final_url": "https://www.alternabank.ca/en/small-business/business-services/account-small-business-echequing",
          "status_code": 200,
          "content_length": 97720,
          "content_type": "text/html",
          "redirect_count": 0,
          "etag": null,
          "last_modified": null,
          "cache_control": "max-age=60, private",
          "attempt_count": 1
        },
        "retention_class": "hot",
        "fetched_at": "2026-07-14T05:40:12.024835+00:00"
      },
      "run_source_item_record": {
        "run_source_item_id": "rsi-858d31cb260dcc2b",
        "run_id": "run_20260714_053944_alterna_chequing_collect_e42liyml",
        "source_document_id": "src-alterna-html-771a99e4531261fb",
        "selected_snapshot_id": "snap-a86df891502f2a87",
        "stage_status": "completed",
        "warning_count": 0,
        "error_count": 0,
        "error_summary": null,
        "stage_metadata": {
          "snapshot_action": "stored",
          "request_id": "req_51be886524604db2ae4a927800bb432c",
          "content_type": "text/html",
          "checksum": "47ee5c328ecdf47950ed71357f149198b54fde7cfa1c216b94d931a4ca41dc43",
          "fingerprint": "818d4df613330d461f02be9c437ac5b4380f1f5722a34742c0915e61b281b9c3",
          "object_storage_key": "dev/snapshots/CA/ALTERNA/src-alterna-html-771a99e4531261fb/snap-a86df891502f2a87/raw",
          "correlation_id": "corr_qml7IQoFsVhGi3Zb",
          "attempt_count": 1,
          "preflight_status": "ok",
          "preflight_issue_codes": []
        }
      }
    }
  ],
  "preflight": {
    "run_id": "run_20260714_053944_alterna_chequing_collect_e42liyml",
    "correlation_id": "corr_qml7IQoFsVhGi3Zb",
    "request_id": "req_51be886524604db2ae4a927800bb432c",
    "stats": {
      "source_total": 2,
      "ok_count": 2,
      "warning_count": 0,
      "error_count": 0,
      "issue_total": 0
    },
    "source_checks": [
      {
        "source_id": "AUTO-ALTERNA-CHE-03ef951eca",
        "source_document_id": "src-alterna-html-4994ca1af9c14ade",
        "expected_url": "https://www.alternabank.ca/en/personal/accounts/no-fee-echequing",
        "expected_source_type": "html",
        "status": "ok",
        "fetched_at": "2026-07-14T05:40:11.034724+00:00",
        "final_url": "https://www.alternabank.ca/en/personal/accounts/no-fee-echequing",
        "normalized_final_url": "https://www.alternabank.ca/en/personal/accounts/no-fee-echequing",
        "status_code": 200,
        "content_type": "text/html",
        "redirect_count": 0,
        "error_summary": null,
        "issues": []
      },
      {
        "source_id": "AUTO-ALTERNA-CHE-cfda0405eb",
        "source_document_id": "src-alterna-html-771a99e4531261fb",
        "expected_url": "https://www.alternabank.ca/en/small-business/business-services/account-small-business-echequing",
        "expected_source_type": "html",
        "status": "ok",
        "fetched_at": "2026-07-14T05:40:11.486044+00:00",
        "final_url": "https://www.alternabank.ca/en/small-business/business-services/account-small-business-echequing",
        "normalized_final_url": "https://www.alternabank.ca/en/small-business/business-services/account-small-business-echequing",
        "status_code": 200,
        "content_type": "text/html",
        "redirect_count": 0,
        "error_summary": null,
        "issues": []
      }
    ]
  },
  "runtime": {
    "env_file": "D:\\10 Development\\10 \uac1c\uc778\ud504\ub85c\uc81d\ud2b8\\70. Mybank\\workspace\\.env.dev",
    "loaded_env_key_count": 51,
    "persist_db": true,
    "trigger_type": "admin_source_collection",
    "triggered_by": "kylee1112@hotmail.com",
    "database_schema": "public",
    "storage_driver": "s3",
    "source_fetch_timeout_seconds": 45,
    "source_fetch_concurrency": 4,
    "preflight_drift_check_enabled": true
  },
  "persistence": {
    "run_id": "run_20260714_053944_alterna_chequing_collect_e42liyml",
    "run_state": "completed",
    "source_document_count": 2,
    "stored_snapshot_count": 2,
    "run_source_item_count": 2,
    "source_success_count": 2,
    "source_failure_count": 0,
    "partial_completion_flag": false,
    "started_at": "2026-07-14T05:40:09.568185+00:00",
    "completed_at": "2026-07-14T05:40:19.194556+00:00"
  }
}
[source-collection-runner] run run_20260714_053944_alterna_chequing_collect_e42liyml continuing with 2 successful snapshot source(s)
[source-collection-runner] launching stage fpds_parse_chunk with timeout 1800s
warning: `VIRTUAL_ENV=api\service\.venv` does not match the project environment path `.venv` and will be ignored; use `--active` to target the active environment instead
{
  "run_id": "run_20260714_053944_alterna_chequing_collect_e42liyml",
  "correlation_id": "corr_qml7IQoFsVhGi3Zb",
  "request_id": "req_51be886524604db2ae4a927800bb432c",
  "partial_completion_flag": false,
  "stats": {
    "source_total": 2,
    "stored_count": 2,
    "reused_count": 0,
    "failed_count": 0
  },
  "source_results": [
    {
      "source_id": "AUTO-ALTERNA-CHE-03ef951eca",
      "source_document_id": "src-alterna-html-4994ca1af9c14ade",
      "snapshot_id": "snap-8353926aff6050c7",
      "parse_action": "stored",
      "parsed_document_id": "parsed-03f6685e0d14a6af",
      "parsed_storage_key": "dev/parsed/CA/ALTERNA/src-alterna-html-4994ca1af9c14ade/parsed-03f6685e0d14a6af/parsed.txt",
      "metadata_storage_key": "dev/parsed/CA/ALTERNA/src-alterna-html-4994ca1af9c14ade/parsed-03f6685e0d14a6af/metadata.json",
      "chunk_count": 11,
      "parse_quality_note": null,
      "error_summary": null,
      "run_source_item_record": {
        "run_source_item_id": "rsi-95ae724a7055750d",
        "run_id": "run_20260714_053944_alterna_chequing_collect_e42liyml",
        "source_document_id": "src-alterna-html-4994ca1af9c14ade",
        "selected_snapshot_id": "snap-8353926aff6050c7",
        "stage_status": "completed",
        "warning_count": 0,
        "error_count": 0,
        "error_summary": null,
        "stage_metadata": {
          "parse_action": "stored",
          "parsed_document_id": "parsed-03f6685e0d14a6af",
          "parsed_storage_key": "dev/parsed/CA/ALTERNA/src-alterna-html-4994ca1af9c14ade/parsed-03f6685e0d14a6af/parsed.txt",
          "metadata_storage_key": "dev/parsed/CA/ALTERNA/src-alterna-html-4994ca1af9c14ade/parsed-03f6685e0d14a6af/metadata.json",
          "chunk_count": 11,
          "parse_quality_note": null,
          "parser_version": "fpds-parse-chunk-v1",
          "correlation_id": "corr_qml7IQoFsVhGi3Zb",
          "request_id": "req_51be886524604db2ae4a927800bb432c"
        }
      }
    },
    {
      "source_id": "AUTO-ALTERNA-CHE-cfda0405eb",
      "source_document_id": "src-alterna-html-771a99e4531261fb",
      "snapshot_id": "snap-a86df891502f2a87",
      "parse_action": "stored",
      "parsed_document_id": "parsed-e8adc45530782629",
      "parsed_storage_key": "dev/parsed/CA/ALTERNA/src-alterna-html-771a99e4531261fb/parsed-e8adc45530782629/parsed.txt",
      "metadata_storage_key": "dev/parsed/CA/ALTERNA/src-alterna-html-771a99e4531261fb/parsed-e8adc45530782629/metadata.json",
      "chunk_count": 11,
      "parse_quality_note": null,
      "error_summary": null,
      "run_source_item_record": {
        "run_source_item_id": "rsi-858d31cb260dcc2b",
        "run_id": "run_20260714_053944_alterna_chequing_collect_e42liyml",
        "source_document_id": "src-alterna-html-771a99e4531261fb",
        "selected_snapshot_id": "snap-a86df891502f2a87",
        "stage_status": "completed",
        "warning_count": 0,
        "error_count": 0,
        "error_summary": null,
        "stage_metadata": {
          "parse_action": "stored",
          "parsed_document_id": "parsed-e8adc45530782629",
          "parsed_storage_key": "dev/parsed/CA/ALTERNA/src-alterna-html-771a99e4531261fb/parsed-e8adc45530782629/parsed.txt",
          "metadata_storage_key": "dev/parsed/CA/ALTERNA/src-alterna-html-771a99e4531261fb/parsed-e8adc45530782629/metadata.json",
          "chunk_count": 11,
          "parse_quality_note": null,
          "parser_version": "fpds-parse-chunk-v1",
          "correlation_id": "corr_qml7IQoFsVhGi3Zb",
          "request_id": "req_51be886524604db2ae4a927800bb432c"
        }
      }
    }
  ],
  "runtime": {
    "env_file": "D:\\10 Development\\10 \uac1c\uc778\ud504\ub85c\uc81d\ud2b8\\70. Mybank\\workspace\\.env.dev",
    "loaded_env_key_count": 51,
    "persist_db": true,
    "trigger_type": "admin_source_collection",
    "triggered_by": "kylee1112@hotmail.com",
    "database_schema": "public",
    "storage_driver": "s3"
  },
  "persistence": {
    "run_id": "run_20260714_053944_alterna_chequing_collect_e42liyml",
    "run_state": "completed",
    "parsed_document_count": 2,
    "evidence_chunk_count": 22,
    "run_source_item_count": 2,
    "source_success_count": 2,
    "source_failure_count": 0,
    "partial_completion_flag": false,
    "completed_at": "2026-07-14T05:40:44.019343+00:00"
  }
}
[source-collection-runner] launching stage fpds_extraction with timeout 1800s
warning: `VIRTUAL_ENV=api\service\.venv` does not match the project environment path `.venv` and will be ignored; use `--active` to target the active environment instead
{
  "run_id": "run_20260714_053944_alterna_chequing_collect_e42liyml",
  "correlation_id": "corr_qml7IQoFsVhGi3Zb",
  "request_id": "req_51be886524604db2ae4a927800bb432c",
  "partial_completion_flag": false,
  "stats": {
    "source_total": 2,
    "stored_count": 2,
    "failed_count": 0,
    "extracted_field_count": 35,
    "evidence_link_count": 19
  },
  "source_results": [
    {
      "source_id": "AUTO-ALTERNA-CHE-03ef951eca",
      "source_document_id": "src-alterna-html-4994ca1af9c14ade",
      "snapshot_id": "snap-8353926aff6050c7",
      "parsed_document_id": "parsed-03f6685e0d14a6af",
      "extraction_action": "stored",
      "model_execution_id": "modelexec-49488c991f6c5da2",
      "extracted_storage_key": "dev/extracted/CA/ALTERNA/src-alterna-html-4994ca1af9c14ade/parsed-03f6685e0d14a6af/extracted.json",
      "metadata_storage_key": "dev/extracted/CA/ALTERNA/src-alterna-html-4994ca1af9c14ade/parsed-03f6685e0d14a6af/metadata.json",
      "runtime_notes": [],
      "error_summary": null,
      "extracted_fields": [
        {
          "field_name": "product_family",
          "candidate_value": "deposit",
          "value_type": "string",
          "confidence": 0.99,
          "extraction_method": "derived_context",
          "source_document_id": "src-alterna-html-4994ca1af9c14ade",
          "source_snapshot_id": "snap-8353926aff6050c7",
          "evidence_chunk_id": null,
          "evidence_text_excerpt": null,
          "anchor_type": null,
          "anchor_value": null,
          "page_no": null,
          "chunk_index": null,
          "field_metadata": {
            "derived_field": true
          }
        },
        {
          "field_name": "product_type",
          "candidate_value": "chequing",
          "value_type": "string",
          "confidence": 0.99,
          "extraction_method": "derived_context",
          "source_document_id": "src-alterna-html-4994ca1af9c14ade",
          "source_snapshot_id": "snap-8353926aff6050c7",
          "evidence_chunk_id": null,
          "evidence_text_excerpt": null,
          "anchor_type": null,
          "anchor_value": null,
          "page_no": null,
          "chunk_index": null,
          "field_metadata": {
            "derived_field": true
          }
        },
        {
          "field_name": "bank_code",
          "candidate_value": "ALTERNA",
          "value_type": "string",
          "confidence": 0.99,
          "extraction_method": "derived_context",
          "source_document_id": "src-alterna-html-4994ca1af9c14ade",
          "source_snapshot_id": "snap-8353926aff6050c7",
          "evidence_chunk_id": null,
          "evidence_text_excerpt": null,
          "anchor_type": null,
          "anchor_value": null,
          "page_no": null,
          "chunk_index": null,
          "field_metadata": {
            "derived_field": true
          }
        },
        {
          "field_name": "country_code",
          "candidate_value": "CA",
          "value_type": "string",
          "confidence": 0.99,
          "extraction_method": "derived_context",
          "source_document_id": "src-alterna-html-4994ca1af9c14ade",
          "source_snapshot_id": "snap-8353926aff6050c7",
          "evidence_chunk_id": null,
          "evidence_text_excerpt": null,
          "anchor_type": null,
          "anchor_value": null,
          "page_no": null,
          "chunk_index": null,
          "field_metadata": {
            "derived_field": true
          }
        },
        {
          "field_name": "source_language",
          "candidate_value": "en",
          "value_type": "string",
          "confidence": 0.99,
          "extraction_method": "derived_context",
          "source_document_id": "src-alterna-html-4994ca1af9c14ade",
          "source_snapshot_id": "snap-8353926aff6050c7",
          "evidence_chunk_id": null,
          "evidence_text_excerpt": null,
          "anchor_type": null,
          "anchor_value": null,
          "page_no": null,
          "chunk_index": null,
          "field_metadata": {
            "derived_field": true
          }
        },
        {
          "field_name": "currency",
          "candidate_value": "CAD",
          "value_type": "string",
          "confidence": 0.99,
          "extraction_method": "derived_context",
          "source_document_id": "src-alterna-html-4994ca1af9c14ade",
          "source_snapshot_id": "snap-8353926aff6050c7",
          "evidence_chunk_id": null,
          "evidence_text_excerpt": null,
          "anchor_type": null,
          "anchor_value": null,
          "page_no": null,
          "chunk_index": null,
          "field_metadata": {
            "derived_field": true
          }
        },
        {
          "field_name": "product_name",
          "candidate_value": "Alterna Bank - No Fee eChequing",
          "value_type": "string",
          "confidence": 0.88,
          "extraction_method": "derived_title",
          "source_document_id": "src-alterna-html-4994ca1af9c14ade",
          "source_snapshot_id": "snap-8353926aff6050c7",
          "evidence_chunk_id": null,
          "evidence_text_excerpt": null,
          "anchor_type": null,
          "anchor_value": null,
          "page_no": null,
          "chunk_index": null,
          "field_metadata": {
            "derived_field": true
          }
        },
        {
          "field_name": "description_short",
          "candidate_value": "Accounts",
          "value_type": "string",
          "confidence": 0.7,
          "extraction_method": "derived_description",
          "source_document_id": "src-alterna-html-4994ca1af9c14ade",
          "source_snapshot_id": "snap-8353926aff6050c7",
          "evidence_chunk_id": null,
          "evidence_text_excerpt": null,
          "anchor_type": null,
          "anchor_value": null,
          "page_no": null,
          "chunk_index": null,
          "field_metadata": {
            "derived_field": true
          }
        },
        {
          "field_name": "monthly_fee",
          "candidate_value": "0.00",
          "value_type": "decimal",
          "confidence": 0.88,
          "extraction_method": "heuristic_money",
          "source_document_id": "src-alterna-html-4994ca1af9c14ade",
          "source_snapshot_id": "snap-8353926aff6050c7",
          "evidence_chunk_id": "chunk-42d383de36f57b63",
          "evidence_text_excerpt": "No Monthly Account Fees\nNo monthly fee; No minimum balance required\nFREE , unlimited day-to-day transactions 1\nFREE , unlimited Interac\u00ae e-Transfers\nAward-winning No-Fee eChequing Account\nAccess to over 3,300 ATMs in THE EXCHANGE\u00ae Network - Canada's largest ATM network, surcharge-free! In the United States, access 40,000 surcharge-free ATM\u2019s through the Allpoint Network .",
          "anchor_type": "section",
          "anchor_value": "no-monthly-account-fees",
          "page_no": null,
          "chunk_index": 3,
          "field_metadata": {
            "retrieval_mode": "metadata-only",
            "matched_keywords": [
              "account",
              "account fee",
              "fee",
              "monthly",
              "monthly fee"
            ]
          }
        },
        {
          "field_name": "public_display_fee",
          "candidate_value": "0.00",
          "value_type": "decimal",
          "confidence": 0.83,
          "extraction_method": "heuristic_money",
          "source_document_id": "src-alterna-html-4994ca1af9c14ade",
          "source_snapshot_id": "snap-8353926aff6050c7",
          "evidence_chunk_id": "chunk-42d383de36f57b63",
          "evidence_text_excerpt": "No Monthly Account Fees\nNo monthly fee; No minimum balance required\nFREE , unlimited day-to-day transactions 1\nFREE , unlimited Interac\u00ae e-Transfers\nAward-winning No-Fee eChequing Account\nAccess to over 3,300 ATMs in THE EXCHANGE\u00ae Network - Canada's largest ATM network, surcharge-free! In the United States, access 40,000 surcharge-free ATM\u2019s through the Allpoint Network .",
          "anchor_type": "section",
          "anchor_value": "no-monthly-account-fees",
          "page_no": null,
          "chunk_index": 3,
          "field_metadata": {
            "retrieval_mode": "metadata-only",
            "matched_keywords": [
              "account",
              "account fee",
              "fee",
              "monthly",
              "monthly fee"
            ]
          }
        },
        {
          "field_name": "minimum_balance",
          "candidate_value": "0.00",
          "value_type": "decimal",
          "confidence": 0.64,
          "extraction_method": "heuristic_money",
          "source_document_id": "src-alterna-html-4994ca1af9c14ade",
          "source_snapshot_id": "snap-8353926aff6050c7",
          "evidence_chunk_id": "chunk-725d13524db38a9f",
          "evidence_text_excerpt": "No Minimum Balance\nSafe and secure \u2013 eligible deposits are insured up to the maximum amount through the Canada Deposit Insurance Corporation (CDIC)\n0.05%* Annual Interest Rate.\nWe make banking easy, accessible, and secure - wherever you are. ONLINE BANKING Bank 24 hours a day, 7 days a week. Pay your bills online and skip that trip to a mailbox or bank branch. MOBILE Get the full experience of online banking plus more. Whether you're checking your balances or depositing your cheques easily with Deposit Anywhere\u2122, do it all within your fingertips.\nAt Alterna, our members always come first. We\u2019ve always believed that being upfront and honest is the most respectful way to provide important information. That\u2019s why everything you need to know about our current service fees and account features can be found here:\nGet your bank accounts talking to each other with a few clicks. Available with",
          "anchor_type": "section",
          "anchor_value": "no-minimum-balance",
          "page_no": null,
          "chunk_index": 4,
          "field_metadata": {
            "retrieval_mode": "metadata-only",
            "matched_keywords": [
              "balance",
              "minimum",
              "minimum balance"
            ]
          }
        },
        {
          "field_name": "eligibility_text",
          "candidate_value": "No Minimum Balance Safe and secure \u2013 eligible deposits are insured up to the maximum amount through the Canada Deposit Insurance Corporation (CDIC) 0.05%* Annual Interest Rate",
          "value_type": "string",
          "confidence": 0.55,
          "extraction_method": "heuristic_eligibility_text",
          "source_document_id": "src-alterna-html-4994ca1af9c14ade",
          "source_snapshot_id": "snap-8353926aff6050c7",
          "evidence_chunk_id": "chunk-725d13524db38a9f",
          "evidence_text_excerpt": "No Minimum Balance\nSafe and secure \u2013 eligible deposits are insured up to the maximum amount through the Canada Deposit Insurance Corporation (CDIC)\n0.05%* Annual Interest Rate.\nWe make banking easy, accessible, and secure - wherever you are. ONLINE BANKING Bank 24 hours a day, 7 days a week. Pay your bills online and skip that trip to a mailbox or bank branch. MOBILE Get the full experience of online banking plus more. Whether you're checking your balances or depositing your cheques easily with Deposit Anywhere\u2122, do it all within your fingertips.\nAt Alterna, our members always come first. We\u2019ve always believed that being upfront and honest is the most respectful way to provide important information. That\u2019s why everything you need to know about our current service fees and account features can be found here:\nGet your bank accounts talking to each other with a few clicks. Available with",
          "anchor_type": "section",
          "anchor_value": "no-minimum-balance",
          "page_no": null,
          "chunk_index": 4,
          "field_metadata": {
            "retrieval_mode": "metadata-only",
            "matched_keywords": [
              "can",
              "eligible"
            ]
          }
        },
        {
          "field_name": "application_method",
          "candidate_value": "ONLINE BANKING Bank 24 hours a day, 7 days a week.",
          "value_type": "string",
          "confidence": 0.66,
          "extraction_method": "heuristic_application_method",
          "source_document_id": "src-alterna-html-4994ca1af9c14ade",
          "source_snapshot_id": "snap-8353926aff6050c7",
          "evidence_chunk_id": "chunk-725d13524db38a9f",
          "evidence_text_excerpt": "No Minimum Balance\nSafe and secure \u2013 eligible deposits are insured up to the maximum amount through the Canada Deposit Insurance Corporation (CDIC)\n0.05%* Annual Interest Rate.\nWe make banking easy, accessible, and secure - wherever you are. ONLINE BANKING Bank 24 hours a day, 7 days a week. Pay your bills online and skip that trip to a mailbox or bank branch. MOBILE Get the full experience of online banking plus more. Whether you're checking your balances or depositing your cheques easily with Deposit Anywhere\u2122, do it all within your fingertips.\nAt Alterna, our members always come first. We\u2019ve always believed that being upfront and honest is the most respectful way to provide important information. That\u2019s why everything you need to know about our current service fees and account features can be found here:\nGet your bank accounts talking to each other with a few clicks. Available with",
          "anchor_type": "section",
          "anchor_value": "no-minimum-balance",
          "page_no": null,
          "chunk_index": 4,
          "field_metadata": {
            "retrieval_mode": "metadata-only",
            "matched_keywords": [
              "account",
              "branch",
              "mobile",
              "online"
            ]
          }
        },
        {
          "field_name": "tax_benefits",
          "candidate_value": "No-Fee eChequing Account Overview High Interest eSavings No Fee eChequing TFSA eSavings RRSP eSavings Ways To Bank Our chequing account offers you the convenience of day-to-day transactions while earning interest on your daily balance",
          "value_type": "string",
          "confidence": 0.55,
          "extraction_method": "heuristic_tax_benefits",
          "source_document_id": "src-alterna-html-4994ca1af9c14ade",
          "source_snapshot_id": "snap-8353926aff6050c7",
          "evidence_chunk_id": "chunk-f824966bd7da3252",
          "evidence_text_excerpt": "No-Fee eChequing Account\nOverview\nHigh Interest eSavings\nNo Fee eChequing\nTFSA eSavings\nRRSP eSavings\nWays To Bank\nOur chequing account offers you the convenience of day-to-day transactions while earning interest on your daily balance",
          "anchor_type": "section",
          "anchor_value": "no-fee-echequing-account",
          "page_no": null,
          "chunk_index": 1,
          "field_metadata": {
            "retrieval_mode": "metadata-only",
            "matched_keywords": [
              "rrsp",
              "tfsa"
            ]
          }
        },
        {
          "field_name": "deposit_insurance",
          "candidate_value": "No Minimum Balance Safe and secure \u2013 eligible deposits are insured up to the maximum amount through the Canada Deposit Insurance Corporation (CDIC) 0.05%* Annual Interest Rate.",
          "value_type": "string",
          "confidence": 0.85,
          "extraction_method": "heuristic_deposit_insurance",
          "source_document_id": "src-alterna-html-4994ca1af9c14ade",
          "source_snapshot_id": "snap-8353926aff6050c7",
          "evidence_chunk_id": "chunk-725d13524db38a9f",
          "evidence_text_excerpt": "No Minimum Balance\nSafe and secure \u2013 eligible deposits are insured up to the maximum amount through the Canada Deposit Insurance Corporation (CDIC)\n0.05%* Annual Interest Rate.\nWe make banking easy, accessible, and secure - wherever you are. ONLINE BANKING Bank 24 hours a day, 7 days a week. Pay your bills online and skip that trip to a mailbox or bank branch. MOBILE Get the full experience of online banking plus more. Whether you're checking your balances or depositing your cheques easily with Deposit Anywhere\u2122, do it all within your fingertips.\nAt Alterna, our members always come first. We\u2019ve always believed that being upfront and honest is the most respectful way to provide important information. That\u2019s why everything you need to know about our current service fees and account features can be found here:\nGet your bank accounts talking to each other with a few clicks. Available with",
          "anchor_type": "section",
          "anchor_value": "no-minimum-balance",
          "page_no": null,
          "chunk_index": 4,
          "field_metadata": {
            "retrieval_mode": "metadata-only",
            "matched_keywords": [
              "canada",
              "cdic",
              "corporation",
              "deposit",
              "deposit insurance",
              "insurance",
              "insured"
            ]
          }
        },
        {
          "field_name": "unlimited_transactions_flag",
          "candidate_value": true,
          "value_type": "boolean",
          "confidence": 0.55,
          "extraction_method": "heuristic_flag",
          "source_document_id": "src-alterna-html-4994ca1af9c14ade",
          "source_snapshot_id": "snap-8353926aff6050c7",
          "evidence_chunk_id": "chunk-42d383de36f57b63",
          "evidence_text_excerpt": "No Monthly Account Fees\nNo monthly fee; No minimum balance required\nFREE , unlimited day-to-day transactions 1\nFREE , unlimited Interac\u00ae e-Transfers\nAward-winning No-Fee eChequing Account\nAccess to over 3,300 ATMs in THE EXCHANGE\u00ae Network - Canada's largest ATM network, surcharge-free! In the United States, access 40,000 surcharge-free ATM\u2019s through the Allpoint Network .",
          "anchor_type": "section",
          "anchor_value": "no-monthly-account-fees",
          "page_no": null,
          "chunk_index": 3,
          "field_metadata": {
            "retrieval_mode": "metadata-only",
            "matched_keywords": [
              "transactions",
              "unlimited"
            ]
          }
        },
        {
          "field_name": "interac_e_transfer_included",
          "candidate_value": true,
          "value_type": "boolean",
          "confidence": 0.59,
          "extraction_method": "heuristic_flag",
          "source_document_id": "src-alterna-html-4994ca1af9c14ade",
          "source_snapshot_id": "snap-8353926aff6050c7",
          "evidence_chunk_id": "chunk-42d383de36f57b63",
          "evidence_text_excerpt": "No Monthly Account Fees\nNo monthly fee; No minimum balance required\nFREE , unlimited day-to-day transactions 1\nFREE , unlimited Interac\u00ae e-Transfers\nAward-winning No-Fee eChequing Account\nAccess to over 3,300 ATMs in THE EXCHANGE\u00ae Network - Canada's largest ATM network, surcharge-free! In the United States, access 40,000 surcharge-free ATM\u2019s through the Allpoint Network .",
          "anchor_type": "section",
          "anchor_value": "no-monthly-account-fees",
          "page_no": null,
          "chunk_index": 3,
          "field_metadata": {
            "retrieval_mode": "metadata-only",
            "matched_keywords": [
              "e",
              "free",
              "interac"
            ]
          }
        },
        {
          "field_name": "overdraft_available",
          "candidate_value": true,
          "value_type": "boolean",
          "confidence": 0.66,
          "extraction_method": "heuristic_flag",
          "source_document_id": "src-alterna-html-4994ca1af9c14ade",
          "source_snapshot_id": "snap-8353926aff6050c7",
          "evidence_chunk_id": "chunk-b9466d82b3c13902",
          "evidence_text_excerpt": "Registered for Digital Banking?\nDownload the app and sign in!\nLegal\neChequing Accounts and rates are only available for purchase online.\n*Interest rate is annualized and subject to change without notice. Interest is calculated daily on the closing balance and paid monthly. $1,000,000 maximum balance (plus accrued interest).\n1 Includes: Withdrawals, Transfers, Interac\u00ae e-Transfers, Me-to-Me Transfers, Bill Payments, Cheques, Pre-authorized payments, Debit card payments (POS), Alterna and THE EXCHANGE Network ATM withdrawals and transfers.\n2 Overdraft protection fee is not applicable to Quebec residents. Overdraft fees are in addition to interest charges on the outstanding overdraft amount. Interest will be calculated and debited monthly to your account based on the final daily indebtedness in the account throughout the calendar month. Interest rates set by Alterna Bank will apply both",
          "anchor_type": "section",
          "anchor_value": "registered-for-digital-banking",
          "page_no": null,
          "chunk_index": 8,
          "field_metadata": {
            "retrieval_mode": "metadata-only",
            "matched_keywords": [
              "available",
              "overdraft",
              "overdraft protection",
              "protection"
            ]
          }
        },
        {
          "field_name": "notes",
          "candidate_value": "We\u2019ve always believed that being upfront and honest is the most respectful way to provide important information.",
          "value_type": "string",
          "confidence": 0.55,
          "extraction_method": "heuristic_text",
          "source_document_id": "src-alterna-html-4994ca1af9c14ade",
          "source_snapshot_id": "snap-8353926aff6050c7",
          "evidence_chunk_id": "chunk-725d13524db38a9f",
          "evidence_text_excerpt": "No Minimum Balance\nSafe and secure \u2013 eligible deposits are insured up to the maximum amount through the Canada Deposit Insurance Corporation (CDIC)\n0.05%* Annual Interest Rate.\nWe make banking easy, accessible, and secure - wherever you are. ONLINE BANKING Bank 24 hours a day, 7 days a week. Pay your bills online and skip that trip to a mailbox or bank branch. MOBILE Get the full experience of online banking plus more. Whether you're checking your balances or depositing your cheques easily with Deposit Anywhere\u2122, do it all within your fingertips.\nAt Alterna, our members always come first. We\u2019ve always believed that being upfront and honest is the most respectful way to provide important information. That\u2019s why everything you need to know about our current service fees and account features can be found here:\nGet your bank accounts talking to each other with a few clicks. Available with",
          "anchor_type": "section",
          "anchor_value": "no-minimum-balance",
          "page_no": null,
          "chunk_index": 4,
          "field_metadata": {
            "retrieval_mode": "metadata-only",
            "matched_keywords": [
              "important",
              "information"
            ]
          }
        }
      ],
      "evidence_links": [
        {
          "field_name": "monthly_fee",
          "candidate_value": "0.00",
          "evidence_chunk_id": "chunk-42d383de36f57b63",
          "evidence_text_excerpt": "No Monthly Account Fees\nNo monthly fee; No minimum balance required\nFREE , unlimited day-to-day transactions 1\nFREE , unlimited Interac\u00ae e-Transfers\nAward-winning No-Fee eChequing Account\nAccess to over 3,300 ATMs in THE EXCHANGE\u00ae Network - Canada's largest ATM network, surcharge-free! In the United States, access 40,000 surcharge-free ATM\u2019s through the Allpoint Network .",
          "source_document_id": "src-alterna-html-4994ca1af9c14ade",
          "source_snapshot_id": "snap-8353926aff6050c7",
          "citation_confidence": 0.88,
          "model_execution_id": "modelexec-49488c991f6c5da2",
          "anchor_type": "section",
          "anchor_value": "no-monthly-account-fees",
          "page_no": null,
          "chunk_index": 3
        },
        {
          "field_name": "public_display_fee",
          "candidate_value": "0.00",
          "evidence_chunk_id": "chunk-42d383de36f57b63",
          "evidence_text_excerpt": "No Monthly Account Fees\nNo monthly fee; No minimum balance required\nFREE , unlimited day-to-day transactions 1\nFREE , unlimited Interac\u00ae e-Transfers\nAward-winning No-Fee eChequing Account\nAccess to over 3,300 ATMs in THE EXCHANGE\u00ae Network - Canada's largest ATM network, surcharge-free! In the United States, access 40,000 surcharge-free ATM\u2019s through the Allpoint Network .",
          "source_document_id": "src-alterna-html-4994ca1af9c14ade",
          "source_snapshot_id": "snap-8353926aff6050c7",
          "citation_confidence": 0.83,
          "model_execution_id": "modelexec-49488c991f6c5da2",
          "anchor_type": "section",
          "anchor_value": "no-monthly-account-fees",
          "page_no": null,
          "chunk_index": 3
        },
        {
          "field_name": "minimum_balance",
          "candidate_value": "0.00",
          "evidence_chunk_id": "chunk-725d13524db38a9f",
          "evidence_text_excerpt": "No Minimum Balance\nSafe and secure \u2013 eligible deposits are insured up to the maximum amount through the Canada Deposit Insurance Corporation (CDIC)\n0.05%* Annual Interest Rate.\nWe make banking easy, accessible, and secure - wherever you are. ONLINE BANKING Bank 24 hours a day, 7 days a week. Pay your bills online and skip that trip to a mailbox or bank branch. MOBILE Get the full experience of online banking plus more. Whether you're checking your balances or depositing your cheques easily with Deposit Anywhere\u2122, do it all within your fingertips.\nAt Alterna, our members always come first. We\u2019ve always believed that being upfront and honest is the most respectful way to provide important information. That\u2019s why everything you need to know about our current service fees and account features can be found here:\nGet your bank accounts talking to each other with a few clicks. Available with",
          "source_document_id": "src-alterna-html-4994ca1af9c14ade",
          "source_snapshot_id": "snap-8353926aff6050c7",
          "citation_confidence": 0.64,
          "model_execution_id": "modelexec-49488c991f6c5da2",
          "anchor_type": "section",
          "anchor_value": "no-minimum-balance",
          "page_no": null,
          "chunk_index": 4
        },
        {
          "field_name": "eligibility_text",
          "candidate_value": "No Minimum Balance Safe and secure \u2013 eligible deposits are insured up to the maximum amount through the Canada Deposit Insurance Corporation (CDIC) 0.05%* Annual Interest Rate",
          "evidence_chunk_id": "chunk-725d13524db38a9f",
          "evidence_text_excerpt": "No Minimum Balance\nSafe and secure \u2013 eligible deposits are insured up to the maximum amount through the Canada Deposit Insurance Corporation (CDIC)\n0.05%* Annual Interest Rate.\nWe make banking easy, accessible, and secure - wherever you are. ONLINE BANKING Bank 24 hours a day, 7 days a week. Pay your bills online and skip that trip to a mailbox or bank branch. MOBILE Get the full experience of online banking plus more. Whether you're checking your balances or depositing your cheques easily with Deposit Anywhere\u2122, do it all within your fingertips.\nAt Alterna, our members always come first. We\u2019ve always believed that being upfront and honest is the most respectful way to provide important information. That\u2019s why everything you need to know about our current service fees and account features can be found here:\nGet your bank accounts talking to each other with a few clicks. Available with",
          "source_document_id": "src-alterna-html-4994ca1af9c14ade",
          "source_snapshot_id": "snap-8353926aff6050c7",
          "citation_confidence": 0.55,
          "model_execution_id": "modelexec-49488c991f6c5da2",
          "anchor_type": "section",
          "anchor_value": "no-minimum-balance",
          "page_no": null,
          "chunk_index": 4
        },
        {
          "field_name": "application_method",
          "candidate_value": "ONLINE BANKING Bank 24 hours a day, 7 days a week.",
          "evidence_chunk_id": "chunk-725d13524db38a9f",
          "evidence_text_excerpt": "No Minimum Balance\nSafe and secure \u2013 eligible deposits are insured up to the maximum amount through the Canada Deposit Insurance Corporation (CDIC)\n0.05%* Annual Interest Rate.\nWe make banking easy, accessible, and secure - wherever you are. ONLINE BANKING Bank 24 hours a day, 7 days a week. Pay your bills online and skip that trip to a mailbox or bank branch. MOBILE Get the full experience of online banking plus more. Whether you're checking your balances or depositing your cheques easily with Deposit Anywhere\u2122, do it all within your fingertips.\nAt Alterna, our members always come first. We\u2019ve always believed that being upfront and honest is the most respectful way to provide important information. That\u2019s why everything you need to know about our current service fees and account features can be found here:\nGet your bank accounts talking to each other with a few clicks. Available with",
          "source_document_id": "src-alterna-html-4994ca1af9c14ade",
          "source_snapshot_id": "snap-8353926aff6050c7",
          "citation_confidence": 0.66,
          "model_execution_id": "modelexec-49488c991f6c5da2",
          "anchor_type": "section",
          "anchor_value": "no-minimum-balance",
          "page_no": null,
          "chunk_index": 4
        },
        {
          "field_name": "tax_benefits",
          "candidate_value": "No-Fee eChequing Account Overview High Interest eSavings No Fee eChequing TFSA eSavings RRSP eSavings Ways To Bank Our chequing account offers you the convenience of day-to-day transactions while earning interest on your daily balance",
          "evidence_chunk_id": "chunk-f824966bd7da3252",
          "evidence_text_excerpt": "No-Fee eChequing Account\nOverview\nHigh Interest eSavings\nNo Fee eChequing\nTFSA eSavings\nRRSP eSavings\nWays To Bank\nOur chequing account offers you the convenience of day-to-day transactions while earning interest on your daily balance",
          "source_document_id": "src-alterna-html-4994ca1af9c14ade",
          "source_snapshot_id": "snap-8353926aff6050c7",
          "citation_confidence": 0.55,
          "model_execution_id": "modelexec-49488c991f6c5da2",
          "anchor_type": "section",
          "anchor_value": "no-fee-echequing-account",
          "page_no": null,
          "chunk_index": 1
        },
        {
          "field_name": "deposit_insurance",
          "candidate_value": "No Minimum Balance Safe and secure \u2013 eligible deposits are insured up to the maximum amount through the Canada Deposit Insurance Corporation (CDIC) 0.05%* Annual Interest Rate.",
          "evidence_chunk_id": "chunk-725d13524db38a9f",
          "evidence_text_excerpt": "No Minimum Balance\nSafe and secure \u2013 eligible deposits are insured up to the maximum amount through the Canada Deposit Insurance Corporation (CDIC)\n0.05%* Annual Interest Rate.\nWe make banking easy, accessible, and secure - wherever you are. ONLINE BANKING Bank 24 hours a day, 7 days a week. Pay your bills online and skip that trip to a mailbox or bank branch. MOBILE Get the full experience of online banking plus more. Whether you're checking your balances or depositing your cheques easily with Deposit Anywhere\u2122, do it all within your fingertips.\nAt Alterna, our members always come first. We\u2019ve always believed that being upfront and honest is the most respectful way to provide important information. That\u2019s why everything you need to know about our current service fees and account features can be found here:\nGet your bank accounts talking to each other with a few clicks. Available with",
          "source_document_id": "src-alterna-html-4994ca1af9c14ade",
          "source_snapshot_id": "snap-8353926aff6050c7",
          "citation_confidence": 0.85,
          "model_execution_id": "modelexec-49488c991f6c5da2",
          "anchor_type": "section",
          "anchor_value": "no-minimum-balance",
          "page_no": null,
          "chunk_index": 4
        },
        {
          "field_name": "unlimited_transactions_flag",
          "candidate_value": "true",
          "evidence_chunk_id": "chunk-42d383de36f57b63",
          "evidence_text_excerpt": "No Monthly Account Fees\nNo monthly fee; No minimum balance required\nFREE , unlimited day-to-day transactions 1\nFREE , unlimited Interac\u00ae e-Transfers\nAward-winning No-Fee eChequing Account\nAccess to over 3,300 ATMs in THE EXCHANGE\u00ae Network - Canada's largest ATM network, surcharge-free! In the United States, access 40,000 surcharge-free ATM\u2019s through the Allpoint Network .",
          "source_document_id": "src-alterna-html-4994ca1af9c14ade",
          "source_snapshot_id": "snap-8353926aff6050c7",
          "citation_confidence": 0.55,
          "model_execution_id": "modelexec-49488c991f6c5da2",
          "anchor_type": "section",
          "anchor_value": "no-monthly-account-fees",
          "page_no": null,
          "chunk_index": 3
        },
        {
          "field_name": "interac_e_transfer_included",
          "candidate_value": "true",
          "evidence_chunk_id": "chunk-42d383de36f57b63",
          "evidence_text_excerpt": "No Monthly Account Fees\nNo monthly fee; No minimum balance required\nFREE , unlimited day-to-day transactions 1\nFREE , unlimited Interac\u00ae e-Transfers\nAward-winning No-Fee eChequing Account\nAccess to over 3,300 ATMs in THE EXCHANGE\u00ae Network - Canada's largest ATM network, surcharge-free! In the United States, access 40,000 surcharge-free ATM\u2019s through the Allpoint Network .",
          "source_document_id": "src-alterna-html-4994ca1af9c14ade",
          "source_snapshot_id": "snap-8353926aff6050c7",
          "citation_confidence": 0.59,
          "model_execution_id": "modelexec-49488c991f6c5da2",
          "anchor_type": "section",
          "anchor_value": "no-monthly-account-fees",
          "page_no": null,
          "chunk_index": 3
        },
        {
          "field_name": "overdraft_available",
          "candidate_value": "true",
          "evidence_chunk_id": "chunk-b9466d82b3c13902",
          "evidence_text_excerpt": "Registered for Digital Banking?\nDownload the app and sign in!\nLegal\neChequing Accounts and rates are only available for purchase online.\n*Interest rate is annualized and subject to change without notice. Interest is calculated daily on the closing balance and paid monthly. $1,000,000 maximum balance (plus accrued interest).\n1 Includes: Withdrawals, Transfers, Interac\u00ae e-Transfers, Me-to-Me Transfers, Bill Payments, Cheques, Pre-authorized payments, Debit card payments (POS), Alterna and THE EXCHANGE Network ATM withdrawals and transfers.\n2 Overdraft protection fee is not applicable to Quebec residents. Overdraft fees are in addition to interest charges on the outstanding overdraft amount. Interest will be calculated and debited monthly to your account based on the final daily indebtedness in the account throughout the calendar month. Interest rates set by Alterna Bank will apply both",
          "source_document_id": "src-alterna-html-4994ca1af9c14ade",
          "source_snapshot_id": "snap-8353926aff6050c7",
          "citation_confidence": 0.66,
          "model_execution_id": "modelexec-49488c991f6c5da2",
          "anchor_type": "section",
          "anchor_value": "registered-for-digital-banking",
          "page_no": null,
          "chunk_index": 8
        },
        {
          "field_name": "notes",
          "candidate_value": "We\u2019ve always believed that being upfront and honest is the most respectful way to provide important information.",
          "evidence_chunk_id": "chunk-725d13524db38a9f",
          "evidence_text_excerpt": "No Minimum Balance\nSafe and secure \u2013 eligible deposits are insured up to the maximum amount through the Canada Deposit Insurance Corporation (CDIC)\n0.05%* Annual Interest Rate.\nWe make banking easy, accessible, and secure - wherever you are. ONLINE BANKING Bank 24 hours a day, 7 days a week. Pay your bills online and skip that trip to a mailbox or bank branch. MOBILE Get the full experience of online banking plus more. Whether you're checking your balances or depositing your cheques easily with Deposit Anywhere\u2122, do it all within your fingertips.\nAt Alterna, our members always come first. We\u2019ve always believed that being upfront and honest is the most respectful way to provide important information. That\u2019s why everything you need to know about our current service fees and account features can be found here:\nGet your bank accounts talking to each other with a few clicks. Available with",
          "source_document_id": "src-alterna-html-4994ca1af9c14ade",
          "source_snapshot_id": "snap-8353926aff6050c7",
          "citation_confidence": 0.55,
          "model_execution_id": "modelexec-49488c991f6c5da2",
          "anchor_type": "section",
          "anchor_value": "no-minimum-balance",
          "page_no": null,
          "chunk_index": 4
        }
      ],
      "run_source_item_record": {
        "run_source_item_id": "rsi-95ae724a7055750d",
        "run_id": "run_20260714_053944_alterna_chequing_collect_e42liyml",
        "source_document_id": "src-alterna-html-4994ca1af9c14ade",
        "selected_snapshot_id": "snap-8353926aff6050c7",
        "stage_status": "completed",
        "warning_count": 0,
        "error_count": 0,
        "error_summary": null,
        "stage_metadata": {
          "extraction_action": "stored",
          "parsed_document_id": "parsed-03f6685e0d14a6af",
          "model_execution_id": "modelexec-49488c991f6c5da2",
          "extracted_storage_key": "dev/extracted/CA/ALTERNA/src-alterna-html-4994ca1af9c14ade/parsed-03f6685e0d14a6af/extracted.json",
          "metadata_storage_key": "dev/extracted/CA/ALTERNA/src-alterna-html-4994ca1af9c14ade/parsed-03f6685e0d14a6af/metadata.json",
          "extracted_field_count": 19,
          "evidence_link_count": 11,
          "runtime_notes": [],
          "correlation_id": "corr_qml7IQoFsVhGi3Zb",
          "request_id": "req_51be886524604db2ae4a927800bb432c"
        }
      }
    },
    {
      "source_id": "AUTO-ALTERNA-CHE-cfda0405eb",
      "source_document_id": "src-alterna-html-771a99e4531261fb",
      "snapshot_id": "snap-a86df891502f2a87",
      "parsed_document_id": "parsed-e8adc45530782629",
      "extraction_action": "stored",
      "model_execution_id": "modelexec-5e1a3c4afd9cd3e2",
      "extracted_storage_key": "dev/extracted/CA/ALTERNA/src-alterna-html-771a99e4531261fb/parsed-e8adc45530782629/extracted.json",
      "metadata_storage_key": "dev/extracted/CA/ALTERNA/src-alterna-html-771a99e4531261fb/parsed-e8adc45530782629/metadata.json",
      "runtime_notes": [],
      "error_summary": null,
      "extracted_fields": [
        {
          "field_name": "product_family",
          "candidate_value": "deposit",
          "value_type": "string",
          "confidence": 0.99,
          "extraction_method": "derived_context",
          "source_document_id": "src-alterna-html-771a99e4531261fb",
          "source_snapshot_id": "snap-a86df891502f2a87",
          "evidence_chunk_id": null,
          "evidence_text_excerpt": null,
          "anchor_type": null,
          "anchor_value": null,
          "page_no": null,
          "chunk_index": null,
          "field_metadata": {
            "derived_field": true
          }
        },
        {
          "field_name": "product_type",
          "candidate_value": "chequing",
          "value_type": "string",
          "confidence": 0.99,
          "extraction_method": "derived_context",
          "source_document_id": "src-alterna-html-771a99e4531261fb",
          "source_snapshot_id": "snap-a86df891502f2a87",
          "evidence_chunk_id": null,
          "evidence_text_excerpt": null,
          "anchor_type": null,
          "anchor_value": null,
          "page_no": null,
          "chunk_index": null,
          "field_metadata": {
            "derived_field": true
          }
        },
        {
          "field_name": "bank_code",
          "candidate_value": "ALTERNA",
          "value_type": "string",
          "confidence": 0.99,
          "extraction_method": "derived_context",
          "source_document_id": "src-alterna-html-771a99e4531261fb",
          "source_snapshot_id": "snap-a86df891502f2a87",
          "evidence_chunk_id": null,
          "evidence_text_excerpt": null,
          "anchor_type": null,
          "anchor_value": null,
          "page_no": null,
          "chunk_index": null,
          "field_metadata": {
            "derived_field": true
          }
        },
        {
          "field_name": "country_code",
          "candidate_value": "CA",
          "value_type": "string",
          "confidence": 0.99,
          "extraction_method": "derived_context",
          "source_document_id": "src-alterna-html-771a99e4531261fb",
          "source_snapshot_id": "snap-a86df891502f2a87",
          "evidence_chunk_id": null,
          "evidence_text_excerpt": null,
          "anchor_type": null,
          "anchor_value": null,
          "page_no": null,
          "chunk_index": null,
          "field_metadata": {
            "derived_field": true
          }
        },
        {
          "field_name": "source_language",
          "candidate_value": "en",
          "value_type": "string",
          "confidence": 0.99,
          "extraction_method": "derived_context",
          "source_document_id": "src-alterna-html-771a99e4531261fb",
          "source_snapshot_id": "snap-a86df891502f2a87",
          "evidence_chunk_id": null,
          "evidence_text_excerpt": null,
          "anchor_type": null,
          "anchor_value": null,
          "page_no": null,
          "chunk_index": null,
          "field_metadata": {
            "derived_field": true
          }
        },
        {
          "field_name": "currency",
          "candidate_value": "CAD",
          "value_type": "string",
          "confidence": 0.99,
          "extraction_method": "derived_context",
          "source_document_id": "src-alterna-html-771a99e4531261fb",
          "source_snapshot_id": "snap-a86df891502f2a87",
          "evidence_chunk_id": null,
          "evidence_text_excerpt": null,
          "anchor_type": null,
          "anchor_value": null,
          "page_no": null,
          "chunk_index": null,
          "field_metadata": {
            "derived_field": true
          }
        },
        {
          "field_name": "product_name",
          "candidate_value": "Alterna Bank - Small Business eChequing Account",
          "value_type": "string",
          "confidence": 0.88,
          "extraction_method": "derived_title",
          "source_document_id": "src-alterna-html-771a99e4531261fb",
          "source_snapshot_id": "snap-a86df891502f2a87",
          "evidence_chunk_id": null,
          "evidence_text_excerpt": null,
          "anchor_type": null,
          "anchor_value": null,
          "page_no": null,
          "chunk_index": null,
          "field_metadata": {
            "derived_field": true
          }
        },
        {
          "field_name": "description_short",
          "candidate_value": "Business Service",
          "value_type": "string",
          "confidence": 0.7,
          "extraction_method": "derived_description",
          "source_document_id": "src-alterna-html-771a99e4531261fb",
          "source_snapshot_id": "snap-a86df891502f2a87",
          "evidence_chunk_id": null,
          "evidence_text_excerpt": null,
          "anchor_type": null,
          "anchor_value": null,
          "page_no": null,
          "chunk_index": null,
          "field_metadata": {
            "derived_field": true
          }
        },
        {
          "field_name": "monthly_fee",
          "candidate_value": "0.00",
          "value_type": "decimal",
          "confidence": 0.66,
          "extraction_method": "heuristic_money",
          "source_document_id": "src-alterna-html-771a99e4531261fb",
          "source_snapshot_id": "snap-a86df891502f2a87",
          "evidence_chunk_id": "chunk-7e3fc70357a9064c",
          "evidence_text_excerpt": "Registered for Digital Banking?\nDownload the app and sign in!\nCall Us\nDo you have a question? We\u2019d love to hear from you.\nFAQ's\nGot questions? We\u2019ve got answers!\nLegal\n^ No monthly fee with a minimum daily closing balance of $3,000 throughout the month ($5 monthly fee if minimum balance is not maintained)\u200b. Fees apply for account closed within 90 days of opening.\nPlease refer Alterna Bank Business Fee Schedule for a detailed listing of account features and fees.\nCS Alterna Bank operates as Alterna Bank. CS Alterna Bank is a member of Canada Deposit Insurance Corporation (CDIC).\n\u200b\u200b\nCS Alterna Bank is a member of Canada Deposit Insurance Corporation (CDIC) .",
          "anchor_type": "section",
          "anchor_value": "registered-for-digital-banking",
          "page_no": null,
          "chunk_index": 9,
          "field_metadata": {
            "retrieval_mode": "metadata-only",
            "matched_keywords": [
              "account",
              "fee",
              "monthly",
              "monthly fee"
            ]
          }
        },
        {
          "field_name": "public_display_fee",
          "candidate_value": "0.00",
          "value_type": "decimal",
          "confidence": 0.66,
          "extraction_method": "heuristic_money",
          "source_document_id": "src-alterna-html-771a99e4531261fb",
          "source_snapshot_id": "snap-a86df891502f2a87",
          "evidence_chunk_id": "chunk-7e3fc70357a9064c",
          "evidence_text_excerpt": "Registered for Digital Banking?\nDownload the app and sign in!\nCall Us\nDo you have a question? We\u2019d love to hear from you.\nFAQ's\nGot questions? We\u2019ve got answers!\nLegal\n^ No monthly fee with a minimum daily closing balance of $3,000 throughout the month ($5 monthly fee if minimum balance is not maintained)\u200b. Fees apply for account closed within 90 days of opening.\nPlease refer Alterna Bank Business Fee Schedule for a detailed listing of account features and fees.\nCS Alterna Bank operates as Alterna Bank. CS Alterna Bank is a member of Canada Deposit Insurance Corporation (CDIC).\n\u200b\u200b\nCS Alterna Bank is a member of Canada Deposit Insurance Corporation (CDIC) .",
          "anchor_type": "section",
          "anchor_value": "registered-for-digital-banking",
          "page_no": null,
          "chunk_index": 9,
          "field_metadata": {
            "retrieval_mode": "metadata-only",
            "matched_keywords": [
              "account",
              "fee",
              "monthly",
              "monthly fee"
            ]
          }
        },
        {
          "field_name": "minimum_balance",
          "candidate_value": "5.00",
          "value_type": "decimal",
          "confidence": 0.66,
          "extraction_method": "heuristic_money",
          "source_document_id": "src-alterna-html-771a99e4531261fb",
          "source_snapshot_id": "snap-a86df891502f2a87",
          "evidence_chunk_id": "chunk-19e6496cce6b5949",
          "evidence_text_excerpt": "Features\nNO MONTHLY FEE if you keep a minimum daily closing balance of $3,000 throughout the month ($5 Monthly fee if minimum balance is not maintained)\nFREE unlimited electronic debit and credit transactions\nFREE incoming Interac e-Transfers\u00ae\n6 FREE Interac e-Transfer\u00ae Send or Request Money transactions per month\nNot available to residents of Quebec",
          "anchor_type": "section",
          "anchor_value": "features",
          "page_no": null,
          "chunk_index": 3,
          "field_metadata": {
            "retrieval_mode": "metadata-only",
            "matched_keywords": [
              "balance",
              "daily",
              "minimum",
              "minimum balance"
            ]
          }
        },
        {
          "field_name": "eligibility_text",
          "candidate_value": "Safe and secure \u2013 eligible deposits are insured up to the maximum amount through the Canada Deposit Insurance Corporation (CDIC) We make banking easy, accessible, and secure - wherever you are",
          "value_type": "string",
          "confidence": 0.55,
          "extraction_method": "heuristic_eligibility_text",
          "source_document_id": "src-alterna-html-771a99e4531261fb",
          "source_snapshot_id": "snap-a86df891502f2a87",
          "evidence_chunk_id": "chunk-dbdf1185bf900252",
          "evidence_text_excerpt": "Benefits\n24/7 access to your account\nAccess to over 3,300 ATMs in THE EXCHANGE\u00ae Network - Canada's largest ATM network, surcharge-free!\nSafe and secure \u2013 eligible deposits are insured up to the maximum amount through the Canada Deposit Insurance Corporation (CDIC)\nWe make banking easy, accessible, and secure - wherever you are. ONLINE BANKING Bank 24 hours a day, 7 days a week. Pay your bills online and skip that trip to a mailbox or bank branch. MOBILE BANKING Get the full experience of online banking plus more. Whether you're checking your balances or depositing your cheques easily with Deposit Anywhere\u2122, do it all within your fingertips. ATMs Cash withdrawals, deposits and balance inquiries for your accounts are at your fingertips from any of our Alterna ATMs. Alterna Bank cardholders have access to thousands of surcharge-free ATMs with The EXCHANGE\u00ae Network .\nFor detailed",
          "anchor_type": "section",
          "anchor_value": "benefits",
          "page_no": null,
          "chunk_index": 4,
          "field_metadata": {
            "retrieval_mode": "metadata-only",
            "matched_keywords": [
              "eligible"
            ]
          }
        },
        {
          "field_name": "application_method",
          "candidate_value": "ONLINE BANKING Bank 24 hours a day, 7 days a week.",
          "value_type": "string",
          "confidence": 0.66,
          "extraction_method": "heuristic_application_method",
          "source_document_id": "src-alterna-html-771a99e4531261fb",
          "source_snapshot_id": "snap-a86df891502f2a87",
          "evidence_chunk_id": "chunk-dbdf1185bf900252",
          "evidence_text_excerpt": "Benefits\n24/7 access to your account\nAccess to over 3,300 ATMs in THE EXCHANGE\u00ae Network - Canada's largest ATM network, surcharge-free!\nSafe and secure \u2013 eligible deposits are insured up to the maximum amount through the Canada Deposit Insurance Corporation (CDIC)\nWe make banking easy, accessible, and secure - wherever you are. ONLINE BANKING Bank 24 hours a day, 7 days a week. Pay your bills online and skip that trip to a mailbox or bank branch. MOBILE BANKING Get the full experience of online banking plus more. Whether you're checking your balances or depositing your cheques easily with Deposit Anywhere\u2122, do it all within your fingertips. ATMs Cash withdrawals, deposits and balance inquiries for your accounts are at your fingertips from any of our Alterna ATMs. Alterna Bank cardholders have access to thousands of surcharge-free ATMs with The EXCHANGE\u00ae Network .\nFor detailed",
          "anchor_type": "section",
          "anchor_value": "benefits",
          "page_no": null,
          "chunk_index": 4,
          "field_metadata": {
            "retrieval_mode": "metadata-only",
            "matched_keywords": [
              "account",
              "branch",
              "mobile",
              "online"
            ]
          }
        },
        {
          "field_name": "deposit_insurance",
          "candidate_value": "Safe and secure \u2013 eligible deposits are insured up to the maximum amount through the Canada Deposit Insurance Corporation (CDIC) We make banking easy, accessible, and secure - wherever you are.",
          "value_type": "string",
          "confidence": 0.85,
          "extraction_method": "heuristic_deposit_insurance",
          "source_document_id": "src-alterna-html-771a99e4531261fb",
          "source_snapshot_id": "snap-a86df891502f2a87",
          "evidence_chunk_id": "chunk-dbdf1185bf900252",
          "evidence_text_excerpt": "Benefits\n24/7 access to your account\nAccess to over 3,300 ATMs in THE EXCHANGE\u00ae Network - Canada's largest ATM network, surcharge-free!\nSafe and secure \u2013 eligible deposits are insured up to the maximum amount through the Canada Deposit Insurance Corporation (CDIC)\nWe make banking easy, accessible, and secure - wherever you are. ONLINE BANKING Bank 24 hours a day, 7 days a week. Pay your bills online and skip that trip to a mailbox or bank branch. MOBILE BANKING Get the full experience of online banking plus more. Whether you're checking your balances or depositing your cheques easily with Deposit Anywhere\u2122, do it all within your fingertips. ATMs Cash withdrawals, deposits and balance inquiries for your accounts are at your fingertips from any of our Alterna ATMs. Alterna Bank cardholders have access to thousands of surcharge-free ATMs with The EXCHANGE\u00ae Network .\nFor detailed",
          "anchor_type": "section",
          "anchor_value": "benefits",
          "page_no": null,
          "chunk_index": 4,
          "field_metadata": {
            "retrieval_mode": "metadata-only",
            "matched_keywords": [
              "canada",
              "cdic",
              "corporation",
              "deposit",
              "deposit insurance",
              "insurance",
              "insured"
            ]
          }
        },
        {
          "field_name": "unlimited_transactions_flag",
          "candidate_value": true,
          "value_type": "boolean",
          "confidence": 0.55,
          "extraction_method": "heuristic_flag",
          "source_document_id": "src-alterna-html-771a99e4531261fb",
          "source_snapshot_id": "snap-a86df891502f2a87",
          "evidence_chunk_id": "chunk-19e6496cce6b5949",
          "evidence_text_excerpt": "Features\nNO MONTHLY FEE if you keep a minimum daily closing balance of $3,000 throughout the month ($5 Monthly fee if minimum balance is not maintained)\nFREE unlimited electronic debit and credit transactions\nFREE incoming Interac e-Transfers\u00ae\n6 FREE Interac e-Transfer\u00ae Send or Request Money transactions per month\nNot available to residents of Quebec",
          "anchor_type": "section",
          "anchor_value": "features",
          "page_no": null,
          "chunk_index": 3,
          "field_metadata": {
            "retrieval_mode": "metadata-only",
            "matched_keywords": [
              "transactions",
              "unlimited"
            ]
          }
        },
        {
          "field_name": "interac_e_transfer_included",
          "candidate_value": true,
          "value_type": "boolean",
          "confidence": 0.83,
          "extraction_method": "heuristic_flag",
          "source_document_id": "src-alterna-html-771a99e4531261fb",
          "source_snapshot_id": "snap-a86df891502f2a87",
          "evidence_chunk_id": "chunk-19e6496cce6b5949",
          "evidence_text_excerpt": "Features\nNO MONTHLY FEE if you keep a minimum daily closing balance of $3,000 throughout the month ($5 Monthly fee if minimum balance is not maintained)\nFREE unlimited electronic debit and credit transactions\nFREE incoming Interac e-Transfers\u00ae\n6 FREE Interac e-Transfer\u00ae Send or Request Money transactions per month\nNot available to residents of Quebec",
          "anchor_type": "section",
          "anchor_value": "features",
          "page_no": null,
          "chunk_index": 3,
          "field_metadata": {
            "retrieval_mode": "metadata-only",
            "matched_keywords": [
              "e",
              "free",
              "interac",
              "interac e-transfer",
              "transfer"
            ]
          }
        }
      ],
      "evidence_links": [
        {
          "field_name": "monthly_fee",
          "candidate_value": "0.00",
          "evidence_chunk_id": "chunk-7e3fc70357a9064c",
          "evidence_text_excerpt": "Registered for Digital Banking?\nDownload the app and sign in!\nCall Us\nDo you have a question? We\u2019d love to hear from you.\nFAQ's\nGot questions? We\u2019ve got answers!\nLegal\n^ No monthly fee with a minimum daily closing balance of $3,000 throughout the month ($5 monthly fee if minimum balance is not maintained)\u200b. Fees apply for account closed within 90 days of opening.\nPlease refer Alterna Bank Business Fee Schedule for a detailed listing of account features and fees.\nCS Alterna Bank operates as Alterna Bank. CS Alterna Bank is a member of Canada Deposit Insurance Corporation (CDIC).\n\u200b\u200b\nCS Alterna Bank is a member of Canada Deposit Insurance Corporation (CDIC) .",
          "source_document_id": "src-alterna-html-771a99e4531261fb",
          "source_snapshot_id": "snap-a86df891502f2a87",
          "citation_confidence": 0.66,
          "model_execution_id": "modelexec-5e1a3c4afd9cd3e2",
          "anchor_type": "section",
          "anchor_value": "registered-for-digital-banking",
          "page_no": null,
          "chunk_index": 9
        },
        {
          "field_name": "public_display_fee",
          "candidate_value": "0.00",
          "evidence_chunk_id": "chunk-7e3fc70357a9064c",
          "evidence_text_excerpt": "Registered for Digital Banking?\nDownload the app and sign in!\nCall Us\nDo you have a question? We\u2019d love to hear from you.\nFAQ's\nGot questions? We\u2019ve got answers!\nLegal\n^ No monthly fee with a minimum daily closing balance of $3,000 throughout the month ($5 monthly fee if minimum balance is not maintained)\u200b. Fees apply for account closed within 90 days of opening.\nPlease refer Alterna Bank Business Fee Schedule for a detailed listing of account features and fees.\nCS Alterna Bank operates as Alterna Bank. CS Alterna Bank is a member of Canada Deposit Insurance Corporation (CDIC).\n\u200b\u200b\nCS Alterna Bank is a member of Canada Deposit Insurance Corporation (CDIC) .",
          "source_document_id": "src-alterna-html-771a99e4531261fb",
          "source_snapshot_id": "snap-a86df891502f2a87",
          "citation_confidence": 0.66,
          "model_execution_id": "modelexec-5e1a3c4afd9cd3e2",
          "anchor_type": "section",
          "anchor_value": "registered-for-digital-banking",
          "page_no": null,
          "chunk_index": 9
        },
        {
          "field_name": "minimum_balance",
          "candidate_value": "5.00",
          "evidence_chunk_id": "chunk-19e6496cce6b5949",
          "evidence_text_excerpt": "Features\nNO MONTHLY FEE if you keep a minimum daily closing balance of $3,000 throughout the month ($5 Monthly fee if minimum balance is not maintained)\nFREE unlimited electronic debit and credit transactions\nFREE incoming Interac e-Transfers\u00ae\n6 FREE Interac e-Transfer\u00ae Send or Request Money transactions per month\nNot available to residents of Quebec",
          "source_document_id": "src-alterna-html-771a99e4531261fb",
          "source_snapshot_id": "snap-a86df891502f2a87",
          "citation_confidence": 0.66,
          "model_execution_id": "modelexec-5e1a3c4afd9cd3e2",
          "anchor_type": "section",
          "anchor_value": "features",
          "page_no": null,
          "chunk_index": 3
        },
        {
          "field_name": "eligibility_text",
          "candidate_value": "Safe and secure \u2013 eligible deposits are insured up to the maximum amount through the Canada Deposit Insurance Corporation (CDIC) We make banking easy, accessible, and secure - wherever you are",
          "evidence_chunk_id": "chunk-dbdf1185bf900252",
          "evidence_text_excerpt": "Benefits\n24/7 access to your account\nAccess to over 3,300 ATMs in THE EXCHANGE\u00ae Network - Canada's largest ATM network, surcharge-free!\nSafe and secure \u2013 eligible deposits are insured up to the maximum amount through the Canada Deposit Insurance Corporation (CDIC)\nWe make banking easy, accessible, and secure - wherever you are. ONLINE BANKING Bank 24 hours a day, 7 days a week. Pay your bills online and skip that trip to a mailbox or bank branch. MOBILE BANKING Get the full experience of online banking plus more. Whether you're checking your balances or depositing your cheques easily with Deposit Anywhere\u2122, do it all within your fingertips. ATMs Cash withdrawals, deposits and balance inquiries for your accounts are at your fingertips from any of our Alterna ATMs. Alterna Bank cardholders have access to thousands of surcharge-free ATMs with The EXCHANGE\u00ae Network .\nFor detailed",
          "source_document_id": "src-alterna-html-771a99e4531261fb",
          "source_snapshot_id": "snap-a86df891502f2a87",
          "citation_confidence": 0.55,
          "model_execution_id": "modelexec-5e1a3c4afd9cd3e2",
          "anchor_type": "section",
          "anchor_value": "benefits",
          "page_no": null,
          "chunk_index": 4
        },
        {
          "field_name": "application_method",
          "candidate_value": "ONLINE BANKING Bank 24 hours a day, 7 days a week.",
          "evidence_chunk_id": "chunk-dbdf1185bf900252",
          "evidence_text_excerpt": "Benefits\n24/7 access to your account\nAccess to over 3,300 ATMs in THE EXCHANGE\u00ae Network - Canada's largest ATM network, surcharge-free!\nSafe and secure \u2013 eligible deposits are insured up to the maximum amount through the Canada Deposit Insurance Corporation (CDIC)\nWe make banking easy, accessible, and secure - wherever you are. ONLINE BANKING Bank 24 hours a day, 7 days a week. Pay your bills online and skip that trip to a mailbox or bank branch. MOBILE BANKING Get the full experience of online banking plus more. Whether you're checking your balances or depositing your cheques easily with Deposit Anywhere\u2122, do it all within your fingertips. ATMs Cash withdrawals, deposits and balance inquiries for your accounts are at your fingertips from any of our Alterna ATMs. Alterna Bank cardholders have access to thousands of surcharge-free ATMs with The EXCHANGE\u00ae Network .\nFor detailed",
          "source_document_id": "src-alterna-html-771a99e4531261fb",
          "source_snapshot_id": "snap-a86df891502f2a87",
          "citation_confidence": 0.66,
          "model_execution_id": "modelexec-5e1a3c4afd9cd3e2",
          "anchor_type": "section",
          "anchor_value": "benefits",
          "page_no": null,
          "chunk_index": 4
        },
        {
          "field_name": "deposit_insurance",
          "candidate_value": "Safe and secure \u2013 eligible deposits are insured up to the maximum amount through the Canada Deposit Insurance Corporation (CDIC) We make banking easy, accessible, and secure - wherever you are.",
          "evidence_chunk_id": "chunk-dbdf1185bf900252",
          "evidence_text_excerpt": "Benefits\n24/7 access to your account\nAccess to over 3,300 ATMs in THE EXCHANGE\u00ae Network - Canada's largest ATM network, surcharge-free!\nSafe and secure \u2013 eligible deposits are insured up to the maximum amount through the Canada Deposit Insurance Corporation (CDIC)\nWe make banking easy, accessible, and secure - wherever you are. ONLINE BANKING Bank 24 hours a day, 7 days a week. Pay your bills online and skip that trip to a mailbox or bank branch. MOBILE BANKING Get the full experience of online banking plus more. Whether you're checking your balances or depositing your cheques easily with Deposit Anywhere\u2122, do it all within your fingertips. ATMs Cash withdrawals, deposits and balance inquiries for your accounts are at your fingertips from any of our Alterna ATMs. Alterna Bank cardholders have access to thousands of surcharge-free ATMs with The EXCHANGE\u00ae Network .\nFor detailed",
          "source_document_id": "src-alterna-html-771a99e4531261fb",
          "source_snapshot_id": "snap-a86df891502f2a87",
          "citation_confidence": 0.85,
          "model_execution_id": "modelexec-5e1a3c4afd9cd3e2",
          "anchor_type": "section",
          "anchor_value": "benefits",
          "page_no": null,
          "chunk_index": 4
        },
        {
          "field_name": "unlimited_transactions_flag",
          "candidate_value": "true",
          "evidence_chunk_id": "chunk-19e6496cce6b5949",
          "evidence_text_excerpt": "Features\nNO MONTHLY FEE if you keep a minimum daily closing balance of $3,000 throughout the month ($5 Monthly fee if minimum balance is not maintained)\nFREE unlimited electronic debit and credit transactions\nFREE incoming Interac e-Transfers\u00ae\n6 FREE Interac e-Transfer\u00ae Send or Request Money transactions per month\nNot available to residents of Quebec",
          "source_document_id": "src-alterna-html-771a99e4531261fb",
          "source_snapshot_id": "snap-a86df891502f2a87",
          "citation_confidence": 0.55,
          "model_execution_id": "modelexec-5e1a3c4afd9cd3e2",
          "anchor_type": "section",
          "anchor_value": "features",
          "page_no": null,
          "chunk_index": 3
        },
        {
          "field_name": "interac_e_transfer_included",
          "candidate_value": "true",
          "evidence_chunk_id": "chunk-19e6496cce6b5949",
          "evidence_text_excerpt": "Features\nNO MONTHLY FEE if you keep a minimum daily closing balance of $3,000 throughout the month ($5 Monthly fee if minimum balance is not maintained)\nFREE unlimited electronic debit and credit transactions\nFREE incoming Interac e-Transfers\u00ae\n6 FREE Interac e-Transfer\u00ae Send or Request Money transactions per month\nNot available to residents of Quebec",
          "source_document_id": "src-alterna-html-771a99e4531261fb",
          "source_snapshot_id": "snap-a86df891502f2a87",
          "citation_confidence": 0.83,
          "model_execution_id": "modelexec-5e1a3c4afd9cd3e2",
          "anchor_type": "section",
          "anchor_value": "features",
          "page_no": null,
          "chunk_index": 3
        }
      ],
      "run_source_item_record": {
        "run_source_item_id": "rsi-858d31cb260dcc2b",
        "run_id": "run_20260714_053944_alterna_chequing_collect_e42liyml",
        "source_document_id": "src-alterna-html-771a99e4531261fb",
        "selected_snapshot_id": "snap-a86df891502f2a87",
        "stage_status": "completed",
        "warning_count": 0,
        "error_count": 0,
        "error_summary": null,
        "stage_metadata": {
          "extraction_action": "stored",
          "parsed_document_id": "parsed-e8adc45530782629",
          "model_execution_id": "modelexec-5e1a3c4afd9cd3e2",
          "extracted_storage_key": "dev/extracted/CA/ALTERNA/src-alterna-html-771a99e4531261fb/parsed-e8adc45530782629/extracted.json",
          "metadata_storage_key": "dev/extracted/CA/ALTERNA/src-alterna-html-771a99e4531261fb/parsed-e8adc45530782629/metadata.json",
          "extracted_field_count": 16,
          "evidence_link_count": 8,
          "runtime_notes": [],
          "correlation_id": "corr_qml7IQoFsVhGi3Zb",
          "request_id": "req_51be886524604db2ae4a927800bb432c"
        }
      }
    }
  ],
  "runtime": {
    "env_file": "D:\\10 Development\\10 \uac1c\uc778\ud504\ub85c\uc81d\ud2b8\\70. Mybank\\workspace\\.env.dev",
    "loaded_env_key_count": 51,
    "persist_db": true,
    "trigger_type": "admin_source_collection",
    "triggered_by": "kylee1112@hotmail.com",
    "database_schema": "public",
    "storage_driver": "s3"
  },
  "persistence": {
    "run_id": "run_20260714_053944_alterna_chequing_collect_e42liyml",
    "run_state": "completed",
    "model_execution_count": 2,
    "usage_record_count": 2,
    "run_source_item_count": 2,
    "extracted_draft_count": 2,
    "source_success_count": 2,
    "source_failure_count": 0,
    "partial_completion_flag": false,
    "completed_at": "2026-07-14T05:41:01.712460+00:00"
  }
}
[source-collection-runner] launching stage fpds_normalization with timeout 1800s
warning: `VIRTUAL_ENV=api\service\.venv` does not match the project environment path `.venv` and will be ignored; use `--active` to target the active environment instead
{
  "run_id": "run_20260714_053944_alterna_chequing_collect_e42liyml",
  "correlation_id": "corr_qml7IQoFsVhGi3Zb",
  "request_id": "req_51be886524604db2ae4a927800bb432c",
  "partial_completion_flag": false,
  "stats": {
    "source_total": 2,
    "stored_count": 2,
    "failed_count": 0,
    "candidate_count": 2,
    "field_evidence_link_count": 19
  },
  "source_results": [
    {
      "source_id": "AUTO-ALTERNA-CHE-03ef951eca",
      "source_document_id": "src-alterna-html-4994ca1af9c14ade",
      "snapshot_id": "snap-8353926aff6050c7",
      "parsed_document_id": "parsed-03f6685e0d14a6af",
      "extraction_model_execution_id": "modelexec-49488c991f6c5da2",
      "normalization_action": "stored",
      "candidate_id": "cand-3234a00b1e580157",
      "normalization_model_execution_id": "modelexec-37c1cd54b55fc25d",
      "normalized_storage_key": "dev/normalized/CA/ALTERNA/src-alterna-html-4994ca1af9c14ade/cand-3234a00b1e580157/normalized.json",
      "metadata_storage_key": "dev/normalized/CA/ALTERNA/src-alterna-html-4994ca1af9c14ade/cand-3234a00b1e580157/metadata.json",
      "validation_status": "pass",
      "validation_issue_codes": [],
      "source_confidence": 0.849,
      "runtime_notes": [],
      "error_summary": null,
      "field_evidence_link_count": 11,
      "run_source_item_record": {
        "run_source_item_id": "rsi-95ae724a7055750d",
        "run_id": "run_20260714_053944_alterna_chequing_collect_e42liyml",
        "source_document_id": "src-alterna-html-4994ca1af9c14ade",
        "selected_snapshot_id": "snap-8353926aff6050c7",
        "stage_status": "completed",
        "warning_count": 0,
        "error_count": 0,
        "error_summary": null,
        "stage_metadata": {
          "normalization_action": "stored",
          "candidate_id": "cand-3234a00b1e580157",
          "candidate_key": null,
          "normalization_model_execution_id": "modelexec-37c1cd54b55fc25d",
          "extraction_model_execution_id": "modelexec-49488c991f6c5da2",
          "normalized_storage_key": "dev/normalized/CA/ALTERNA/src-alterna-html-4994ca1af9c14ade/cand-3234a00b1e580157/normalized.json",
          "metadata_storage_key": "dev/normalized/CA/ALTERNA/src-alterna-html-4994ca1af9c14ade/cand-3234a00b1e580157/metadata.json",
          "validation_status": "pass",
          "validation_issue_codes": [],
          "source_confidence": 0.849,
          "field_evidence_link_count": 11,
          "runtime_notes": [],
          "correlation_id": "corr_qml7IQoFsVhGi3Zb",
          "request_id": "req_51be886524604db2ae4a927800bb432c"
        }
      }
    },
    {
      "source_id": "AUTO-ALTERNA-CHE-cfda0405eb",
      "source_document_id": "src-alterna-html-771a99e4531261fb",
      "snapshot_id": "snap-a86df891502f2a87",
      "parsed_document_id": "parsed-e8adc45530782629",
      "extraction_model_execution_id": "modelexec-5e1a3c4afd9cd3e2",
      "normalization_action": "stored",
      "candidate_id": "cand-c93e5b9d7e13cec0",
      "normalization_model_execution_id": "modelexec-d8ad2d4832b7609c",
      "normalized_storage_key": "dev/normalized/CA/ALTERNA/src-alterna-html-771a99e4531261fb/cand-c93e5b9d7e13cec0/normalized.json",
      "metadata_storage_key": "dev/normalized/CA/ALTERNA/src-alterna-html-771a99e4531261fb/cand-c93e5b9d7e13cec0/metadata.json",
      "validation_status": "pass",
      "validation_issue_codes": [],
      "source_confidence": 0.8549,
      "runtime_notes": [],
      "error_summary": null,
      "field_evidence_link_count": 8,
      "run_source_item_record": {
        "run_source_item_id": "rsi-858d31cb260dcc2b",
        "run_id": "run_20260714_053944_alterna_chequing_collect_e42liyml",
        "source_document_id": "src-alterna-html-771a99e4531261fb",
        "selected_snapshot_id": "snap-a86df891502f2a87",
        "stage_status": "completed",
        "warning_count": 0,
        "error_count": 0,
        "error_summary": null,
        "stage_metadata": {
          "normalization_action": "stored",
          "candidate_id": "cand-c93e5b9d7e13cec0",
          "candidate_key": null,
          "normalization_model_execution_id": "modelexec-d8ad2d4832b7609c",
          "extraction_model_execution_id": "modelexec-5e1a3c4afd9cd3e2",
          "normalized_storage_key": "dev/normalized/CA/ALTERNA/src-alterna-html-771a99e4531261fb/cand-c93e5b9d7e13cec0/normalized.json",
          "metadata_storage_key": "dev/normalized/CA/ALTERNA/src-alterna-html-771a99e4531261fb/cand-c93e5b9d7e13cec0/metadata.json",
          "validation_status": "pass",
          "validation_issue_codes": [],
          "source_confidence": 0.8549,
          "field_evidence_link_count": 8,
          "runtime_notes": [],
          "correlation_id": "corr_qml7IQoFsVhGi3Zb",
          "request_id": "req_51be886524604db2ae4a927800bb432c"
        }
      }
    }
  ],
  "runtime": {
    "env_file": "D:\\10 Development\\10 \uac1c\uc778\ud504\ub85c\uc81d\ud2b8\\70. Mybank\\workspace\\.env.dev",
    "loaded_env_key_count": 51,
    "persist_db": true,
    "trigger_type": "admin_source_collection",
    "triggered_by": "kylee1112@hotmail.com",
    "database_schema": "public",
    "storage_driver": "s3"
  },
  "persistence": {
    "run_id": "run_20260714_053944_alterna_chequing_collect_e42liyml",
    "run_state": "completed",
    "candidate_count": 2,
    "field_evidence_link_count": 19,
    "model_execution_count": 2,
    "usage_record_count": 2,
    "run_source_item_count": 2,
    "source_success_count": 2,
    "source_failure_count": 0,
    "partial_completion_flag": false,
    "completed_at": "2026-07-14T05:41:23.650759+00:00"
  }
}
[source-collection-runner] launching stage fpds_validation_routing with timeout 1800s
warning: `VIRTUAL_ENV=api\service\.venv` does not match the project environment path `.venv` and will be ignored; use `--active` to target the active environment instead
{
  "run_id": "run_20260714_053944_alterna_chequing_collect_e42liyml",
  "correlation_id": "corr_qml7IQoFsVhGi3Zb",
  "request_id": "req_51be886524604db2ae4a927800bb432c",
  "routing_mode": "phase1",
  "partial_completion_flag": false,
  "stats": {
    "source_total": 2,
    "queued_count": 0,
    "auto_validated_count": 2,
    "failed_count": 0,
    "review_task_count": 0
  },
  "source_results": [
    {
      "source_id": "AUTO-ALTERNA-CHE-03ef951eca",
      "source_document_id": "src-alterna-html-4994ca1af9c14ade",
      "snapshot_id": "snap-8353926aff6050c7",
      "parsed_document_id": "parsed-03f6685e0d14a6af",
      "candidate_id": "cand-3234a00b1e580157",
      "candidate_run_id": "run_20260714_053944_alterna_chequing_collect_e42liyml",
      "validation_action": "auto_validated",
      "validation_model_execution_id": "modelexec-0b0f1c48848b5289",
      "validation_storage_key": "dev/validated/CA/ALTERNA/src-alterna-html-4994ca1af9c14ade/cand-3234a00b1e580157/validation-routing.json",
      "metadata_storage_key": "dev/validated/CA/ALTERNA/src-alterna-html-4994ca1af9c14ade/cand-3234a00b1e580157/metadata.json",
      "review_task_id": null,
      "validation_status": "pass",
      "validation_issue_codes": [],
      "source_confidence": 0.8879,
      "candidate_state": "auto_validated",
      "review_reason_code": null,
      "queue_reason_codes": [],
      "runtime_notes": [
        "Candidate met auto-validation policy and did not create a review task."
      ],
      "error_summary": null,
      "run_source_item_record": {
        "run_source_item_id": "rsi-95ae724a7055750d",
        "run_id": "run_20260714_053944_alterna_chequing_collect_e42liyml",
        "source_document_id": "src-alterna-html-4994ca1af9c14ade",
        "selected_snapshot_id": "snap-8353926aff6050c7",
        "stage_status": "completed",
        "warning_count": 1,
        "error_count": 0,
        "error_summary": null,
        "stage_metadata": {
          "validation_action": "auto_validated",
          "candidate_id": "cand-3234a00b1e580157",
          "candidate_run_id": "run_20260714_053944_alterna_chequing_collect_e42liyml",
          "validation_model_execution_id": "modelexec-0b0f1c48848b5289",
          "normalization_model_execution_id": "modelexec-37c1cd54b55fc25d",
          "validation_storage_key": "dev/validated/CA/ALTERNA/src-alterna-html-4994ca1af9c14ade/cand-3234a00b1e580157/validation-routing.json",
          "metadata_storage_key": "dev/validated/CA/ALTERNA/src-alterna-html-4994ca1af9c14ade/cand-3234a00b1e580157/metadata.json",
          "validation_status": "pass",
          "validation_issue_codes": [],
          "source_confidence": 0.8879,
          "candidate_state": "auto_validated",
          "review_reason_code": null,
          "queue_reason_codes": [],
          "review_task_id": null,
          "runtime_notes": [
            "Candidate met auto-validation policy and did not create a review task."
          ],
          "correlation_id": "corr_qml7IQoFsVhGi3Zb",
          "request_id": "req_51be886524604db2ae4a927800bb432c"
        }
      }
    },
    {
      "source_id": "AUTO-ALTERNA-CHE-cfda0405eb",
      "source_document_id": "src-alterna-html-771a99e4531261fb",
      "snapshot_id": "snap-a86df891502f2a87",
      "parsed_document_id": "parsed-e8adc45530782629",
      "candidate_id": "cand-c93e5b9d7e13cec0",
      "candidate_run_id": "run_20260714_053944_alterna_chequing_collect_e42liyml",
      "validation_action": "auto_validated",
      "validation_model_execution_id": "modelexec-9ce20b2aa395355f",
      "validation_storage_key": "dev/validated/CA/ALTERNA/src-alterna-html-771a99e4531261fb/cand-c93e5b9d7e13cec0/validation-routing.json",
      "metadata_storage_key": "dev/validated/CA/ALTERNA/src-alterna-html-771a99e4531261fb/cand-c93e5b9d7e13cec0/metadata.json",
      "review_task_id": null,
      "validation_status": "pass",
      "validation_issue_codes": [],
      "source_confidence": 0.8915,
      "candidate_state": "auto_validated",
      "review_reason_code": null,
      "queue_reason_codes": [],
      "runtime_notes": [
        "Candidate met auto-validation policy and did not create a review task."
      ],
      "error_summary": null,
      "run_source_item_record": {
        "run_source_item_id": "rsi-858d31cb260dcc2b",
        "run_id": "run_20260714_053944_alterna_chequing_collect_e42liyml",
        "source_document_id": "src-alterna-html-771a99e4531261fb",
        "selected_snapshot_id": "snap-a86df891502f2a87",
        "stage_status": "completed",
        "warning_count": 1,
        "error_count": 0,
        "error_summary": null,
        "stage_metadata": {
          "validation_action": "auto_validated",
          "candidate_id": "cand-c93e5b9d7e13cec0",
          "candidate_run_id": "run_20260714_053944_alterna_chequing_collect_e42liyml",
          "validation_model_execution_id": "modelexec-9ce20b2aa395355f",
          "normalization_model_execution_id": "modelexec-d8ad2d4832b7609c",
          "validation_storage_key": "dev/validated/CA/ALTERNA/src-alterna-html-771a99e4531261fb/cand-c93e5b9d7e13cec0/validation-routing.json",
          "metadata_storage_key": "dev/validated/CA/ALTERNA/src-alterna-html-771a99e4531261fb/cand-c93e5b9d7e13cec0/metadata.json",
          "validation_status": "pass",
          "validation_issue_codes": [],
          "source_confidence": 0.8915,
          "candidate_state": "auto_validated",
          "review_reason_code": null,
          "queue_reason_codes": [],
          "review_task_id": null,
          "runtime_notes": [
            "Candidate met auto-validation policy and did not create a review task."
          ],
          "correlation_id": "corr_qml7IQoFsVhGi3Zb",
          "request_id": "req_51be886524604db2ae4a927800bb432c"
        }
      }
    }
  ],
  "runtime": {
    "env_file": "D:\\10 Development\\10 \uac1c\uc778\ud504\ub85c\uc81d\ud2b8\\70. Mybank\\workspace\\.env.dev",
    "loaded_env_key_count": 51,
    "persist_db": true,
    "trigger_type": "admin_source_collection",
    "triggered_by": "kylee1112@hotmail.com",
    "routing_mode": "phase1",
    "database_schema": "public",
    "storage_driver": "s3"
  },
  "persistence": {
    "run_id": "run_20260714_053944_alterna_chequing_collect_e42liyml",
    "run_state": "completed",
    "candidate_count": 2,
    "review_task_count": 0,
    "review_queued_count": 0,
    "auto_validated_count": 2,
    "model_execution_count": 2,
    "usage_record_count": 2,
    "run_source_item_count": 2,
    "source_success_count": 2,
    "source_failure_count": 0,
    "partial_completion_flag": false,
    "completed_at": "2026-07-14T05:41:43.435395+00:00"
  }
}
[source-collection-runner] run run_20260714_053944_alterna_chequing_collect_e42liyml auto-promoted 2 candidate(s); aggregate refresh launch=True
[source-collection-runner] run run_20260714_053944_alterna_chequing_collect_e42liyml completed downstream stages
[source-catalog-runner] finished run run_20260714_053944_alterna_chequing_collect_e42liyml
