[source-catalog-runner] starting run run_20260420_222518_rbc_chequing_collect_IYDOM_51 for RBC chequing
[source-collection-runner] run run_20260420_222518_rbc_chequing_collect_IYDOM_51 starting snapshot for 13 source(s)
[source-collection-runner] launching stage fpds_snapshot with timeout 1800s
warning: `VIRTUAL_ENV=api\service\.venv` does not match the project environment path `.venv` and will be ignored; use `--active` to target the active environment instead
{
  "run_id": "run_20260420_222518_rbc_chequing_collect_IYDOM_51",
  "correlation_id": "corr_CWsKhajUSBUDHHOg",
  "request_id": "req_76fb884264da428fbebf2d1239a0b339",
  "partial_completion_flag": true,
  "stats": {
    "source_total": 13,
    "stored_count": 7,
    "reused_count": 5,
    "failed_count": 1
  },
  "source_results": [
    {
      "source_id": "RBC-CHQ-002",
      "source_document_id": "src-rbc-html-f3e7862060d148e1",
      "snapshot_action": "reused",
      "attempt_count": 1,
      "snapshot_id": "snap-2d63cc8a567e4371",
      "object_storage_key": "dev/snapshots/CA/RBC/src-rbc-html-f3e7862060d148e1/snap-2d63cc8a567e4371/raw",
      "checksum": "fd1bc455b629148b28c0b8cad220f2ddfe0ad947c23fc40e31a26b1f0c0d04ea",
      "fingerprint": "b554a9ff0449669ed6d773a0bbcc27ebf5b85c689c2fd2378937a829e56f2a2c",
      "content_type": "text/html",
      "fetch_status": "reused",
      "fetched_at": "2026-04-20T22:25:40.619205+00:00",
      "error_summary": null,
      "source_snapshot_record": null,
      "run_source_item_record": {
        "run_source_item_id": "rsi-0a520d9b2c7c398a",
        "run_id": "run_20260420_222518_rbc_chequing_collect_IYDOM_51",
        "source_document_id": "src-rbc-html-f3e7862060d148e1",
        "selected_snapshot_id": "snap-2d63cc8a567e4371",
        "stage_status": "completed",
        "warning_count": 0,
        "error_count": 0,
        "error_summary": null,
        "stage_metadata": {
          "snapshot_action": "reused",
          "request_id": "req_76fb884264da428fbebf2d1239a0b339",
          "correlation_id": "corr_CWsKhajUSBUDHHOg",
          "attempt_count": 1,
          "existing_snapshot_id": "snap-2d63cc8a567e4371",
          "existing_fetched_at": "2026-04-20T03:21:26.080149+00",
          "preflight_status": "ok",
          "preflight_issue_codes": [],
          "current_response_metadata": {
            "source_id": "RBC-CHQ-002",
            "request_url": "https://www.rbcroyalbank.com/bank-accounts/chequing-accounts/day-to-day-banking.html",
            "final_url": "https://www.rbcroyalbank.com/bank-accounts/chequing-accounts/day-to-day-banking.html",
            "status_code": 200,
            "content_length": 311900,
            "content_type": "text/html",
            "redirect_count": 0,
            "etag": null,
            "last_modified": null,
            "cache_control": "max-age=0",
            "attempt_count": 1
          }
        }
      }
    },
    {
      "source_id": "RBC-CHQ-003",
      "source_document_id": "src-rbc-html-e7b2e8757fc5fe22",
      "snapshot_action": "reused",
      "attempt_count": 1,
      "snapshot_id": "snap-d837a0011349e1e8",
      "object_storage_key": "dev/snapshots/CA/RBC/src-rbc-html-e7b2e8757fc5fe22/snap-d837a0011349e1e8/raw",
      "checksum": "2bcfcc9a953db443927d1be9f677982b7d7809ddc27fefe90a79d97e5b60ebb1",
      "fingerprint": "457b16df3d5cb395959e84612f751f272416ec39b50b4f544181f1a8ddf38933",
      "content_type": "text/html",
      "fetch_status": "reused",
      "fetched_at": "2026-04-20T22:25:40.769822+00:00",
      "error_summary": null,
      "source_snapshot_record": null,
      "run_source_item_record": {
        "run_source_item_id": "rsi-12ff50aee63c3cde",
        "run_id": "run_20260420_222518_rbc_chequing_collect_IYDOM_51",
        "source_document_id": "src-rbc-html-e7b2e8757fc5fe22",
        "selected_snapshot_id": "snap-d837a0011349e1e8",
        "stage_status": "completed",
        "warning_count": 0,
        "error_count": 0,
        "error_summary": null,
        "stage_metadata": {
          "snapshot_action": "reused",
          "request_id": "req_76fb884264da428fbebf2d1239a0b339",
          "correlation_id": "corr_CWsKhajUSBUDHHOg",
          "attempt_count": 1,
          "existing_snapshot_id": "snap-d837a0011349e1e8",
          "existing_fetched_at": "2026-04-20T03:21:28.576525+00",
          "preflight_status": "ok",
          "preflight_issue_codes": [],
          "current_response_metadata": {
            "source_id": "RBC-CHQ-003",
            "request_url": "https://www.rbcroyalbank.com/bank-accounts/chequing-accounts/advantage-banking.html",
            "final_url": "https://www.rbcroyalbank.com/bank-accounts/chequing-accounts/advantage-banking.html",
            "status_code": 200,
            "content_length": 299767,
            "content_type": "text/html",
            "redirect_count": 0,
            "etag": null,
            "last_modified": null,
            "cache_control": null,
            "attempt_count": 1
          }
        }
      }
    },
    {
      "source_id": "RBC-CHQ-004",
      "source_document_id": "src-rbc-html-b0726cf552989ec5",
      "snapshot_action": "stored",
      "attempt_count": 1,
      "snapshot_id": "snap-06f4ad7ef051d000",
      "object_storage_key": "dev/snapshots/CA/RBC/src-rbc-html-b0726cf552989ec5/snap-06f4ad7ef051d000/raw",
      "checksum": "8428412fc145d7dc6f44d3b26f4e134dae809ff18ef5219065f6611b0f35a483",
      "fingerprint": "5b4de26fd677ca9612a42ad0a7316a5c1b5d0a35c0445328b9fd884a2f4425c4",
      "content_type": "text/html",
      "fetch_status": "fetched",
      "fetched_at": "2026-04-20T22:25:40.848504+00:00",
      "error_summary": null,
      "source_snapshot_record": {
        "snapshot_id": "snap-06f4ad7ef051d000",
        "source_document_id": "src-rbc-html-b0726cf552989ec5",
        "object_storage_key": "dev/snapshots/CA/RBC/src-rbc-html-b0726cf552989ec5/snap-06f4ad7ef051d000/raw",
        "content_type": "text/html",
        "checksum": "8428412fc145d7dc6f44d3b26f4e134dae809ff18ef5219065f6611b0f35a483",
        "fingerprint": "5b4de26fd677ca9612a42ad0a7316a5c1b5d0a35c0445328b9fd884a2f4425c4",
        "fetch_status": "fetched",
        "response_metadata": {
          "source_id": "RBC-CHQ-004",
          "request_url": "https://www.rbcroyalbank.com/bank-accounts/chequing-accounts/signature-no-limit-banking.html",
          "final_url": "https://www.rbcroyalbank.com/bank-accounts/chequing-accounts/signature-no-limit-banking.html",
          "status_code": 200,
          "content_length": 262150,
          "content_type": "text/html",
          "redirect_count": 0,
          "etag": null,
          "last_modified": null,
          "cache_control": "max-age=0",
          "attempt_count": 1
        },
        "retention_class": "hot",
        "fetched_at": "2026-04-20T22:25:40.848504+00:00"
      },
      "run_source_item_record": {
        "run_source_item_id": "rsi-52025d71d3e5d527",
        "run_id": "run_20260420_222518_rbc_chequing_collect_IYDOM_51",
        "source_document_id": "src-rbc-html-b0726cf552989ec5",
        "selected_snapshot_id": "snap-06f4ad7ef051d000",
        "stage_status": "completed",
        "warning_count": 0,
        "error_count": 0,
        "error_summary": null,
        "stage_metadata": {
          "snapshot_action": "stored",
          "request_id": "req_76fb884264da428fbebf2d1239a0b339",
          "content_type": "text/html",
          "checksum": "8428412fc145d7dc6f44d3b26f4e134dae809ff18ef5219065f6611b0f35a483",
          "fingerprint": "5b4de26fd677ca9612a42ad0a7316a5c1b5d0a35c0445328b9fd884a2f4425c4",
          "object_storage_key": "dev/snapshots/CA/RBC/src-rbc-html-b0726cf552989ec5/snap-06f4ad7ef051d000/raw",
          "correlation_id": "corr_CWsKhajUSBUDHHOg",
          "attempt_count": 1,
          "preflight_status": "ok",
          "preflight_issue_codes": []
        }
      }
    },
    {
      "source_id": "RBC-CHQ-005",
      "source_document_id": "src-rbc-html-13e70b67c2e576a8",
      "snapshot_action": "stored",
      "attempt_count": 1,
      "snapshot_id": "snap-eac8f788e101af8d",
      "object_storage_key": "dev/snapshots/CA/RBC/src-rbc-html-13e70b67c2e576a8/snap-eac8f788e101af8d/raw",
      "checksum": "7467e19ca7ae5462cc0b488762b2e8c5761ed6f546cdd853a2beb49ab7b93044",
      "fingerprint": "0ab0f0db9998a82435746cf28cba78115a558c005f4b34b7c77de66896ef613c",
      "content_type": "text/html",
      "fetch_status": "fetched",
      "fetched_at": "2026-04-20T22:25:40.828653+00:00",
      "error_summary": null,
      "source_snapshot_record": {
        "snapshot_id": "snap-eac8f788e101af8d",
        "source_document_id": "src-rbc-html-13e70b67c2e576a8",
        "object_storage_key": "dev/snapshots/CA/RBC/src-rbc-html-13e70b67c2e576a8/snap-eac8f788e101af8d/raw",
        "content_type": "text/html",
        "checksum": "7467e19ca7ae5462cc0b488762b2e8c5761ed6f546cdd853a2beb49ab7b93044",
        "fingerprint": "0ab0f0db9998a82435746cf28cba78115a558c005f4b34b7c77de66896ef613c",
        "fetch_status": "fetched",
        "response_metadata": {
          "source_id": "RBC-CHQ-005",
          "request_url": "https://www.rbcroyalbank.com/bank-accounts/chequing-accounts/vip-banking.html",
          "final_url": "https://www.rbcroyalbank.com/bank-accounts/chequing-accounts/vip-banking.html",
          "status_code": 200,
          "content_length": 318017,
          "content_type": "text/html",
          "redirect_count": 0,
          "etag": null,
          "last_modified": null,
          "cache_control": "max-age=0",
          "attempt_count": 1
        },
        "retention_class": "hot",
        "fetched_at": "2026-04-20T22:25:40.828653+00:00"
      },
      "run_source_item_record": {
        "run_source_item_id": "rsi-d6ad0c6876d0798d",
        "run_id": "run_20260420_222518_rbc_chequing_collect_IYDOM_51",
        "source_document_id": "src-rbc-html-13e70b67c2e576a8",
        "selected_snapshot_id": "snap-eac8f788e101af8d",
        "stage_status": "completed",
        "warning_count": 0,
        "error_count": 0,
        "error_summary": null,
        "stage_metadata": {
          "snapshot_action": "stored",
          "request_id": "req_76fb884264da428fbebf2d1239a0b339",
          "content_type": "text/html",
          "checksum": "7467e19ca7ae5462cc0b488762b2e8c5761ed6f546cdd853a2beb49ab7b93044",
          "fingerprint": "0ab0f0db9998a82435746cf28cba78115a558c005f4b34b7c77de66896ef613c",
          "object_storage_key": "dev/snapshots/CA/RBC/src-rbc-html-13e70b67c2e576a8/snap-eac8f788e101af8d/raw",
          "correlation_id": "corr_CWsKhajUSBUDHHOg",
          "attempt_count": 1,
          "preflight_status": "ok",
          "preflight_issue_codes": []
        }
      }
    },
    {
      "source_id": "RBC-CHQ-006",
      "source_document_id": "src-rbc-html-e528d782eb78344f",
      "snapshot_action": "stored",
      "attempt_count": 1,
      "snapshot_id": "snap-9f8f32b7d769775b",
      "object_storage_key": "dev/snapshots/CA/RBC/src-rbc-html-e528d782eb78344f/snap-9f8f32b7d769775b/raw",
      "checksum": "048394e592f435a709801091225c97c0c430cc76f745885952fc2a31150c26df",
      "fingerprint": "7dadb9011f251de21100a21388a8babec1fda12f47a5eb6b584cfe5d086f4e54",
      "content_type": "text/html",
      "fetch_status": "fetched",
      "fetched_at": "2026-04-20T22:25:40.814640+00:00",
      "error_summary": null,
      "source_snapshot_record": {
        "snapshot_id": "snap-9f8f32b7d769775b",
        "source_document_id": "src-rbc-html-e528d782eb78344f",
        "object_storage_key": "dev/snapshots/CA/RBC/src-rbc-html-e528d782eb78344f/snap-9f8f32b7d769775b/raw",
        "content_type": "text/html",
        "checksum": "048394e592f435a709801091225c97c0c430cc76f745885952fc2a31150c26df",
        "fingerprint": "7dadb9011f251de21100a21388a8babec1fda12f47a5eb6b584cfe5d086f4e54",
        "fetch_status": "fetched",
        "response_metadata": {
          "source_id": "RBC-CHQ-006",
          "request_url": "https://www.rbcroyalbank.com/rates/persacct.html",
          "final_url": "https://www.rbcroyalbank.com/rates/persacct.html",
          "status_code": 200,
          "content_length": 32122,
          "content_type": "text/html",
          "redirect_count": 0,
          "etag": null,
          "last_modified": null,
          "cache_control": "max-age=0",
          "attempt_count": 1
        },
        "retention_class": "hot",
        "fetched_at": "2026-04-20T22:25:40.814640+00:00"
      },
      "run_source_item_record": {
        "run_source_item_id": "rsi-29316b421ef47750",
        "run_id": "run_20260420_222518_rbc_chequing_collect_IYDOM_51",
        "source_document_id": "src-rbc-html-e528d782eb78344f",
        "selected_snapshot_id": "snap-9f8f32b7d769775b",
        "stage_status": "completed",
        "warning_count": 0,
        "error_count": 0,
        "error_summary": null,
        "stage_metadata": {
          "snapshot_action": "stored",
          "request_id": "req_76fb884264da428fbebf2d1239a0b339",
          "content_type": "text/html",
          "checksum": "048394e592f435a709801091225c97c0c430cc76f745885952fc2a31150c26df",
          "fingerprint": "7dadb9011f251de21100a21388a8babec1fda12f47a5eb6b584cfe5d086f4e54",
          "object_storage_key": "dev/snapshots/CA/RBC/src-rbc-html-e528d782eb78344f/snap-9f8f32b7d769775b/raw",
          "correlation_id": "corr_CWsKhajUSBUDHHOg",
          "attempt_count": 1,
          "preflight_status": "ok",
          "preflight_issue_codes": []
        }
      }
    },
    {
      "source_id": "AUTO-RBC-CHQ-0107d4ff5b",
      "source_document_id": "src-rbc-html-11b47522f80eab4b",
      "snapshot_action": "reused",
      "attempt_count": 1,
      "snapshot_id": "snap-c908674c2db80512",
      "object_storage_key": "dev/snapshots/CA/RBC/src-rbc-html-11b47522f80eab4b/snap-c908674c2db80512/raw",
      "checksum": "24c76156e954ac7d6469144a7e3bbe287339ffd42e725af8192accdca6d6c960",
      "fingerprint": "0d68dd5131e65d8a1581303c91ea0ef83ca603ad3307d0bcb25d0ec45238ca0b",
      "content_type": "text/html",
      "fetch_status": "reused",
      "fetched_at": "2026-04-20T22:25:41.042290+00:00",
      "error_summary": null,
      "source_snapshot_record": null,
      "run_source_item_record": {
        "run_source_item_id": "rsi-8b8ecf9143d3e343",
        "run_id": "run_20260420_222518_rbc_chequing_collect_IYDOM_51",
        "source_document_id": "src-rbc-html-11b47522f80eab4b",
        "selected_snapshot_id": "snap-c908674c2db80512",
        "stage_status": "completed",
        "warning_count": 0,
        "error_count": 0,
        "error_summary": null,
        "stage_metadata": {
          "snapshot_action": "reused",
          "request_id": "req_76fb884264da428fbebf2d1239a0b339",
          "correlation_id": "corr_CWsKhajUSBUDHHOg",
          "attempt_count": 1,
          "existing_snapshot_id": "snap-c908674c2db80512",
          "existing_fetched_at": "2026-04-20T03:18:26.144051+00",
          "preflight_status": "ok",
          "preflight_issue_codes": [],
          "current_response_metadata": {
            "source_id": "AUTO-RBC-CHQ-0107d4ff5b",
            "request_url": "https://www.rbcroyalbank.com/banking-services/estatements.html",
            "final_url": "https://www.rbcroyalbank.com/banking-services/estatements.html",
            "status_code": 200,
            "content_length": 149813,
            "content_type": "text/html",
            "redirect_count": 0,
            "etag": null,
            "last_modified": null,
            "cache_control": "max-age=0",
            "attempt_count": 1
          }
        }
      }
    },
    {
      "source_id": "AUTO-RBC-CHQ-5b720d0fe6",
      "source_document_id": "src-rbc-html-a312cd3eb5501680",
      "snapshot_action": "reused",
      "attempt_count": 1,
      "snapshot_id": "snap-f3959801a6784f5e",
      "object_storage_key": "dev/snapshots/CA/RBC/src-rbc-html-a312cd3eb5501680/snap-f3959801a6784f5e/raw",
      "checksum": "8064b465766a03bdcce0285259c59c64e263f5fe7b38a55643f6a5769e657892",
      "fingerprint": "7266655c67c1c73343446b4e77ae3c4f28e465c89ba4d63cfcb969668e62b93d",
      "content_type": "text/html",
      "fetch_status": "reused",
      "fetched_at": "2026-04-20T22:25:41.283977+00:00",
      "error_summary": null,
      "source_snapshot_record": null,
      "run_source_item_record": {
        "run_source_item_id": "rsi-e20db74dcfcc448b",
        "run_id": "run_20260420_222518_rbc_chequing_collect_IYDOM_51",
        "source_document_id": "src-rbc-html-a312cd3eb5501680",
        "selected_snapshot_id": "snap-f3959801a6784f5e",
        "stage_status": "completed",
        "warning_count": 0,
        "error_count": 0,
        "error_summary": null,
        "stage_metadata": {
          "snapshot_action": "reused",
          "request_id": "req_76fb884264da428fbebf2d1239a0b339",
          "correlation_id": "corr_CWsKhajUSBUDHHOg",
          "attempt_count": 1,
          "existing_snapshot_id": "snap-f3959801a6784f5e",
          "existing_fetched_at": "2026-04-20T03:18:20.756338+00",
          "preflight_status": "ok",
          "preflight_issue_codes": [],
          "current_response_metadata": {
            "source_id": "AUTO-RBC-CHQ-5b720d0fe6",
            "request_url": "https://www.rbcroyalbank.com/banking-services/direct-deposit.html",
            "final_url": "https://www.rbcroyalbank.com/banking-services/direct-deposit.html",
            "status_code": 200,
            "content_length": 146861,
            "content_type": "text/html",
            "redirect_count": 0,
            "etag": null,
            "last_modified": null,
            "cache_control": "max-age=0",
            "attempt_count": 1
          }
        }
      }
    },
    {
      "source_id": "AUTO-RBC-CHQ-b044e8b6c3",
      "source_document_id": "src-rbc-html-5395c0d45c05fe29",
      "snapshot_action": "stored",
      "attempt_count": 1,
      "snapshot_id": "snap-026f71ef0afd65ec",
      "object_storage_key": "dev/snapshots/CA/RBC/src-rbc-html-5395c0d45c05fe29/snap-026f71ef0afd65ec/raw",
      "checksum": "6ccc53ef19e9531a7c7541433cf1379f41030958935a8e07606d199b9e099560",
      "fingerprint": "b23486644e1ad401205a916f6f88d349b312c8358a4bbdadd6bc214fea0fd85c",
      "content_type": "text/html",
      "fetch_status": "fetched",
      "fetched_at": "2026-04-20T22:25:41.796975+00:00",
      "error_summary": null,
      "source_snapshot_record": {
        "snapshot_id": "snap-026f71ef0afd65ec",
        "source_document_id": "src-rbc-html-5395c0d45c05fe29",
        "object_storage_key": "dev/snapshots/CA/RBC/src-rbc-html-5395c0d45c05fe29/snap-026f71ef0afd65ec/raw",
        "content_type": "text/html",
        "checksum": "6ccc53ef19e9531a7c7541433cf1379f41030958935a8e07606d199b9e099560",
        "fingerprint": "b23486644e1ad401205a916f6f88d349b312c8358a4bbdadd6bc214fea0fd85c",
        "fetch_status": "fetched",
        "response_metadata": {
          "source_id": "AUTO-RBC-CHQ-b044e8b6c3",
          "request_url": "https://www.rbcroyalbank.com/bank-accounts/value-program.html",
          "final_url": "https://www.rbcroyalbank.com/bank-accounts/value-program.html",
          "status_code": 200,
          "content_length": 250692,
          "content_type": "text/html",
          "redirect_count": 0,
          "etag": null,
          "last_modified": null,
          "cache_control": "max-age=0",
          "attempt_count": 1
        },
        "retention_class": "hot",
        "fetched_at": "2026-04-20T22:25:41.796975+00:00"
      },
      "run_source_item_record": {
        "run_source_item_id": "rsi-1736718ae758a766",
        "run_id": "run_20260420_222518_rbc_chequing_collect_IYDOM_51",
        "source_document_id": "src-rbc-html-5395c0d45c05fe29",
        "selected_snapshot_id": "snap-026f71ef0afd65ec",
        "stage_status": "completed",
        "warning_count": 0,
        "error_count": 0,
        "error_summary": null,
        "stage_metadata": {
          "snapshot_action": "stored",
          "request_id": "req_76fb884264da428fbebf2d1239a0b339",
          "content_type": "text/html",
          "checksum": "6ccc53ef19e9531a7c7541433cf1379f41030958935a8e07606d199b9e099560",
          "fingerprint": "b23486644e1ad401205a916f6f88d349b312c8358a4bbdadd6bc214fea0fd85c",
          "object_storage_key": "dev/snapshots/CA/RBC/src-rbc-html-5395c0d45c05fe29/snap-026f71ef0afd65ec/raw",
          "correlation_id": "corr_CWsKhajUSBUDHHOg",
          "attempt_count": 1,
          "preflight_status": "ok",
          "preflight_issue_codes": []
        }
      }
    },
    {
      "source_id": "AUTO-RBC-CHQ-d7eb877b2c",
      "source_document_id": "src-rbc-html-46a33774d3b56ab9",
      "snapshot_action": "reused",
      "attempt_count": 1,
      "snapshot_id": "snap-7714b5b9d67bb410",
      "object_storage_key": "dev/snapshots/CA/RBC/src-rbc-html-46a33774d3b56ab9/snap-7714b5b9d67bb410/raw",
      "checksum": "98d172e68cca314d43f22a4f8eed6ac6a22d3a1fc74c615602fecc67b58785c2",
      "fingerprint": "b75e9d18d721574060cad474924ce35a1aa3653107f5777a11eb1f02bd701f2c",
      "content_type": "text/html",
      "fetch_status": "reused",
      "fetched_at": "2026-04-20T22:25:54.590913+00:00",
      "error_summary": null,
      "source_snapshot_record": null,
      "run_source_item_record": {
        "run_source_item_id": "rsi-90c700ac3f019b92",
        "run_id": "run_20260420_222518_rbc_chequing_collect_IYDOM_51",
        "source_document_id": "src-rbc-html-46a33774d3b56ab9",
        "selected_snapshot_id": "snap-7714b5b9d67bb410",
        "stage_status": "completed",
        "warning_count": 0,
        "error_count": 0,
        "error_summary": null,
        "stage_metadata": {
          "snapshot_action": "reused",
          "request_id": "req_76fb884264da428fbebf2d1239a0b339",
          "correlation_id": "corr_CWsKhajUSBUDHHOg",
          "attempt_count": 1,
          "existing_snapshot_id": "snap-7714b5b9d67bb410",
          "existing_fetched_at": "2026-04-20T03:18:20.784963+00",
          "preflight_status": "ok",
          "preflight_issue_codes": [],
          "current_response_metadata": {
            "source_id": "AUTO-RBC-CHQ-d7eb877b2c",
            "request_url": "https://www.rbcroyalbank.com/banking-services/additional-account-services.html",
            "final_url": "https://www.rbcroyalbank.com/banking-services/additional-account-services.html",
            "status_code": 200,
            "content_length": 185706,
            "content_type": "text/html",
            "redirect_count": 0,
            "etag": null,
            "last_modified": null,
            "cache_control": "max-age=0",
            "attempt_count": 1
          }
        }
      }
    },
    {
      "source_id": "AUTO-RBC-CHQ-086207342c",
      "source_document_id": "src-rbc-pdf-66b1f1a3c3760c5c",
      "snapshot_action": "stored",
      "attempt_count": 1,
      "snapshot_id": "snap-80377e5466f3cc40",
      "object_storage_key": "dev/snapshots/CA/RBC/src-rbc-pdf-66b1f1a3c3760c5c/snap-80377e5466f3cc40/raw",
      "checksum": "f9b1e40e6cdbc8a69612cdfd35660b73143d6cdd2e891bf08658ce355f18eaff",
      "fingerprint": "91ae3ca267261d0b8f261d7aec97ac2523fe9d8c7f37df3455dc04d11e5304f5",
      "content_type": "application/pdf",
      "fetch_status": "fetched",
      "fetched_at": "2026-04-20T22:25:54.748944+00:00",
      "error_summary": null,
      "source_snapshot_record": {
        "snapshot_id": "snap-80377e5466f3cc40",
        "source_document_id": "src-rbc-pdf-66b1f1a3c3760c5c",
        "object_storage_key": "dev/snapshots/CA/RBC/src-rbc-pdf-66b1f1a3c3760c5c/snap-80377e5466f3cc40/raw",
        "content_type": "application/pdf",
        "checksum": "f9b1e40e6cdbc8a69612cdfd35660b73143d6cdd2e891bf08658ce355f18eaff",
        "fingerprint": "91ae3ca267261d0b8f261d7aec97ac2523fe9d8c7f37df3455dc04d11e5304f5",
        "fetch_status": "fetched",
        "response_metadata": {
          "source_id": "AUTO-RBC-CHQ-086207342c",
          "request_url": "https://www.rbcroyalbank.com/onlinebanking/servicech/pdf/PDA_Account_Disclosure_Booklet.pdf",
          "final_url": "https://www.rbcroyalbank.com/onlinebanking/servicech/pdf/PDA_Account_Disclosure_Booklet.pdf",
          "status_code": 200,
          "content_length": 278454,
          "content_type": "application/pdf",
          "redirect_count": 0,
          "etag": "\"63b4264a8d67a\"",
          "last_modified": "Thu, 31 Jul 2025 23:56:42 GMT",
          "cache_control": "max-age=0",
          "attempt_count": 1
        },
        "retention_class": "hot",
        "fetched_at": "2026-04-20T22:25:54.748944+00:00"
      },
      "run_source_item_record": {
        "run_source_item_id": "rsi-6efc088ebfd366e3",
        "run_id": "run_20260420_222518_rbc_chequing_collect_IYDOM_51",
        "source_document_id": "src-rbc-pdf-66b1f1a3c3760c5c",
        "selected_snapshot_id": "snap-80377e5466f3cc40",
        "stage_status": "completed",
        "warning_count": 0,
        "error_count": 0,
        "error_summary": null,
        "stage_metadata": {
          "snapshot_action": "stored",
          "request_id": "req_76fb884264da428fbebf2d1239a0b339",
          "content_type": "application/pdf",
          "checksum": "f9b1e40e6cdbc8a69612cdfd35660b73143d6cdd2e891bf08658ce355f18eaff",
          "fingerprint": "91ae3ca267261d0b8f261d7aec97ac2523fe9d8c7f37df3455dc04d11e5304f5",
          "object_storage_key": "dev/snapshots/CA/RBC/src-rbc-pdf-66b1f1a3c3760c5c/snap-80377e5466f3cc40/raw",
          "correlation_id": "corr_CWsKhajUSBUDHHOg",
          "attempt_count": 1,
          "preflight_status": "ok",
          "preflight_issue_codes": []
        }
      }
    },
    {
      "source_id": "AUTO-RBC-CHQ-67cacc3a00",
      "source_document_id": "src-rbc-pdf-c14976b1cdde2db5",
      "snapshot_action": "failed",
      "attempt_count": 3,
      "snapshot_id": null,
      "object_storage_key": null,
      "checksum": null,
      "fingerprint": null,
      "content_type": null,
      "fetch_status": null,
      "fetched_at": null,
      "error_summary": "Discovery fetch requires https URLs: http://www.rbcroyalbank.com/online/_assets-custom/pdf/mca-agreement-en.pdf",
      "source_snapshot_record": null,
      "run_source_item_record": {
        "run_source_item_id": "rsi-296374c2b3773e40",
        "run_id": "run_20260420_222518_rbc_chequing_collect_IYDOM_51",
        "source_document_id": "src-rbc-pdf-c14976b1cdde2db5",
        "selected_snapshot_id": null,
        "stage_status": "failed",
        "warning_count": 1,
        "error_count": 3,
        "error_summary": "Discovery fetch requires https URLs: http://www.rbcroyalbank.com/online/_assets-custom/pdf/mca-agreement-en.pdf",
        "stage_metadata": {
          "snapshot_action": "failed",
          "request_id": "req_76fb884264da428fbebf2d1239a0b339",
          "attempt_count": 3,
          "correlation_id": "corr_CWsKhajUSBUDHHOg",
          "requested_url": "http://www.rbcroyalbank.com/online/_assets-custom/pdf/mca-agreement-en.pdf",
          "preflight_status": "error",
          "preflight_issue_codes": [
            "fetch_failed"
          ]
        }
      }
    },
    {
      "source_id": "AUTO-RBC-CHQ-c6168abd3e",
      "source_document_id": "src-rbc-pdf-883bdc34eede5f1d",
      "snapshot_action": "stored",
      "attempt_count": 1,
      "snapshot_id": "snap-93286d710b091d71",
      "object_storage_key": "dev/snapshots/CA/RBC/src-rbc-pdf-883bdc34eede5f1d/snap-93286d710b091d71/raw",
      "checksum": "45c09d18a280ec7e8d975831ef2a0f0e121c1b9d29fea5165aba77c60fbf5f9c",
      "fingerprint": "a2b58497a316c74d60107b277b4e6f3d4c6928086e25407cf8618bf0a8af74d1",
      "content_type": "application/pdf",
      "fetch_status": "fetched",
      "fetched_at": "2026-04-20T22:25:55.080736+00:00",
      "error_summary": null,
      "source_snapshot_record": {
        "snapshot_id": "snap-93286d710b091d71",
        "source_document_id": "src-rbc-pdf-883bdc34eede5f1d",
        "object_storage_key": "dev/snapshots/CA/RBC/src-rbc-pdf-883bdc34eede5f1d/snap-93286d710b091d71/raw",
        "content_type": "application/pdf",
        "checksum": "45c09d18a280ec7e8d975831ef2a0f0e121c1b9d29fea5165aba77c60fbf5f9c",
        "fingerprint": "a2b58497a316c74d60107b277b4e6f3d4c6928086e25407cf8618bf0a8af74d1",
        "fetch_status": "fetched",
        "response_metadata": {
          "source_id": "AUTO-RBC-CHQ-c6168abd3e",
          "request_url": "https://www.rbcroyalbank.com/online/_assets-custom/pdf/mca-agreement-en.pdf",
          "final_url": "https://www.rbcroyalbank.com/online/_assets-custom/pdf/mca-agreement-en.pdf",
          "status_code": 200,
          "content_length": 691919,
          "content_type": "application/pdf",
          "redirect_count": 0,
          "etag": "\"61dd159d89340\"",
          "last_modified": "Mon, 22 Jul 2024 07:54:13 GMT",
          "cache_control": "max-age=0",
          "attempt_count": 1
        },
        "retention_class": "hot",
        "fetched_at": "2026-04-20T22:25:55.080736+00:00"
      },
      "run_source_item_record": {
        "run_source_item_id": "rsi-c5a2cf3ade66caf3",
        "run_id": "run_20260420_222518_rbc_chequing_collect_IYDOM_51",
        "source_document_id": "src-rbc-pdf-883bdc34eede5f1d",
        "selected_snapshot_id": "snap-93286d710b091d71",
        "stage_status": "completed",
        "warning_count": 0,
        "error_count": 0,
        "error_summary": null,
        "stage_metadata": {
          "snapshot_action": "stored",
          "request_id": "req_76fb884264da428fbebf2d1239a0b339",
          "content_type": "application/pdf",
          "checksum": "45c09d18a280ec7e8d975831ef2a0f0e121c1b9d29fea5165aba77c60fbf5f9c",
          "fingerprint": "a2b58497a316c74d60107b277b4e6f3d4c6928086e25407cf8618bf0a8af74d1",
          "object_storage_key": "dev/snapshots/CA/RBC/src-rbc-pdf-883bdc34eede5f1d/snap-93286d710b091d71/raw",
          "correlation_id": "corr_CWsKhajUSBUDHHOg",
          "attempt_count": 1,
          "preflight_status": "ok",
          "preflight_issue_codes": []
        }
      }
    },
    {
      "source_id": "AUTO-RBC-CHQ-f13cad0579",
      "source_document_id": "src-rbc-pdf-8ed3ba91e5181f0c",
      "snapshot_action": "stored",
      "attempt_count": 1,
      "snapshot_id": "snap-e7fa2614d5d16307",
      "object_storage_key": "dev/snapshots/CA/RBC/src-rbc-pdf-8ed3ba91e5181f0c/snap-e7fa2614d5d16307/raw",
      "checksum": "46f8bbb58a1f2e27be7c21ec3b3d5b3eceac7e54cb81b8c178d0c46d2ece502b",
      "fingerprint": "b8400108ab0bb2828208ec2facfdfa72ba57af630c2131fb1d9e684a5b02c704",
      "content_type": "application/pdf",
      "fetch_status": "fetched",
      "fetched_at": "2026-04-20T22:26:16.612071+00:00",
      "error_summary": null,
      "source_snapshot_record": {
        "snapshot_id": "snap-e7fa2614d5d16307",
        "source_document_id": "src-rbc-pdf-8ed3ba91e5181f0c",
        "object_storage_key": "dev/snapshots/CA/RBC/src-rbc-pdf-8ed3ba91e5181f0c/snap-e7fa2614d5d16307/raw",
        "content_type": "application/pdf",
        "checksum": "46f8bbb58a1f2e27be7c21ec3b3d5b3eceac7e54cb81b8c178d0c46d2ece502b",
        "fingerprint": "b8400108ab0bb2828208ec2facfdfa72ba57af630c2131fb1d9e684a5b02c704",
        "fetch_status": "fetched",
        "response_metadata": {
          "source_id": "AUTO-RBC-CHQ-f13cad0579",
          "request_url": "https://www.rbcroyalbank.com/onlinebanking/servicech/pdf/PDA_Client_Card_Personal_Identification_Number_Agreement.PDF",
          "final_url": "https://www.rbcroyalbank.com/onlinebanking/servicech/pdf/PDA_Client_Card_Personal_Identification_Number_Agreement.PDF",
          "status_code": 200,
          "content_length": 448105,
          "content_type": "application/pdf",
          "redirect_count": 0,
          "etag": "\"637acda526740\"",
          "last_modified": "Mon, 16 Jun 2025 09:16:37 GMT",
          "cache_control": "max-age=0",
          "attempt_count": 1
        },
        "retention_class": "hot",
        "fetched_at": "2026-04-20T22:26:16.612071+00:00"
      },
      "run_source_item_record": {
        "run_source_item_id": "rsi-fce656b4b9983c5c",
        "run_id": "run_20260420_222518_rbc_chequing_collect_IYDOM_51",
        "source_document_id": "src-rbc-pdf-8ed3ba91e5181f0c",
        "selected_snapshot_id": "snap-e7fa2614d5d16307",
        "stage_status": "completed",
        "warning_count": 0,
        "error_count": 0,
        "error_summary": null,
        "stage_metadata": {
          "snapshot_action": "stored",
          "request_id": "req_76fb884264da428fbebf2d1239a0b339",
          "content_type": "application/pdf",
          "checksum": "46f8bbb58a1f2e27be7c21ec3b3d5b3eceac7e54cb81b8c178d0c46d2ece502b",
          "fingerprint": "b8400108ab0bb2828208ec2facfdfa72ba57af630c2131fb1d9e684a5b02c704",
          "object_storage_key": "dev/snapshots/CA/RBC/src-rbc-pdf-8ed3ba91e5181f0c/snap-e7fa2614d5d16307/raw",
          "correlation_id": "corr_CWsKhajUSBUDHHOg",
          "attempt_count": 1,
          "preflight_status": "ok",
          "preflight_issue_codes": []
        }
      }
    }
  ],
  "preflight": {
    "run_id": "run_20260420_222518_rbc_chequing_collect_IYDOM_51",
    "correlation_id": "corr_CWsKhajUSBUDHHOg",
    "request_id": "req_76fb884264da428fbebf2d1239a0b339",
    "stats": {
      "source_total": 13,
      "ok_count": 12,
      "warning_count": 0,
      "error_count": 1,
      "issue_total": 1
    },
    "source_checks": [
      {
        "source_id": "RBC-CHQ-002",
        "source_document_id": "src-rbc-html-f3e7862060d148e1",
        "expected_url": "https://www.rbcroyalbank.com/bank-accounts/chequing-accounts/day-to-day-banking.html",
        "expected_source_type": "html",
        "status": "ok",
        "fetched_at": "2026-04-20T22:25:35.512741+00:00",
        "final_url": "https://www.rbcroyalbank.com/bank-accounts/chequing-accounts/day-to-day-banking.html",
        "normalized_final_url": "https://www.rbcroyalbank.com/bank-accounts/chequing-accounts/day-to-day-banking.html",
        "status_code": 200,
        "content_type": "text/html",
        "redirect_count": 0,
        "error_summary": null,
        "issues": []
      },
      {
        "source_id": "RBC-CHQ-003",
        "source_document_id": "src-rbc-html-e7b2e8757fc5fe22",
        "expected_url": "https://www.rbcroyalbank.com/bank-accounts/chequing-accounts/advantage-banking.html",
        "expected_source_type": "html",
        "status": "ok",
        "fetched_at": "2026-04-20T22:25:35.891651+00:00",
        "final_url": "https://www.rbcroyalbank.com/bank-accounts/chequing-accounts/advantage-banking.html",
        "normalized_final_url": "https://www.rbcroyalbank.com/bank-accounts/chequing-accounts/advantage-banking.html",
        "status_code": 200,
        "content_type": "text/html",
        "redirect_count": 0,
        "error_summary": null,
        "issues": []
      },
      {
        "source_id": "RBC-CHQ-004",
        "source_document_id": "src-rbc-html-b0726cf552989ec5",
        "expected_url": "https://www.rbcroyalbank.com/bank-accounts/chequing-accounts/signature-no-limit-banking.html",
        "expected_source_type": "html",
        "status": "ok",
        "fetched_at": "2026-04-20T22:25:36.182506+00:00",
        "final_url": "https://www.rbcroyalbank.com/bank-accounts/chequing-accounts/signature-no-limit-banking.html",
        "normalized_final_url": "https://www.rbcroyalbank.com/bank-accounts/chequing-accounts/signature-no-limit-banking.html",
        "status_code": 200,
        "content_type": "text/html",
        "redirect_count": 0,
        "error_summary": null,
        "issues": []
      },
      {
        "source_id": "RBC-CHQ-005",
        "source_document_id": "src-rbc-html-13e70b67c2e576a8",
        "expected_url": "https://www.rbcroyalbank.com/bank-accounts/chequing-accounts/vip-banking.html",
        "expected_source_type": "html",
        "status": "ok",
        "fetched_at": "2026-04-20T22:25:36.760772+00:00",
        "final_url": "https://www.rbcroyalbank.com/bank-accounts/chequing-accounts/vip-banking.html",
        "normalized_final_url": "https://www.rbcroyalbank.com/bank-accounts/chequing-accounts/vip-banking.html",
        "status_code": 200,
        "content_type": "text/html",
        "redirect_count": 0,
        "error_summary": null,
        "issues": []
      },
      {
        "source_id": "RBC-CHQ-006",
        "source_document_id": "src-rbc-html-e528d782eb78344f",
        "expected_url": "https://www.rbcroyalbank.com/rates/persacct.html",
        "expected_source_type": "html",
        "status": "ok",
        "fetched_at": "2026-04-20T22:25:36.907045+00:00",
        "final_url": "https://www.rbcroyalbank.com/rates/persacct.html",
        "normalized_final_url": "https://www.rbcroyalbank.com/rates/persacct.html",
        "status_code": 200,
        "content_type": "text/html",
        "redirect_count": 0,
        "error_summary": null,
        "issues": []
      },
      {
        "source_id": "AUTO-RBC-CHQ-0107d4ff5b",
        "source_document_id": "src-rbc-html-11b47522f80eab4b",
        "expected_url": "https://www.rbcroyalbank.com/banking-services/estatements.html",
        "expected_source_type": "html",
        "status": "ok",
        "fetched_at": "2026-04-20T22:25:37.353178+00:00",
        "final_url": "https://www.rbcroyalbank.com/banking-services/estatements.html",
        "normalized_final_url": "https://www.rbcroyalbank.com/banking-services/estatements.html",
        "status_code": 200,
        "content_type": "text/html",
        "redirect_count": 0,
        "error_summary": null,
        "issues": []
      },
      {
        "source_id": "AUTO-RBC-CHQ-5b720d0fe6",
        "source_document_id": "src-rbc-html-a312cd3eb5501680",
        "expected_url": "https://www.rbcroyalbank.com/banking-services/direct-deposit.html",
        "expected_source_type": "html",
        "status": "ok",
        "fetched_at": "2026-04-20T22:25:37.730473+00:00",
        "final_url": "https://www.rbcroyalbank.com/banking-services/direct-deposit.html",
        "normalized_final_url": "https://www.rbcroyalbank.com/banking-services/direct-deposit.html",
        "status_code": 200,
        "content_type": "text/html",
        "redirect_count": 0,
        "error_summary": null,
        "issues": []
      },
      {
        "source_id": "AUTO-RBC-CHQ-b044e8b6c3",
        "source_document_id": "src-rbc-html-5395c0d45c05fe29",
        "expected_url": "https://www.rbcroyalbank.com/bank-accounts/value-program.html",
        "expected_source_type": "html",
        "status": "ok",
        "fetched_at": "2026-04-20T22:25:38.114256+00:00",
        "final_url": "https://www.rbcroyalbank.com/bank-accounts/value-program.html",
        "normalized_final_url": "https://www.rbcroyalbank.com/bank-accounts/value-program.html",
        "status_code": 200,
        "content_type": "text/html",
        "redirect_count": 0,
        "error_summary": null,
        "issues": []
      },
      {
        "source_id": "AUTO-RBC-CHQ-d7eb877b2c",
        "source_document_id": "src-rbc-html-46a33774d3b56ab9",
        "expected_url": "https://www.rbcroyalbank.com/banking-services/additional-account-services.html",
        "expected_source_type": "html",
        "status": "ok",
        "fetched_at": "2026-04-20T22:25:38.441605+00:00",
        "final_url": "https://www.rbcroyalbank.com/banking-services/additional-account-services.html",
        "normalized_final_url": "https://www.rbcroyalbank.com/banking-services/additional-account-services.html",
        "status_code": 200,
        "content_type": "text/html",
        "redirect_count": 0,
        "error_summary": null,
        "issues": []
      },
      {
        "source_id": "AUTO-RBC-CHQ-086207342c",
        "source_document_id": "src-rbc-pdf-66b1f1a3c3760c5c",
        "expected_url": "https://www.rbcroyalbank.com/onlinebanking/servicech/pdf/PDA_Account_Disclosure_Booklet.pdf",
        "expected_source_type": "pdf",
        "status": "ok",
        "fetched_at": "2026-04-20T22:25:38.877144+00:00",
        "final_url": "https://www.rbcroyalbank.com/onlinebanking/servicech/pdf/PDA_Account_Disclosure_Booklet.pdf",
        "normalized_final_url": "https://www.rbcroyalbank.com/onlinebanking/servicech/pdf/PDA_Account_Disclosure_Booklet.pdf",
        "status_code": 200,
        "content_type": "application/pdf",
        "redirect_count": 0,
        "error_summary": null,
        "issues": []
      },
      {
        "source_id": "AUTO-RBC-CHQ-67cacc3a00",
        "source_document_id": "src-rbc-pdf-c14976b1cdde2db5",
        "expected_url": "http://www.rbcroyalbank.com/online/_assets-custom/pdf/mca-agreement-en.pdf",
        "expected_source_type": "pdf",
        "status": "error",
        "fetched_at": null,
        "final_url": null,
        "normalized_final_url": null,
        "status_code": null,
        "content_type": null,
        "redirect_count": null,
        "error_summary": "Discovery fetch requires https URLs: http://www.rbcroyalbank.com/online/_assets-custom/pdf/mca-agreement-en.pdf",
        "issues": [
          {
            "source_id": "AUTO-RBC-CHQ-67cacc3a00",
            "source_document_id": "src-rbc-pdf-c14976b1cdde2db5",
            "issue_code": "fetch_failed",
            "severity": "error",
            "expected_url": "http://www.rbcroyalbank.com/online/_assets-custom/pdf/mca-agreement-en.pdf",
            "detected_url": null,
            "expected_source_type": "pdf",
            "detected_content_type": null,
            "message": "Discovery fetch requires https URLs: http://www.rbcroyalbank.com/online/_assets-custom/pdf/mca-agreement-en.pdf"
          }
        ]
      },
      {
        "source_id": "AUTO-RBC-CHQ-c6168abd3e",
        "source_document_id": "src-rbc-pdf-883bdc34eede5f1d",
        "expected_url": "https://www.rbcroyalbank.com/online/_assets-custom/pdf/mca-agreement-en.pdf",
        "expected_source_type": "pdf",
        "status": "ok",
        "fetched_at": "2026-04-20T22:25:39.406793+00:00",
        "final_url": "https://www.rbcroyalbank.com/online/_assets-custom/pdf/mca-agreement-en.pdf",
        "normalized_final_url": "https://www.rbcroyalbank.com/online/_assets-custom/pdf/mca-agreement-en.pdf",
        "status_code": 200,
        "content_type": "application/pdf",
        "redirect_count": 0,
        "error_summary": null,
        "issues": []
      },
      {
        "source_id": "AUTO-RBC-CHQ-f13cad0579",
        "source_document_id": "src-rbc-pdf-8ed3ba91e5181f0c",
        "expected_url": "https://www.rbcroyalbank.com/onlinebanking/servicech/pdf/PDA_Client_Card_Personal_Identification_Number_Agreement.PDF",
        "expected_source_type": "pdf",
        "status": "ok",
        "fetched_at": "2026-04-20T22:25:39.953590+00:00",
        "final_url": "https://www.rbcroyalbank.com/onlinebanking/servicech/pdf/PDA_Client_Card_Personal_Identification_Number_Agreement.PDF",
        "normalized_final_url": "https://www.rbcroyalbank.com/onlinebanking/servicech/pdf/PDA_Client_Card_Personal_Identification_Number_Agreement.PDF",
        "status_code": 200,
        "content_type": "application/pdf",
        "redirect_count": 0,
        "error_summary": null,
        "issues": []
      }
    ]
  },
  "runtime": {
    "env_file": "D:\\10 Development\\10 \uac1c\uc778\ud504\ub85c\uc81d\ud2b8\\70. Mybank\\workspace\\.env.dev",
    "loaded_env_key_count": 51,
    "persist_db": true,
    "trigger_type": "admin_source_collection",
    "triggered_by": "kylee1112@hotmail.com",
    "database_schema": "public",
    "storage_driver": "s3",
    "source_fetch_timeout_seconds": 45,
    "source_fetch_concurrency": 4,
    "preflight_drift_check_enabled": true
  },
  "persistence": {
    "run_id": "run_20260420_222518_rbc_chequing_collect_IYDOM_51",
    "run_state": "completed",
    "source_document_count": 13,
    "stored_snapshot_count": 7,
    "run_source_item_count": 13,
    "source_success_count": 12,
    "source_failure_count": 1,
    "partial_completion_flag": true,
    "started_at": "2026-04-20T22:25:34.211874+00:00",
    "completed_at": "2026-04-20T22:26:41.107100+00:00"
  }
}
[source-collection-runner] run run_20260420_222518_rbc_chequing_collect_IYDOM_51 continuing with 12 successful snapshot source(s)
[source-collection-runner] launching stage fpds_parse_chunk with timeout 1800s
warning: `VIRTUAL_ENV=api\service\.venv` does not match the project environment path `.venv` and will be ignored; use `--active` to target the active environment instead
{
  "run_id": "run_20260420_222518_rbc_chequing_collect_IYDOM_51",
  "correlation_id": "corr_CWsKhajUSBUDHHOg",
  "request_id": "req_76fb884264da428fbebf2d1239a0b339",
  "partial_completion_flag": true,
  "stats": {
    "source_total": 12,
    "stored_count": 6,
    "reused_count": 5,
    "failed_count": 1
  },
  "source_results": [
    {
      "source_id": "RBC-CHQ-002",
      "source_document_id": "src-rbc-html-f3e7862060d148e1",
      "snapshot_id": "snap-2d63cc8a567e4371",
      "parse_action": "reused",
      "parsed_document_id": "parsed-17c9e457856f9cd9",
      "parsed_storage_key": "dev/parsed/CA/RBC/src-rbc-html-f3e7862060d148e1/parsed-17c9e457856f9cd9/parsed.txt",
      "metadata_storage_key": "dev/parsed/CA/RBC/src-rbc-html-f3e7862060d148e1/parsed-17c9e457856f9cd9/metadata.json",
      "chunk_count": 45,
      "parse_quality_note": null,
      "error_summary": null,
      "run_source_item_record": {
        "run_source_item_id": "rsi-0a520d9b2c7c398a",
        "run_id": "run_20260420_222518_rbc_chequing_collect_IYDOM_51",
        "source_document_id": "src-rbc-html-f3e7862060d148e1",
        "selected_snapshot_id": "snap-2d63cc8a567e4371",
        "stage_status": "completed",
        "warning_count": 0,
        "error_count": 0,
        "error_summary": null,
        "stage_metadata": {
          "parse_action": "reused",
          "parsed_document_id": "parsed-17c9e457856f9cd9",
          "parsed_storage_key": "dev/parsed/CA/RBC/src-rbc-html-f3e7862060d148e1/parsed-17c9e457856f9cd9/parsed.txt",
          "metadata_storage_key": "dev/parsed/CA/RBC/src-rbc-html-f3e7862060d148e1/parsed-17c9e457856f9cd9/metadata.json",
          "chunk_count": 45,
          "parse_quality_note": null,
          "parser_version": "fpds-parse-chunk-v1",
          "correlation_id": "corr_CWsKhajUSBUDHHOg",
          "request_id": "req_76fb884264da428fbebf2d1239a0b339"
        }
      }
    },
    {
      "source_id": "RBC-CHQ-003",
      "source_document_id": "src-rbc-html-e7b2e8757fc5fe22",
      "snapshot_id": "snap-d837a0011349e1e8",
      "parse_action": "reused",
      "parsed_document_id": "parsed-ff5bfb3d420d50d5",
      "parsed_storage_key": "dev/parsed/CA/RBC/src-rbc-html-e7b2e8757fc5fe22/parsed-ff5bfb3d420d50d5/parsed.txt",
      "metadata_storage_key": "dev/parsed/CA/RBC/src-rbc-html-e7b2e8757fc5fe22/parsed-ff5bfb3d420d50d5/metadata.json",
      "chunk_count": 49,
      "parse_quality_note": null,
      "error_summary": null,
      "run_source_item_record": {
        "run_source_item_id": "rsi-12ff50aee63c3cde",
        "run_id": "run_20260420_222518_rbc_chequing_collect_IYDOM_51",
        "source_document_id": "src-rbc-html-e7b2e8757fc5fe22",
        "selected_snapshot_id": "snap-d837a0011349e1e8",
        "stage_status": "completed",
        "warning_count": 0,
        "error_count": 0,
        "error_summary": null,
        "stage_metadata": {
          "parse_action": "reused",
          "parsed_document_id": "parsed-ff5bfb3d420d50d5",
          "parsed_storage_key": "dev/parsed/CA/RBC/src-rbc-html-e7b2e8757fc5fe22/parsed-ff5bfb3d420d50d5/parsed.txt",
          "metadata_storage_key": "dev/parsed/CA/RBC/src-rbc-html-e7b2e8757fc5fe22/parsed-ff5bfb3d420d50d5/metadata.json",
          "chunk_count": 49,
          "parse_quality_note": null,
          "parser_version": "fpds-parse-chunk-v1",
          "correlation_id": "corr_CWsKhajUSBUDHHOg",
          "request_id": "req_76fb884264da428fbebf2d1239a0b339"
        }
      }
    },
    {
      "source_id": "RBC-CHQ-004",
      "source_document_id": "src-rbc-html-b0726cf552989ec5",
      "snapshot_id": "snap-06f4ad7ef051d000",
      "parse_action": "stored",
      "parsed_document_id": "parsed-5d5eaeab7078356e",
      "parsed_storage_key": "dev/parsed/CA/RBC/src-rbc-html-b0726cf552989ec5/parsed-5d5eaeab7078356e/parsed.txt",
      "metadata_storage_key": "dev/parsed/CA/RBC/src-rbc-html-b0726cf552989ec5/parsed-5d5eaeab7078356e/metadata.json",
      "chunk_count": 38,
      "parse_quality_note": null,
      "error_summary": null,
      "run_source_item_record": {
        "run_source_item_id": "rsi-52025d71d3e5d527",
        "run_id": "run_20260420_222518_rbc_chequing_collect_IYDOM_51",
        "source_document_id": "src-rbc-html-b0726cf552989ec5",
        "selected_snapshot_id": "snap-06f4ad7ef051d000",
        "stage_status": "completed",
        "warning_count": 0,
        "error_count": 0,
        "error_summary": null,
        "stage_metadata": {
          "parse_action": "stored",
          "parsed_document_id": "parsed-5d5eaeab7078356e",
          "parsed_storage_key": "dev/parsed/CA/RBC/src-rbc-html-b0726cf552989ec5/parsed-5d5eaeab7078356e/parsed.txt",
          "metadata_storage_key": "dev/parsed/CA/RBC/src-rbc-html-b0726cf552989ec5/parsed-5d5eaeab7078356e/metadata.json",
          "chunk_count": 38,
          "parse_quality_note": null,
          "parser_version": "fpds-parse-chunk-v1",
          "correlation_id": "corr_CWsKhajUSBUDHHOg",
          "request_id": "req_76fb884264da428fbebf2d1239a0b339"
        }
      }
    },
    {
      "source_id": "RBC-CHQ-005",
      "source_document_id": "src-rbc-html-13e70b67c2e576a8",
      "snapshot_id": "snap-eac8f788e101af8d",
      "parse_action": "stored",
      "parsed_document_id": "parsed-a3f8a4d6923a0256",
      "parsed_storage_key": "dev/parsed/CA/RBC/src-rbc-html-13e70b67c2e576a8/parsed-a3f8a4d6923a0256/parsed.txt",
      "metadata_storage_key": "dev/parsed/CA/RBC/src-rbc-html-13e70b67c2e576a8/parsed-a3f8a4d6923a0256/metadata.json",
      "chunk_count": 54,
      "parse_quality_note": null,
      "error_summary": null,
      "run_source_item_record": {
        "run_source_item_id": "rsi-d6ad0c6876d0798d",
        "run_id": "run_20260420_222518_rbc_chequing_collect_IYDOM_51",
        "source_document_id": "src-rbc-html-13e70b67c2e576a8",
        "selected_snapshot_id": "snap-eac8f788e101af8d",
        "stage_status": "completed",
        "warning_count": 0,
        "error_count": 0,
        "error_summary": null,
        "stage_metadata": {
          "parse_action": "stored",
          "parsed_document_id": "parsed-a3f8a4d6923a0256",
          "parsed_storage_key": "dev/parsed/CA/RBC/src-rbc-html-13e70b67c2e576a8/parsed-a3f8a4d6923a0256/parsed.txt",
          "metadata_storage_key": "dev/parsed/CA/RBC/src-rbc-html-13e70b67c2e576a8/parsed-a3f8a4d6923a0256/metadata.json",
          "chunk_count": 54,
          "parse_quality_note": null,
          "parser_version": "fpds-parse-chunk-v1",
          "correlation_id": "corr_CWsKhajUSBUDHHOg",
          "request_id": "req_76fb884264da428fbebf2d1239a0b339"
        }
      }
    },
    {
      "source_id": "RBC-CHQ-006",
      "source_document_id": "src-rbc-html-e528d782eb78344f",
      "snapshot_id": "snap-9f8f32b7d769775b",
      "parse_action": "stored",
      "parsed_document_id": "parsed-bdd27f8c1115aa5f",
      "parsed_storage_key": "dev/parsed/CA/RBC/src-rbc-html-e528d782eb78344f/parsed-bdd27f8c1115aa5f/parsed.txt",
      "metadata_storage_key": "dev/parsed/CA/RBC/src-rbc-html-e528d782eb78344f/parsed-bdd27f8c1115aa5f/metadata.json",
      "chunk_count": 6,
      "parse_quality_note": null,
      "error_summary": null,
      "run_source_item_record": {
        "run_source_item_id": "rsi-29316b421ef47750",
        "run_id": "run_20260420_222518_rbc_chequing_collect_IYDOM_51",
        "source_document_id": "src-rbc-html-e528d782eb78344f",
        "selected_snapshot_id": "snap-9f8f32b7d769775b",
        "stage_status": "completed",
        "warning_count": 0,
        "error_count": 0,
        "error_summary": null,
        "stage_metadata": {
          "parse_action": "stored",
          "parsed_document_id": "parsed-bdd27f8c1115aa5f",
          "parsed_storage_key": "dev/parsed/CA/RBC/src-rbc-html-e528d782eb78344f/parsed-bdd27f8c1115aa5f/parsed.txt",
          "metadata_storage_key": "dev/parsed/CA/RBC/src-rbc-html-e528d782eb78344f/parsed-bdd27f8c1115aa5f/metadata.json",
          "chunk_count": 6,
          "parse_quality_note": null,
          "parser_version": "fpds-parse-chunk-v1",
          "correlation_id": "corr_CWsKhajUSBUDHHOg",
          "request_id": "req_76fb884264da428fbebf2d1239a0b339"
        }
      }
    },
    {
      "source_id": "AUTO-RBC-CHQ-0107d4ff5b",
      "source_document_id": "src-rbc-html-11b47522f80eab4b",
      "snapshot_id": "snap-2add7cd7028d2332",
      "parse_action": "reused",
      "parsed_document_id": "parsed-2b1e273bbceb8b94",
      "parsed_storage_key": "dev/parsed/CA/RBC/src-rbc-html-11b47522f80eab4b/parsed-2b1e273bbceb8b94/parsed.txt",
      "metadata_storage_key": "dev/parsed/CA/RBC/src-rbc-html-11b47522f80eab4b/parsed-2b1e273bbceb8b94/metadata.json",
      "chunk_count": 6,
      "parse_quality_note": null,
      "error_summary": null,
      "run_source_item_record": {
        "run_source_item_id": "rsi-8b8ecf9143d3e343",
        "run_id": "run_20260420_222518_rbc_chequing_collect_IYDOM_51",
        "source_document_id": "src-rbc-html-11b47522f80eab4b",
        "selected_snapshot_id": "snap-2add7cd7028d2332",
        "stage_status": "completed",
        "warning_count": 0,
        "error_count": 0,
        "error_summary": null,
        "stage_metadata": {
          "parse_action": "reused",
          "parsed_document_id": "parsed-2b1e273bbceb8b94",
          "parsed_storage_key": "dev/parsed/CA/RBC/src-rbc-html-11b47522f80eab4b/parsed-2b1e273bbceb8b94/parsed.txt",
          "metadata_storage_key": "dev/parsed/CA/RBC/src-rbc-html-11b47522f80eab4b/parsed-2b1e273bbceb8b94/metadata.json",
          "chunk_count": 6,
          "parse_quality_note": null,
          "parser_version": "fpds-parse-chunk-v1",
          "correlation_id": "corr_CWsKhajUSBUDHHOg",
          "request_id": "req_76fb884264da428fbebf2d1239a0b339"
        }
      }
    },
    {
      "source_id": "AUTO-RBC-CHQ-5b720d0fe6",
      "source_document_id": "src-rbc-html-a312cd3eb5501680",
      "snapshot_id": "snap-f3959801a6784f5e",
      "parse_action": "reused",
      "parsed_document_id": "parsed-7b4216f4b7545ac2",
      "parsed_storage_key": "dev/parsed/CA/RBC/src-rbc-html-a312cd3eb5501680/parsed-7b4216f4b7545ac2/parsed.txt",
      "metadata_storage_key": "dev/parsed/CA/RBC/src-rbc-html-a312cd3eb5501680/parsed-7b4216f4b7545ac2/metadata.json",
      "chunk_count": 2,
      "parse_quality_note": null,
      "error_summary": null,
      "run_source_item_record": {
        "run_source_item_id": "rsi-e20db74dcfcc448b",
        "run_id": "run_20260420_222518_rbc_chequing_collect_IYDOM_51",
        "source_document_id": "src-rbc-html-a312cd3eb5501680",
        "selected_snapshot_id": "snap-f3959801a6784f5e",
        "stage_status": "completed",
        "warning_count": 0,
        "error_count": 0,
        "error_summary": null,
        "stage_metadata": {
          "parse_action": "reused",
          "parsed_document_id": "parsed-7b4216f4b7545ac2",
          "parsed_storage_key": "dev/parsed/CA/RBC/src-rbc-html-a312cd3eb5501680/parsed-7b4216f4b7545ac2/parsed.txt",
          "metadata_storage_key": "dev/parsed/CA/RBC/src-rbc-html-a312cd3eb5501680/parsed-7b4216f4b7545ac2/metadata.json",
          "chunk_count": 2,
          "parse_quality_note": null,
          "parser_version": "fpds-parse-chunk-v1",
          "correlation_id": "corr_CWsKhajUSBUDHHOg",
          "request_id": "req_76fb884264da428fbebf2d1239a0b339"
        }
      }
    },
    {
      "source_id": "AUTO-RBC-CHQ-b044e8b6c3",
      "source_document_id": "src-rbc-html-5395c0d45c05fe29",
      "snapshot_id": "snap-026f71ef0afd65ec",
      "parse_action": "stored",
      "parsed_document_id": "parsed-0066dd938c92e86b",
      "parsed_storage_key": "dev/parsed/CA/RBC/src-rbc-html-5395c0d45c05fe29/parsed-0066dd938c92e86b/parsed.txt",
      "metadata_storage_key": "dev/parsed/CA/RBC/src-rbc-html-5395c0d45c05fe29/parsed-0066dd938c92e86b/metadata.json",
      "chunk_count": 63,
      "parse_quality_note": null,
      "error_summary": null,
      "run_source_item_record": {
        "run_source_item_id": "rsi-1736718ae758a766",
        "run_id": "run_20260420_222518_rbc_chequing_collect_IYDOM_51",
        "source_document_id": "src-rbc-html-5395c0d45c05fe29",
        "selected_snapshot_id": "snap-026f71ef0afd65ec",
        "stage_status": "completed",
        "warning_count": 0,
        "error_count": 0,
        "error_summary": null,
        "stage_metadata": {
          "parse_action": "stored",
          "parsed_document_id": "parsed-0066dd938c92e86b",
          "parsed_storage_key": "dev/parsed/CA/RBC/src-rbc-html-5395c0d45c05fe29/parsed-0066dd938c92e86b/parsed.txt",
          "metadata_storage_key": "dev/parsed/CA/RBC/src-rbc-html-5395c0d45c05fe29/parsed-0066dd938c92e86b/metadata.json",
          "chunk_count": 63,
          "parse_quality_note": null,
          "parser_version": "fpds-parse-chunk-v1",
          "correlation_id": "corr_CWsKhajUSBUDHHOg",
          "request_id": "req_76fb884264da428fbebf2d1239a0b339"
        }
      }
    },
    {
      "source_id": "AUTO-RBC-CHQ-d7eb877b2c",
      "source_document_id": "src-rbc-html-46a33774d3b56ab9",
      "snapshot_id": "snap-8fdd11e5d2c32be1",
      "parse_action": "reused",
      "parsed_document_id": "parsed-641fd123551cef6e",
      "parsed_storage_key": "dev/parsed/CA/RBC/src-rbc-html-46a33774d3b56ab9/parsed-641fd123551cef6e/parsed.txt",
      "metadata_storage_key": "dev/parsed/CA/RBC/src-rbc-html-46a33774d3b56ab9/parsed-641fd123551cef6e/metadata.json",
      "chunk_count": 10,
      "parse_quality_note": null,
      "error_summary": null,
      "run_source_item_record": {
        "run_source_item_id": "rsi-90c700ac3f019b92",
        "run_id": "run_20260420_222518_rbc_chequing_collect_IYDOM_51",
        "source_document_id": "src-rbc-html-46a33774d3b56ab9",
        "selected_snapshot_id": "snap-8fdd11e5d2c32be1",
        "stage_status": "completed",
        "warning_count": 0,
        "error_count": 0,
        "error_summary": null,
        "stage_metadata": {
          "parse_action": "reused",
          "parsed_document_id": "parsed-641fd123551cef6e",
          "parsed_storage_key": "dev/parsed/CA/RBC/src-rbc-html-46a33774d3b56ab9/parsed-641fd123551cef6e/parsed.txt",
          "metadata_storage_key": "dev/parsed/CA/RBC/src-rbc-html-46a33774d3b56ab9/parsed-641fd123551cef6e/metadata.json",
          "chunk_count": 10,
          "parse_quality_note": null,
          "parser_version": "fpds-parse-chunk-v1",
          "correlation_id": "corr_CWsKhajUSBUDHHOg",
          "request_id": "req_76fb884264da428fbebf2d1239a0b339"
        }
      }
    },
    {
      "source_id": "AUTO-RBC-CHQ-086207342c",
      "source_document_id": "src-rbc-pdf-66b1f1a3c3760c5c",
      "snapshot_id": "snap-80377e5466f3cc40",
      "parse_action": "failed",
      "parsed_document_id": null,
      "parsed_storage_key": null,
      "metadata_storage_key": null,
      "chunk_count": 0,
      "parse_quality_note": null,
      "error_summary": "cryptography>=3.1 is required for AES algorithm",
      "run_source_item_record": {
        "run_source_item_id": "rsi-6efc088ebfd366e3",
        "run_id": "run_20260420_222518_rbc_chequing_collect_IYDOM_51",
        "source_document_id": "src-rbc-pdf-66b1f1a3c3760c5c",
        "selected_snapshot_id": "snap-80377e5466f3cc40",
        "stage_status": "failed",
        "warning_count": 0,
        "error_count": 1,
        "error_summary": "cryptography>=3.1 is required for AES algorithm",
        "stage_metadata": {
          "parse_action": "failed",
          "correlation_id": "corr_CWsKhajUSBUDHHOg",
          "request_id": "req_76fb884264da428fbebf2d1239a0b339",
          "snapshot_id": "snap-80377e5466f3cc40",
          "snapshot_object_key": "dev/snapshots/CA/RBC/src-rbc-pdf-66b1f1a3c3760c5c/snap-80377e5466f3cc40/raw"
        }
      }
    },
    {
      "source_id": "AUTO-RBC-CHQ-c6168abd3e",
      "source_document_id": "src-rbc-pdf-883bdc34eede5f1d",
      "snapshot_id": "snap-93286d710b091d71",
      "parse_action": "stored",
      "parsed_document_id": "parsed-cc2badba8346fcee",
      "parsed_storage_key": "dev/parsed/CA/RBC/src-rbc-pdf-883bdc34eede5f1d/parsed-cc2badba8346fcee/parsed.txt",
      "metadata_storage_key": "dev/parsed/CA/RBC/src-rbc-pdf-883bdc34eede5f1d/parsed-cc2badba8346fcee/metadata.json",
      "chunk_count": 206,
      "parse_quality_note": null,
      "error_summary": null,
      "run_source_item_record": {
        "run_source_item_id": "rsi-c5a2cf3ade66caf3",
        "run_id": "run_20260420_222518_rbc_chequing_collect_IYDOM_51",
        "source_document_id": "src-rbc-pdf-883bdc34eede5f1d",
        "selected_snapshot_id": "snap-93286d710b091d71",
        "stage_status": "completed",
        "warning_count": 0,
        "error_count": 0,
        "error_summary": null,
        "stage_metadata": {
          "parse_action": "stored",
          "parsed_document_id": "parsed-cc2badba8346fcee",
          "parsed_storage_key": "dev/parsed/CA/RBC/src-rbc-pdf-883bdc34eede5f1d/parsed-cc2badba8346fcee/parsed.txt",
          "metadata_storage_key": "dev/parsed/CA/RBC/src-rbc-pdf-883bdc34eede5f1d/parsed-cc2badba8346fcee/metadata.json",
          "chunk_count": 206,
          "parse_quality_note": null,
          "parser_version": "fpds-parse-chunk-v1",
          "correlation_id": "corr_CWsKhajUSBUDHHOg",
          "request_id": "req_76fb884264da428fbebf2d1239a0b339"
        }
      }
    },
    {
      "source_id": "AUTO-RBC-CHQ-f13cad0579",
      "source_document_id": "src-rbc-pdf-8ed3ba91e5181f0c",
      "snapshot_id": "snap-e7fa2614d5d16307",
      "parse_action": "stored",
      "parsed_document_id": "parsed-658ab0d658979297",
      "parsed_storage_key": "dev/parsed/CA/RBC/src-rbc-pdf-8ed3ba91e5181f0c/parsed-658ab0d658979297/parsed.txt",
      "metadata_storage_key": "dev/parsed/CA/RBC/src-rbc-pdf-8ed3ba91e5181f0c/parsed-658ab0d658979297/metadata.json",
      "chunk_count": 28,
      "parse_quality_note": null,
      "error_summary": null,
      "run_source_item_record": {
        "run_source_item_id": "rsi-fce656b4b9983c5c",
        "run_id": "run_20260420_222518_rbc_chequing_collect_IYDOM_51",
        "source_document_id": "src-rbc-pdf-8ed3ba91e5181f0c",
        "selected_snapshot_id": "snap-e7fa2614d5d16307",
        "stage_status": "completed",
        "warning_count": 0,
        "error_count": 0,
        "error_summary": null,
        "stage_metadata": {
          "parse_action": "stored",
          "parsed_document_id": "parsed-658ab0d658979297",
          "parsed_storage_key": "dev/parsed/CA/RBC/src-rbc-pdf-8ed3ba91e5181f0c/parsed-658ab0d658979297/parsed.txt",
          "metadata_storage_key": "dev/parsed/CA/RBC/src-rbc-pdf-8ed3ba91e5181f0c/parsed-658ab0d658979297/metadata.json",
          "chunk_count": 28,
          "parse_quality_note": null,
          "parser_version": "fpds-parse-chunk-v1",
          "correlation_id": "corr_CWsKhajUSBUDHHOg",
          "request_id": "req_76fb884264da428fbebf2d1239a0b339"
        }
      }
    }
  ],
  "runtime": {
    "env_file": "D:\\10 Development\\10 \uac1c\uc778\ud504\ub85c\uc81d\ud2b8\\70. Mybank\\workspace\\.env.dev",
    "loaded_env_key_count": 51,
    "persist_db": true,
    "trigger_type": "admin_source_collection",
    "triggered_by": "kylee1112@hotmail.com",
    "database_schema": "public",
    "storage_driver": "s3"
  },
  "persistence": {
    "run_id": "run_20260420_222518_rbc_chequing_collect_IYDOM_51",
    "run_state": "completed",
    "parsed_document_count": 6,
    "evidence_chunk_count": 395,
    "run_source_item_count": 12,
    "source_success_count": 11,
    "source_failure_count": 1,
    "partial_completion_flag": true,
    "completed_at": "2026-04-20T22:30:45.053295+00:00"
  }
}
[source-collection-runner] launching stage fpds_extraction with timeout 1800s
warning: `VIRTUAL_ENV=api\service\.venv` does not match the project environment path `.venv` and will be ignored; use `--active` to target the active environment instead
Traceback (most recent call last):
  File "<frozen runpy>", line 198, in _run_module_as_main
  File "<frozen runpy>", line 88, in _run_code
  File "D:\10 Development\10 偃檣Щ煎薛お\70. Mybank\workspace\worker\pipeline\fpds_extraction\__main__.py", line 184, in <module>
    raise SystemExit(main())
                     ~~~~^^
  File "D:\10 Development\10 偃檣Щ煎薛お\70. Mybank\workspace\worker\pipeline\fpds_extraction\__main__.py", line 65, in main
    contexts = _load_contexts(repository=repository, args=args)
  File "D:\10 Development\10 偃檣Щ煎薛お\70. Mybank\workspace\worker\pipeline\fpds_extraction\__main__.py", line 135, in _load_contexts
    raise ValueError(
    ...<3 lines>...
    )
ValueError: No parsed document was found for source ids: AUTO-RBC-CHQ-086207342c. Run WBS 3.3 parse/chunk first.
[source-catalog-runner] failed run run_20260420_222518_rbc_chequing_collect_IYDOM_51: fpds_extraction failed with exit code 1.
