[source-catalog-runner] starting run run_20260420_222518_scotia_chequing_collect_h6WIxrEK for SCOTIA chequing
[source-collection-runner] run run_20260420_222518_scotia_chequing_collect_h6WIxrEK starting snapshot for 13 source(s)
[source-collection-runner] launching stage fpds_snapshot with timeout 1800s
warning: `VIRTUAL_ENV=api\service\.venv` does not match the project environment path `.venv` and will be ignored; use `--active` to target the active environment instead
{
  "run_id": "run_20260420_222518_scotia_chequing_collect_h6WIxrEK",
  "correlation_id": "corr_CWsKhajUSBUDHHOg",
  "request_id": "req_76fb884264da428fbebf2d1239a0b339",
  "partial_completion_flag": true,
  "stats": {
    "source_total": 13,
    "stored_count": 10,
    "reused_count": 2,
    "failed_count": 1
  },
  "source_results": [
    {
      "source_id": "SCOTIA-CHQ-002",
      "source_document_id": "src-scotia-html-9292ecef03273a23",
      "snapshot_action": "stored",
      "attempt_count": 1,
      "snapshot_id": "snap-79a5fa5c1363ed31",
      "object_storage_key": "dev/snapshots/CA/SCOTIA/src-scotia-html-9292ecef03273a23/snap-79a5fa5c1363ed31/raw",
      "checksum": "366286e05c2d13600db0412ab6601b4ad1623d5abb13e7a93aa857431e7bddc6",
      "fingerprint": "69c6d305329d7637391f9039dd1acb177a859ca7cc9afc8b0fe75e97eceb4193",
      "content_type": "text/html",
      "fetch_status": "fetched",
      "fetched_at": "2026-04-20T22:25:41.782156+00:00",
      "error_summary": null,
      "source_snapshot_record": {
        "snapshot_id": "snap-79a5fa5c1363ed31",
        "source_document_id": "src-scotia-html-9292ecef03273a23",
        "object_storage_key": "dev/snapshots/CA/SCOTIA/src-scotia-html-9292ecef03273a23/snap-79a5fa5c1363ed31/raw",
        "content_type": "text/html",
        "checksum": "366286e05c2d13600db0412ab6601b4ad1623d5abb13e7a93aa857431e7bddc6",
        "fingerprint": "69c6d305329d7637391f9039dd1acb177a859ca7cc9afc8b0fe75e97eceb4193",
        "fetch_status": "fetched",
        "response_metadata": {
          "source_id": "SCOTIA-CHQ-002",
          "request_url": "https://www.scotiabank.com/ca/en/personal/bank-accounts/chequing-accounts/ultimate-package.html",
          "final_url": "https://www.scotiabank.com/ca/en/personal/bank-accounts/chequing-accounts/ultimate-package.html",
          "status_code": 200,
          "content_length": 373953,
          "content_type": "text/html",
          "redirect_count": 0,
          "etag": "\"5b44c-64fea33f69598-gzip\"",
          "last_modified": "Mon, 20 Apr 2026 20:32:53 GMT",
          "cache_control": "private",
          "attempt_count": 1
        },
        "retention_class": "hot",
        "fetched_at": "2026-04-20T22:25:41.782156+00:00"
      },
      "run_source_item_record": {
        "run_source_item_id": "rsi-a0b51433c4280348",
        "run_id": "run_20260420_222518_scotia_chequing_collect_h6WIxrEK",
        "source_document_id": "src-scotia-html-9292ecef03273a23",
        "selected_snapshot_id": "snap-79a5fa5c1363ed31",
        "stage_status": "completed",
        "warning_count": 0,
        "error_count": 0,
        "error_summary": null,
        "stage_metadata": {
          "snapshot_action": "stored",
          "request_id": "req_76fb884264da428fbebf2d1239a0b339",
          "content_type": "text/html",
          "checksum": "366286e05c2d13600db0412ab6601b4ad1623d5abb13e7a93aa857431e7bddc6",
          "fingerprint": "69c6d305329d7637391f9039dd1acb177a859ca7cc9afc8b0fe75e97eceb4193",
          "object_storage_key": "dev/snapshots/CA/SCOTIA/src-scotia-html-9292ecef03273a23/snap-79a5fa5c1363ed31/raw",
          "correlation_id": "corr_CWsKhajUSBUDHHOg",
          "attempt_count": 1,
          "preflight_status": "ok",
          "preflight_issue_codes": []
        }
      }
    },
    {
      "source_id": "SCOTIA-CHQ-003",
      "source_document_id": "src-scotia-html-53be71f7f4bfedb9",
      "snapshot_action": "stored",
      "attempt_count": 1,
      "snapshot_id": "snap-fc6bfe5bf0967a3a",
      "object_storage_key": "dev/snapshots/CA/SCOTIA/src-scotia-html-53be71f7f4bfedb9/snap-fc6bfe5bf0967a3a/raw",
      "checksum": "e2316c2f1b0df067c7d2e4e3cf6dbd80cc92d32af1072337cb43a15fb190040f",
      "fingerprint": "028eb0b33454ca23e22344f31feeea4016d083e9e905d98242451668b6138904",
      "content_type": "text/html",
      "fetch_status": "fetched",
      "fetched_at": "2026-04-20T22:25:42.116142+00:00",
      "error_summary": null,
      "source_snapshot_record": {
        "snapshot_id": "snap-fc6bfe5bf0967a3a",
        "source_document_id": "src-scotia-html-53be71f7f4bfedb9",
        "object_storage_key": "dev/snapshots/CA/SCOTIA/src-scotia-html-53be71f7f4bfedb9/snap-fc6bfe5bf0967a3a/raw",
        "content_type": "text/html",
        "checksum": "e2316c2f1b0df067c7d2e4e3cf6dbd80cc92d32af1072337cb43a15fb190040f",
        "fingerprint": "028eb0b33454ca23e22344f31feeea4016d083e9e905d98242451668b6138904",
        "fetch_status": "fetched",
        "response_metadata": {
          "source_id": "SCOTIA-CHQ-003",
          "request_url": "https://www.scotiabank.com/ca/en/personal/bank-accounts/chequing-accounts/preferred-package.html",
          "final_url": "https://www.scotiabank.com/ca/en/personal/bank-accounts/chequing-accounts/preferred.html",
          "status_code": 200,
          "content_length": 344764,
          "content_type": "text/html",
          "redirect_count": 1,
          "etag": "\"54247-64fea33edd752-gzip\"",
          "last_modified": "Mon, 20 Apr 2026 20:32:52 GMT",
          "cache_control": "private",
          "attempt_count": 1
        },
        "retention_class": "hot",
        "fetched_at": "2026-04-20T22:25:42.116142+00:00"
      },
      "run_source_item_record": {
        "run_source_item_id": "rsi-3b84c9b889570e3f",
        "run_id": "run_20260420_222518_scotia_chequing_collect_h6WIxrEK",
        "source_document_id": "src-scotia-html-53be71f7f4bfedb9",
        "selected_snapshot_id": "snap-fc6bfe5bf0967a3a",
        "stage_status": "completed",
        "warning_count": 1,
        "error_count": 0,
        "error_summary": null,
        "stage_metadata": {
          "snapshot_action": "stored",
          "request_id": "req_76fb884264da428fbebf2d1239a0b339",
          "content_type": "text/html",
          "checksum": "e2316c2f1b0df067c7d2e4e3cf6dbd80cc92d32af1072337cb43a15fb190040f",
          "fingerprint": "028eb0b33454ca23e22344f31feeea4016d083e9e905d98242451668b6138904",
          "object_storage_key": "dev/snapshots/CA/SCOTIA/src-scotia-html-53be71f7f4bfedb9/snap-fc6bfe5bf0967a3a/raw",
          "correlation_id": "corr_CWsKhajUSBUDHHOg",
          "attempt_count": 1,
          "preflight_status": "warning",
          "preflight_issue_codes": [
            "final_url_changed"
          ]
        }
      }
    },
    {
      "source_id": "SCOTIA-CHQ-004",
      "source_document_id": "src-scotia-html-75c2d4a847ba6e65",
      "snapshot_action": "stored",
      "attempt_count": 1,
      "snapshot_id": "snap-7306f22b30ad981d",
      "object_storage_key": "dev/snapshots/CA/SCOTIA/src-scotia-html-75c2d4a847ba6e65/snap-7306f22b30ad981d/raw",
      "checksum": "c4762fe4822fa2a691197d2416c3dcaaaa71ed728c876a88bbfcb4f7361228e4",
      "fingerprint": "28221bf1249cd3517e9ed14c10de69220ab7540b93b4eefdb27ebeaa1156fd31",
      "content_type": "text/html",
      "fetch_status": "fetched",
      "fetched_at": "2026-04-20T22:25:41.842774+00:00",
      "error_summary": null,
      "source_snapshot_record": {
        "snapshot_id": "snap-7306f22b30ad981d",
        "source_document_id": "src-scotia-html-75c2d4a847ba6e65",
        "object_storage_key": "dev/snapshots/CA/SCOTIA/src-scotia-html-75c2d4a847ba6e65/snap-7306f22b30ad981d/raw",
        "content_type": "text/html",
        "checksum": "c4762fe4822fa2a691197d2416c3dcaaaa71ed728c876a88bbfcb4f7361228e4",
        "fingerprint": "28221bf1249cd3517e9ed14c10de69220ab7540b93b4eefdb27ebeaa1156fd31",
        "fetch_status": "fetched",
        "response_metadata": {
          "source_id": "SCOTIA-CHQ-004",
          "request_url": "https://www.scotiabank.com/ca/en/personal/bank-accounts/chequing-accounts/basic-plus.html",
          "final_url": "https://www.scotiabank.com/ca/en/personal/bank-accounts/chequing-accounts/basic-plus.html",
          "status_code": 200,
          "content_length": 254726,
          "content_type": "text/html",
          "redirect_count": 0,
          "etag": "\"3e291-64fea32ce9860-gzip\"",
          "last_modified": "Mon, 20 Apr 2026 20:32:33 GMT",
          "cache_control": "private",
          "attempt_count": 1
        },
        "retention_class": "hot",
        "fetched_at": "2026-04-20T22:25:41.842774+00:00"
      },
      "run_source_item_record": {
        "run_source_item_id": "rsi-d4f571e9bba6d91e",
        "run_id": "run_20260420_222518_scotia_chequing_collect_h6WIxrEK",
        "source_document_id": "src-scotia-html-75c2d4a847ba6e65",
        "selected_snapshot_id": "snap-7306f22b30ad981d",
        "stage_status": "completed",
        "warning_count": 0,
        "error_count": 0,
        "error_summary": null,
        "stage_metadata": {
          "snapshot_action": "stored",
          "request_id": "req_76fb884264da428fbebf2d1239a0b339",
          "content_type": "text/html",
          "checksum": "c4762fe4822fa2a691197d2416c3dcaaaa71ed728c876a88bbfcb4f7361228e4",
          "fingerprint": "28221bf1249cd3517e9ed14c10de69220ab7540b93b4eefdb27ebeaa1156fd31",
          "object_storage_key": "dev/snapshots/CA/SCOTIA/src-scotia-html-75c2d4a847ba6e65/snap-7306f22b30ad981d/raw",
          "correlation_id": "corr_CWsKhajUSBUDHHOg",
          "attempt_count": 1,
          "preflight_status": "ok",
          "preflight_issue_codes": []
        }
      }
    },
    {
      "source_id": "SCOTIA-CHQ-005",
      "source_document_id": "src-scotia-html-5e10fbd7d64b081e",
      "snapshot_action": "stored",
      "attempt_count": 1,
      "snapshot_id": "snap-8e47187bb1ae15d5",
      "object_storage_key": "dev/snapshots/CA/SCOTIA/src-scotia-html-5e10fbd7d64b081e/snap-8e47187bb1ae15d5/raw",
      "checksum": "e2e7c78e7f7cd656c6152fba926ba5867b7cb7560161143ad274dab762bc8312",
      "fingerprint": "b88f10d892719e57886a2c87179b6b984fef5e88592fb91f297f6137542eff37",
      "content_type": "text/html",
      "fetch_status": "fetched",
      "fetched_at": "2026-04-20T22:25:41.933549+00:00",
      "error_summary": null,
      "source_snapshot_record": {
        "snapshot_id": "snap-8e47187bb1ae15d5",
        "source_document_id": "src-scotia-html-5e10fbd7d64b081e",
        "object_storage_key": "dev/snapshots/CA/SCOTIA/src-scotia-html-5e10fbd7d64b081e/snap-8e47187bb1ae15d5/raw",
        "content_type": "text/html",
        "checksum": "e2e7c78e7f7cd656c6152fba926ba5867b7cb7560161143ad274dab762bc8312",
        "fingerprint": "b88f10d892719e57886a2c87179b6b984fef5e88592fb91f297f6137542eff37",
        "fetch_status": "fetched",
        "response_metadata": {
          "source_id": "SCOTIA-CHQ-005",
          "request_url": "https://www.scotiabank.com/ca/en/personal/bank-accounts/chequing-accounts/basic-bank-account.html",
          "final_url": "https://www.scotiabank.com/ca/en/personal/bank-accounts/chequing-accounts/basic-bank-account.html",
          "status_code": 200,
          "content_length": 251984,
          "content_type": "text/html",
          "redirect_count": 0,
          "etag": "\"3d7db-64fea39078441-gzip\"",
          "last_modified": "Mon, 20 Apr 2026 20:34:17 GMT",
          "cache_control": "private",
          "attempt_count": 1
        },
        "retention_class": "hot",
        "fetched_at": "2026-04-20T22:25:41.933549+00:00"
      },
      "run_source_item_record": {
        "run_source_item_id": "rsi-1cefacb4d193e3a7",
        "run_id": "run_20260420_222518_scotia_chequing_collect_h6WIxrEK",
        "source_document_id": "src-scotia-html-5e10fbd7d64b081e",
        "selected_snapshot_id": "snap-8e47187bb1ae15d5",
        "stage_status": "completed",
        "warning_count": 0,
        "error_count": 0,
        "error_summary": null,
        "stage_metadata": {
          "snapshot_action": "stored",
          "request_id": "req_76fb884264da428fbebf2d1239a0b339",
          "content_type": "text/html",
          "checksum": "e2e7c78e7f7cd656c6152fba926ba5867b7cb7560161143ad274dab762bc8312",
          "fingerprint": "b88f10d892719e57886a2c87179b6b984fef5e88592fb91f297f6137542eff37",
          "object_storage_key": "dev/snapshots/CA/SCOTIA/src-scotia-html-5e10fbd7d64b081e/snap-8e47187bb1ae15d5/raw",
          "correlation_id": "corr_CWsKhajUSBUDHHOg",
          "attempt_count": 1,
          "preflight_status": "ok",
          "preflight_issue_codes": []
        }
      }
    },
    {
      "source_id": "SCOTIA-CHQ-006",
      "source_document_id": "src-scotia-html-4fad98dc2e079962",
      "snapshot_action": "stored",
      "attempt_count": 1,
      "snapshot_id": "snap-e8ffa3f11e78fa26",
      "object_storage_key": "dev/snapshots/CA/SCOTIA/src-scotia-html-4fad98dc2e079962/snap-e8ffa3f11e78fa26/raw",
      "checksum": "d031dd0d93546e8c6b80be11f67d0cdb8edb87e50e97b32f816e1b59899c3c01",
      "fingerprint": "51286a2650909f5ff5a66ed87dd5af0c9690028255201c3a516168c14402c02d",
      "content_type": "text/html",
      "fetch_status": "fetched",
      "fetched_at": "2026-04-20T22:25:54.474215+00:00",
      "error_summary": null,
      "source_snapshot_record": {
        "snapshot_id": "snap-e8ffa3f11e78fa26",
        "source_document_id": "src-scotia-html-4fad98dc2e079962",
        "object_storage_key": "dev/snapshots/CA/SCOTIA/src-scotia-html-4fad98dc2e079962/snap-e8ffa3f11e78fa26/raw",
        "content_type": "text/html",
        "checksum": "d031dd0d93546e8c6b80be11f67d0cdb8edb87e50e97b32f816e1b59899c3c01",
        "fingerprint": "51286a2650909f5ff5a66ed87dd5af0c9690028255201c3a516168c14402c02d",
        "fetch_status": "fetched",
        "response_metadata": {
          "source_id": "SCOTIA-CHQ-006",
          "request_url": "https://www.scotiabank.com/ca/en/personal/bank-accounts/chequing-accounts/chequing-accounts-and-packages-comparison.html",
          "final_url": "https://www.scotiabank.com/ca/en/personal/bank-accounts/chequing-accounts/chequing-accounts-and-packages-comparison.html",
          "status_code": 200,
          "content_length": 324295,
          "content_type": "text/html",
          "redirect_count": 0,
          "etag": "\"4f252-64feac1577d74-gzip\"",
          "last_modified": "Mon, 20 Apr 2026 21:12:24 GMT",
          "cache_control": "private",
          "attempt_count": 1
        },
        "retention_class": "hot",
        "fetched_at": "2026-04-20T22:25:54.474215+00:00"
      },
      "run_source_item_record": {
        "run_source_item_id": "rsi-f4bc429cbe6d7a60",
        "run_id": "run_20260420_222518_scotia_chequing_collect_h6WIxrEK",
        "source_document_id": "src-scotia-html-4fad98dc2e079962",
        "selected_snapshot_id": "snap-e8ffa3f11e78fa26",
        "stage_status": "completed",
        "warning_count": 0,
        "error_count": 0,
        "error_summary": null,
        "stage_metadata": {
          "snapshot_action": "stored",
          "request_id": "req_76fb884264da428fbebf2d1239a0b339",
          "content_type": "text/html",
          "checksum": "d031dd0d93546e8c6b80be11f67d0cdb8edb87e50e97b32f816e1b59899c3c01",
          "fingerprint": "51286a2650909f5ff5a66ed87dd5af0c9690028255201c3a516168c14402c02d",
          "object_storage_key": "dev/snapshots/CA/SCOTIA/src-scotia-html-4fad98dc2e079962/snap-e8ffa3f11e78fa26/raw",
          "correlation_id": "corr_CWsKhajUSBUDHHOg",
          "attempt_count": 1,
          "preflight_status": "ok",
          "preflight_issue_codes": []
        }
      }
    },
    {
      "source_id": "AUTO-SCOTIA-CHQ-48e3a3358b",
      "source_document_id": "src-scotia-html-adda211d99086747",
      "snapshot_action": "stored",
      "attempt_count": 1,
      "snapshot_id": "snap-f18570e3c677af57",
      "object_storage_key": "dev/snapshots/CA/SCOTIA/src-scotia-html-adda211d99086747/snap-f18570e3c677af57/raw",
      "checksum": "9a845f6dae8e9e5aed9e04629f798fbc062651177cd1617b7fba43f7c3ca7fa8",
      "fingerprint": "20da8feb68c605bf7dbdc2254eca3b50c4fb69fc9e31f64a28a6306249c22e39",
      "content_type": "text/html",
      "fetch_status": "fetched",
      "fetched_at": "2026-04-20T22:25:54.931694+00:00",
      "error_summary": null,
      "source_snapshot_record": {
        "snapshot_id": "snap-f18570e3c677af57",
        "source_document_id": "src-scotia-html-adda211d99086747",
        "object_storage_key": "dev/snapshots/CA/SCOTIA/src-scotia-html-adda211d99086747/snap-f18570e3c677af57/raw",
        "content_type": "text/html",
        "checksum": "9a845f6dae8e9e5aed9e04629f798fbc062651177cd1617b7fba43f7c3ca7fa8",
        "fingerprint": "20da8feb68c605bf7dbdc2254eca3b50c4fb69fc9e31f64a28a6306249c22e39",
        "fetch_status": "fetched",
        "response_metadata": {
          "source_id": "AUTO-SCOTIA-CHQ-48e3a3358b",
          "request_url": "https://www.scotiabank.com/ca/en/about/inside-scotiabank/corporate-profile.html",
          "final_url": "https://www.scotiabank.com/ca/en/about/our-company/corporate-profile.html",
          "status_code": 200,
          "content_length": 95903,
          "content_type": "text/html",
          "redirect_count": 1,
          "etag": "W/\"1762a-64fea3bd11b69-gzip\"",
          "last_modified": "Mon, 20 Apr 2026 20:35:04 GMT",
          "cache_control": "private",
          "attempt_count": 1
        },
        "retention_class": "hot",
        "fetched_at": "2026-04-20T22:25:54.931694+00:00"
      },
      "run_source_item_record": {
        "run_source_item_id": "rsi-c11df57935480279",
        "run_id": "run_20260420_222518_scotia_chequing_collect_h6WIxrEK",
        "source_document_id": "src-scotia-html-adda211d99086747",
        "selected_snapshot_id": "snap-f18570e3c677af57",
        "stage_status": "completed",
        "warning_count": 1,
        "error_count": 0,
        "error_summary": null,
        "stage_metadata": {
          "snapshot_action": "stored",
          "request_id": "req_76fb884264da428fbebf2d1239a0b339",
          "content_type": "text/html",
          "checksum": "9a845f6dae8e9e5aed9e04629f798fbc062651177cd1617b7fba43f7c3ca7fa8",
          "fingerprint": "20da8feb68c605bf7dbdc2254eca3b50c4fb69fc9e31f64a28a6306249c22e39",
          "object_storage_key": "dev/snapshots/CA/SCOTIA/src-scotia-html-adda211d99086747/snap-f18570e3c677af57/raw",
          "correlation_id": "corr_CWsKhajUSBUDHHOg",
          "attempt_count": 1,
          "preflight_status": "warning",
          "preflight_issue_codes": [
            "final_url_changed"
          ]
        }
      }
    },
    {
      "source_id": "AUTO-SCOTIA-CHQ-5d824a7b3c",
      "source_document_id": "src-scotia-html-7c8e580a092b5488",
      "snapshot_action": "failed",
      "attempt_count": 3,
      "snapshot_id": null,
      "object_storage_key": null,
      "checksum": null,
      "fingerprint": null,
      "content_type": null,
      "fetch_status": null,
      "fetched_at": null,
      "error_summary": "Discovery fetch requires https URLs: http://www.scotiabank.com/ca/en/personal/ways-to-bank/scotiabank-international-money-transfer-agreement.html",
      "source_snapshot_record": null,
      "run_source_item_record": {
        "run_source_item_id": "rsi-4c7d84d85bc3c787",
        "run_id": "run_20260420_222518_scotia_chequing_collect_h6WIxrEK",
        "source_document_id": "src-scotia-html-7c8e580a092b5488",
        "selected_snapshot_id": null,
        "stage_status": "failed",
        "warning_count": 1,
        "error_count": 3,
        "error_summary": "Discovery fetch requires https URLs: http://www.scotiabank.com/ca/en/personal/ways-to-bank/scotiabank-international-money-transfer-agreement.html",
        "stage_metadata": {
          "snapshot_action": "failed",
          "request_id": "req_76fb884264da428fbebf2d1239a0b339",
          "attempt_count": 3,
          "correlation_id": "corr_CWsKhajUSBUDHHOg",
          "requested_url": "http://www.scotiabank.com/ca/en/personal/ways-to-bank/scotiabank-international-money-transfer-agreement.html",
          "preflight_status": "error",
          "preflight_issue_codes": [
            "fetch_failed"
          ]
        }
      }
    },
    {
      "source_id": "AUTO-SCOTIA-CHQ-8978e402d7",
      "source_document_id": "src-scotia-html-9595e1ce24cf082a",
      "snapshot_action": "stored",
      "attempt_count": 1,
      "snapshot_id": "snap-2e7910386ad2ac64",
      "object_storage_key": "dev/snapshots/CA/SCOTIA/src-scotia-html-9595e1ce24cf082a/snap-2e7910386ad2ac64/raw",
      "checksum": "4f14bd248a5b9bfabb85386c3fe43f759ffc6150c5dcc1adc60671ea6d20d9df",
      "fingerprint": "7697099ce5113abeef9af81e283f3ee2dcece0d69d8ea7a970b875c3b617d88a",
      "content_type": "text/html",
      "fetch_status": "fetched",
      "fetched_at": "2026-04-20T22:26:20.862861+00:00",
      "error_summary": null,
      "source_snapshot_record": {
        "snapshot_id": "snap-2e7910386ad2ac64",
        "source_document_id": "src-scotia-html-9595e1ce24cf082a",
        "object_storage_key": "dev/snapshots/CA/SCOTIA/src-scotia-html-9595e1ce24cf082a/snap-2e7910386ad2ac64/raw",
        "content_type": "text/html",
        "checksum": "4f14bd248a5b9bfabb85386c3fe43f759ffc6150c5dcc1adc60671ea6d20d9df",
        "fingerprint": "7697099ce5113abeef9af81e283f3ee2dcece0d69d8ea7a970b875c3b617d88a",
        "fetch_status": "fetched",
        "response_metadata": {
          "source_id": "AUTO-SCOTIA-CHQ-8978e402d7",
          "request_url": "https://www.scotiabank.com/ca/en/about/our-company.html",
          "final_url": "https://www.scotiabank.com/ca/en/about/our-company.html",
          "status_code": 200,
          "content_length": 84925,
          "content_type": "text/html",
          "redirect_count": 0,
          "etag": "\"14b48-64fea9eac066a-gzip\"",
          "last_modified": "Mon, 20 Apr 2026 21:02:43 GMT",
          "cache_control": "private",
          "attempt_count": 1
        },
        "retention_class": "hot",
        "fetched_at": "2026-04-20T22:26:20.862861+00:00"
      },
      "run_source_item_record": {
        "run_source_item_id": "rsi-46ad0adc343f9aaa",
        "run_id": "run_20260420_222518_scotia_chequing_collect_h6WIxrEK",
        "source_document_id": "src-scotia-html-9595e1ce24cf082a",
        "selected_snapshot_id": "snap-2e7910386ad2ac64",
        "stage_status": "completed",
        "warning_count": 0,
        "error_count": 0,
        "error_summary": null,
        "stage_metadata": {
          "snapshot_action": "stored",
          "request_id": "req_76fb884264da428fbebf2d1239a0b339",
          "content_type": "text/html",
          "checksum": "4f14bd248a5b9bfabb85386c3fe43f759ffc6150c5dcc1adc60671ea6d20d9df",
          "fingerprint": "7697099ce5113abeef9af81e283f3ee2dcece0d69d8ea7a970b875c3b617d88a",
          "object_storage_key": "dev/snapshots/CA/SCOTIA/src-scotia-html-9595e1ce24cf082a/snap-2e7910386ad2ac64/raw",
          "correlation_id": "corr_CWsKhajUSBUDHHOg",
          "attempt_count": 1,
          "preflight_status": "ok",
          "preflight_issue_codes": []
        }
      }
    },
    {
      "source_id": "AUTO-SCOTIA-CHQ-9e7e2e0de5",
      "source_document_id": "src-scotia-html-e475a5fda56c6889",
      "snapshot_action": "stored",
      "attempt_count": 1,
      "snapshot_id": "snap-4ffbc800f3b78c6b",
      "object_storage_key": "dev/snapshots/CA/SCOTIA/src-scotia-html-e475a5fda56c6889/snap-4ffbc800f3b78c6b/raw",
      "checksum": "2d641460cfded489b202ea9658426e490a128b2fa6c285e36a2fc52d5addfb12",
      "fingerprint": "37ef8a09d6797c25da052da14d8bd774d4592f611fa16f60194657ac2666a9c3",
      "content_type": "text/html",
      "fetch_status": "fetched",
      "fetched_at": "2026-04-20T22:26:22.144113+00:00",
      "error_summary": null,
      "source_snapshot_record": {
        "snapshot_id": "snap-4ffbc800f3b78c6b",
        "source_document_id": "src-scotia-html-e475a5fda56c6889",
        "object_storage_key": "dev/snapshots/CA/SCOTIA/src-scotia-html-e475a5fda56c6889/snap-4ffbc800f3b78c6b/raw",
        "content_type": "text/html",
        "checksum": "2d641460cfded489b202ea9658426e490a128b2fa6c285e36a2fc52d5addfb12",
        "fingerprint": "37ef8a09d6797c25da052da14d8bd774d4592f611fa16f60194657ac2666a9c3",
        "fetch_status": "fetched",
        "response_metadata": {
          "source_id": "AUTO-SCOTIA-CHQ-9e7e2e0de5",
          "request_url": "https://www.scotiabank.com/ca/en/about/contact-us/legal.html",
          "final_url": "https://www.scotiabank.com/ca/en/about/contact-us/legal.html",
          "status_code": 200,
          "content_length": 103429,
          "content_type": "text/html",
          "redirect_count": 0,
          "etag": "\"19390-64fea92615043-gzip\"",
          "last_modified": "Mon, 20 Apr 2026 20:59:17 GMT",
          "cache_control": "private",
          "attempt_count": 1
        },
        "retention_class": "hot",
        "fetched_at": "2026-04-20T22:26:22.144113+00:00"
      },
      "run_source_item_record": {
        "run_source_item_id": "rsi-35fd2dce608f85fb",
        "run_id": "run_20260420_222518_scotia_chequing_collect_h6WIxrEK",
        "source_document_id": "src-scotia-html-e475a5fda56c6889",
        "selected_snapshot_id": "snap-4ffbc800f3b78c6b",
        "stage_status": "completed",
        "warning_count": 0,
        "error_count": 0,
        "error_summary": null,
        "stage_metadata": {
          "snapshot_action": "stored",
          "request_id": "req_76fb884264da428fbebf2d1239a0b339",
          "content_type": "text/html",
          "checksum": "2d641460cfded489b202ea9658426e490a128b2fa6c285e36a2fc52d5addfb12",
          "fingerprint": "37ef8a09d6797c25da052da14d8bd774d4592f611fa16f60194657ac2666a9c3",
          "object_storage_key": "dev/snapshots/CA/SCOTIA/src-scotia-html-e475a5fda56c6889/snap-4ffbc800f3b78c6b/raw",
          "correlation_id": "corr_CWsKhajUSBUDHHOg",
          "attempt_count": 1,
          "preflight_status": "ok",
          "preflight_issue_codes": []
        }
      }
    },
    {
      "source_id": "AUTO-SCOTIA-CHQ-4a42d71bcb",
      "source_document_id": "src-scotia-pdf-896fecf2b494b89d",
      "snapshot_action": "reused",
      "attempt_count": 1,
      "snapshot_id": "snap-9a6571019d801728",
      "object_storage_key": "dev/snapshots/CA/SCOTIA/src-scotia-pdf-896fecf2b494b89d/snap-9a6571019d801728/raw",
      "checksum": "0f8147f96288bf94726de0470d52ff132267641785b2ab86ec548408f04f609a",
      "fingerprint": "4d6abe87c4dfbccfae0f5b676f85d5bb978175e0dc0e3fb23008fa959ee4bcf4",
      "content_type": "application/pdf",
      "fetch_status": "reused",
      "fetched_at": "2026-04-20T22:26:23.243604+00:00",
      "error_summary": null,
      "source_snapshot_record": null,
      "run_source_item_record": {
        "run_source_item_id": "rsi-07ae7f20da5c9655",
        "run_id": "run_20260420_222518_scotia_chequing_collect_h6WIxrEK",
        "source_document_id": "src-scotia-pdf-896fecf2b494b89d",
        "selected_snapshot_id": "snap-9a6571019d801728",
        "stage_status": "completed",
        "warning_count": 0,
        "error_count": 0,
        "error_summary": null,
        "stage_metadata": {
          "snapshot_action": "reused",
          "request_id": "req_76fb884264da428fbebf2d1239a0b339",
          "correlation_id": "corr_CWsKhajUSBUDHHOg",
          "attempt_count": 1,
          "existing_snapshot_id": "snap-9a6571019d801728",
          "existing_fetched_at": "2026-04-20T03:21:30.918314+00",
          "preflight_status": "ok",
          "preflight_issue_codes": [],
          "current_response_metadata": {
            "source_id": "AUTO-SCOTIA-CHQ-4a42d71bcb",
            "request_url": "https://www.scotiabank.com/content/dam/scotiabank/canada/common/documents/Disclosure-Policy-January-2026.pdf",
            "final_url": "https://www.scotiabank.com/content/dam/scotiabank/canada/common/documents/Disclosure-Policy-January-2026.pdf",
            "status_code": 200,
            "content_length": 281324,
            "content_type": "application/pdf",
            "redirect_count": 0,
            "etag": "W/\"44aec-64fd7b3c524f9-gzip\"",
            "last_modified": "Sun, 19 Apr 2026 22:28:32 GMT",
            "cache_control": "private",
            "attempt_count": 1
          }
        }
      }
    },
    {
      "source_id": "AUTO-SCOTIA-CHQ-ac36967a29",
      "source_document_id": "src-scotia-pdf-46e2cebf1e3f4490",
      "snapshot_action": "stored",
      "attempt_count": 1,
      "snapshot_id": "snap-3f9084e2778a6b7e",
      "object_storage_key": "dev/snapshots/CA/SCOTIA/src-scotia-pdf-46e2cebf1e3f4490/snap-3f9084e2778a6b7e/raw",
      "checksum": "d98512bc45851b635578a18d498f23af130dcecabba51f9e51c29df99c2a69fc",
      "fingerprint": "1ae0ea054aaa6993823b6a31c1ff79493b46a1b6523b289cf0d5ea4397dc2ac3",
      "content_type": "application/pdf",
      "fetch_status": "fetched",
      "fetched_at": "2026-04-20T22:26:23.811535+00:00",
      "error_summary": null,
      "source_snapshot_record": {
        "snapshot_id": "snap-3f9084e2778a6b7e",
        "source_document_id": "src-scotia-pdf-46e2cebf1e3f4490",
        "object_storage_key": "dev/snapshots/CA/SCOTIA/src-scotia-pdf-46e2cebf1e3f4490/snap-3f9084e2778a6b7e/raw",
        "content_type": "application/pdf",
        "checksum": "d98512bc45851b635578a18d498f23af130dcecabba51f9e51c29df99c2a69fc",
        "fingerprint": "1ae0ea054aaa6993823b6a31c1ff79493b46a1b6523b289cf0d5ea4397dc2ac3",
        "fetch_status": "fetched",
        "response_metadata": {
          "source_id": "AUTO-SCOTIA-CHQ-ac36967a29",
          "request_url": "https://www.scotiabank.com/content/dam/scotiabank/canada/en/documents/chequing-&-savings/day-to-day_banking_companion_booklet.pdf",
          "final_url": "https://www.scotiabank.com/content/dam/scotiabank/canada/en/documents/chequing-&-savings/day-to-day_banking_companion_booklet.pdf",
          "status_code": 200,
          "content_length": 955952,
          "content_type": "application/pdf",
          "redirect_count": 0,
          "etag": "\"e9630-64e019777ba09-gzip\"",
          "last_modified": "Fri, 27 Mar 2026 13:36:43 GMT",
          "cache_control": "private",
          "attempt_count": 1
        },
        "retention_class": "hot",
        "fetched_at": "2026-04-20T22:26:23.811535+00:00"
      },
      "run_source_item_record": {
        "run_source_item_id": "rsi-1e63dde48e72c4de",
        "run_id": "run_20260420_222518_scotia_chequing_collect_h6WIxrEK",
        "source_document_id": "src-scotia-pdf-46e2cebf1e3f4490",
        "selected_snapshot_id": "snap-3f9084e2778a6b7e",
        "stage_status": "completed",
        "warning_count": 0,
        "error_count": 0,
        "error_summary": null,
        "stage_metadata": {
          "snapshot_action": "stored",
          "request_id": "req_76fb884264da428fbebf2d1239a0b339",
          "content_type": "application/pdf",
          "checksum": "d98512bc45851b635578a18d498f23af130dcecabba51f9e51c29df99c2a69fc",
          "fingerprint": "1ae0ea054aaa6993823b6a31c1ff79493b46a1b6523b289cf0d5ea4397dc2ac3",
          "object_storage_key": "dev/snapshots/CA/SCOTIA/src-scotia-pdf-46e2cebf1e3f4490/snap-3f9084e2778a6b7e/raw",
          "correlation_id": "corr_CWsKhajUSBUDHHOg",
          "attempt_count": 1,
          "preflight_status": "ok",
          "preflight_issue_codes": []
        }
      }
    },
    {
      "source_id": "AUTO-SCOTIA-CHQ-c650641b16",
      "source_document_id": "src-scotia-pdf-2387e00aba33a92f",
      "snapshot_action": "stored",
      "attempt_count": 1,
      "snapshot_id": "snap-431ec07a18c167b8",
      "object_storage_key": "dev/snapshots/CA/SCOTIA/src-scotia-pdf-2387e00aba33a92f/snap-431ec07a18c167b8/raw",
      "checksum": "84c38f7d2149a43cca6afadc92aa22c5286f333c0d07c4c68acf2baa0663829d",
      "fingerprint": "f3143815b18172b0a4d7f50854c95c9c9d790824279ad74cbd5085c0c3db32ca",
      "content_type": "application/pdf",
      "fetch_status": "fetched",
      "fetched_at": "2026-04-20T22:26:23.795573+00:00",
      "error_summary": null,
      "source_snapshot_record": {
        "snapshot_id": "snap-431ec07a18c167b8",
        "source_document_id": "src-scotia-pdf-2387e00aba33a92f",
        "object_storage_key": "dev/snapshots/CA/SCOTIA/src-scotia-pdf-2387e00aba33a92f/snap-431ec07a18c167b8/raw",
        "content_type": "application/pdf",
        "checksum": "84c38f7d2149a43cca6afadc92aa22c5286f333c0d07c4c68acf2baa0663829d",
        "fingerprint": "f3143815b18172b0a4d7f50854c95c9c9d790824279ad74cbd5085c0c3db32ca",
        "fetch_status": "fetched",
        "response_metadata": {
          "source_id": "AUTO-SCOTIA-CHQ-c650641b16",
          "request_url": "https://www.scotiabank.com/content/dam/scotiabank/canada/common/documents/pdf/day_to_day/PAD_PAC_Payroll-Transaction-Descriptions_EN.pdf",
          "final_url": "https://www.scotiabank.com/content/dam/scotiabank/canada/common/documents/pdf/day_to_day/PAD_PAC_Payroll-Transaction-Descriptions_EN.pdf",
          "status_code": 200,
          "content_length": 111712,
          "content_type": "application/pdf",
          "redirect_count": 0,
          "etag": "W/\"1b460-64e7041787ec2-gzip\"",
          "last_modified": "Thu, 02 Apr 2026 01:38:21 GMT",
          "cache_control": "private",
          "attempt_count": 1
        },
        "retention_class": "hot",
        "fetched_at": "2026-04-20T22:26:23.795573+00:00"
      },
      "run_source_item_record": {
        "run_source_item_id": "rsi-1c1b203a78d6ae5f",
        "run_id": "run_20260420_222518_scotia_chequing_collect_h6WIxrEK",
        "source_document_id": "src-scotia-pdf-2387e00aba33a92f",
        "selected_snapshot_id": "snap-431ec07a18c167b8",
        "stage_status": "completed",
        "warning_count": 0,
        "error_count": 0,
        "error_summary": null,
        "stage_metadata": {
          "snapshot_action": "stored",
          "request_id": "req_76fb884264da428fbebf2d1239a0b339",
          "content_type": "application/pdf",
          "checksum": "84c38f7d2149a43cca6afadc92aa22c5286f333c0d07c4c68acf2baa0663829d",
          "fingerprint": "f3143815b18172b0a4d7f50854c95c9c9d790824279ad74cbd5085c0c3db32ca",
          "object_storage_key": "dev/snapshots/CA/SCOTIA/src-scotia-pdf-2387e00aba33a92f/snap-431ec07a18c167b8/raw",
          "correlation_id": "corr_CWsKhajUSBUDHHOg",
          "attempt_count": 1,
          "preflight_status": "ok",
          "preflight_issue_codes": []
        }
      }
    },
    {
      "source_id": "AUTO-SCOTIA-CHQ-f50fe257ca",
      "source_document_id": "src-scotia-pdf-233e9e2beab97083",
      "snapshot_action": "reused",
      "attempt_count": 1,
      "snapshot_id": "snap-86426fad4268e2ac",
      "object_storage_key": "dev/snapshots/CA/SCOTIA/src-scotia-pdf-233e9e2beab97083/snap-86426fad4268e2ac/raw",
      "checksum": "cc0cb3a6451541bcd56e0a9f83f7ade454a588d2dcbae5f42de1e1aca2e96abc",
      "fingerprint": "827f75d2643fd4a24b1f00ea6d242c8cf0e55e851570f740ba7378ca559c010e",
      "content_type": "application/pdf",
      "fetch_status": "reused",
      "fetched_at": "2026-04-20T22:26:51.112616+00:00",
      "error_summary": null,
      "source_snapshot_record": null,
      "run_source_item_record": {
        "run_source_item_id": "rsi-cebb6bcf54f6d877",
        "run_id": "run_20260420_222518_scotia_chequing_collect_h6WIxrEK",
        "source_document_id": "src-scotia-pdf-233e9e2beab97083",
        "selected_snapshot_id": "snap-86426fad4268e2ac",
        "stage_status": "completed",
        "warning_count": 0,
        "error_count": 0,
        "error_summary": null,
        "stage_metadata": {
          "snapshot_action": "reused",
          "request_id": "req_76fb884264da428fbebf2d1239a0b339",
          "correlation_id": "corr_CWsKhajUSBUDHHOg",
          "attempt_count": 1,
          "existing_snapshot_id": "snap-86426fad4268e2ac",
          "existing_fetched_at": "2026-04-20T03:22:31.789218+00",
          "preflight_status": "ok",
          "preflight_issue_codes": [],
          "current_response_metadata": {
            "source_id": "AUTO-SCOTIA-CHQ-f50fe257ca",
            "request_url": "https://www.scotiabank.com/content/dam/scotiabank/corporate/quarterly-reports/2026/q1/Q126_Scotiabank_Investor_Factsheet.pdf",
            "final_url": "https://www.scotiabank.com/content/dam/scotiabank/corporate/quarterly-reports/2026/q1/Q126_Scotiabank_Investor_Factsheet.pdf",
            "status_code": 200,
            "content_length": 154546,
            "content_type": "application/pdf",
            "redirect_count": 0,
            "etag": "\"25bb2-64f1eec2825ca-gzip\"",
            "last_modified": "Fri, 10 Apr 2026 18:01:29 GMT",
            "cache_control": "private",
            "attempt_count": 1
          }
        }
      }
    }
  ],
  "preflight": {
    "run_id": "run_20260420_222518_scotia_chequing_collect_h6WIxrEK",
    "correlation_id": "corr_CWsKhajUSBUDHHOg",
    "request_id": "req_76fb884264da428fbebf2d1239a0b339",
    "stats": {
      "source_total": 13,
      "ok_count": 10,
      "warning_count": 2,
      "error_count": 1,
      "issue_total": 3
    },
    "source_checks": [
      {
        "source_id": "SCOTIA-CHQ-002",
        "source_document_id": "src-scotia-html-9292ecef03273a23",
        "expected_url": "https://www.scotiabank.com/ca/en/personal/bank-accounts/chequing-accounts/ultimate-package.html",
        "expected_source_type": "html",
        "status": "ok",
        "fetched_at": "2026-04-20T22:25:37.279001+00:00",
        "final_url": "https://www.scotiabank.com/ca/en/personal/bank-accounts/chequing-accounts/ultimate-package.html",
        "normalized_final_url": "https://www.scotiabank.com/ca/en/personal/bank-accounts/chequing-accounts/ultimate-package.html",
        "status_code": 200,
        "content_type": "text/html",
        "redirect_count": 0,
        "error_summary": null,
        "issues": []
      },
      {
        "source_id": "SCOTIA-CHQ-003",
        "source_document_id": "src-scotia-html-53be71f7f4bfedb9",
        "expected_url": "https://www.scotiabank.com/ca/en/personal/bank-accounts/chequing-accounts/preferred-package.html",
        "expected_source_type": "html",
        "status": "warning",
        "fetched_at": "2026-04-20T22:25:37.804867+00:00",
        "final_url": "https://www.scotiabank.com/ca/en/personal/bank-accounts/chequing-accounts/preferred.html",
        "normalized_final_url": "https://www.scotiabank.com/ca/en/personal/bank-accounts/chequing-accounts/preferred.html",
        "status_code": 200,
        "content_type": "text/html",
        "redirect_count": 1,
        "error_summary": null,
        "issues": [
          {
            "source_id": "SCOTIA-CHQ-003",
            "source_document_id": "src-scotia-html-53be71f7f4bfedb9",
            "issue_code": "final_url_changed",
            "severity": "warning",
            "expected_url": "https://www.scotiabank.com/ca/en/personal/bank-accounts/chequing-accounts/preferred-package.html",
            "detected_url": "https://www.scotiabank.com/ca/en/personal/bank-accounts/chequing-accounts/preferred.html",
            "expected_source_type": "html",
            "detected_content_type": "text/html",
            "message": "Final fetched URL differs from the approved active registry URL."
          }
        ]
      },
      {
        "source_id": "SCOTIA-CHQ-004",
        "source_document_id": "src-scotia-html-75c2d4a847ba6e65",
        "expected_url": "https://www.scotiabank.com/ca/en/personal/bank-accounts/chequing-accounts/basic-plus.html",
        "expected_source_type": "html",
        "status": "ok",
        "fetched_at": "2026-04-20T22:25:38.274741+00:00",
        "final_url": "https://www.scotiabank.com/ca/en/personal/bank-accounts/chequing-accounts/basic-plus.html",
        "normalized_final_url": "https://www.scotiabank.com/ca/en/personal/bank-accounts/chequing-accounts/basic-plus.html",
        "status_code": 200,
        "content_type": "text/html",
        "redirect_count": 0,
        "error_summary": null,
        "issues": []
      },
      {
        "source_id": "SCOTIA-CHQ-005",
        "source_document_id": "src-scotia-html-5e10fbd7d64b081e",
        "expected_url": "https://www.scotiabank.com/ca/en/personal/bank-accounts/chequing-accounts/basic-bank-account.html",
        "expected_source_type": "html",
        "status": "ok",
        "fetched_at": "2026-04-20T22:25:38.617876+00:00",
        "final_url": "https://www.scotiabank.com/ca/en/personal/bank-accounts/chequing-accounts/basic-bank-account.html",
        "normalized_final_url": "https://www.scotiabank.com/ca/en/personal/bank-accounts/chequing-accounts/basic-bank-account.html",
        "status_code": 200,
        "content_type": "text/html",
        "redirect_count": 0,
        "error_summary": null,
        "issues": []
      },
      {
        "source_id": "SCOTIA-CHQ-006",
        "source_document_id": "src-scotia-html-4fad98dc2e079962",
        "expected_url": "https://www.scotiabank.com/ca/en/personal/bank-accounts/chequing-accounts/chequing-accounts-and-packages-comparison.html",
        "expected_source_type": "html",
        "status": "ok",
        "fetched_at": "2026-04-20T22:25:38.926356+00:00",
        "final_url": "https://www.scotiabank.com/ca/en/personal/bank-accounts/chequing-accounts/chequing-accounts-and-packages-comparison.html",
        "normalized_final_url": "https://www.scotiabank.com/ca/en/personal/bank-accounts/chequing-accounts/chequing-accounts-and-packages-comparison.html",
        "status_code": 200,
        "content_type": "text/html",
        "redirect_count": 0,
        "error_summary": null,
        "issues": []
      },
      {
        "source_id": "AUTO-SCOTIA-CHQ-48e3a3358b",
        "source_document_id": "src-scotia-html-adda211d99086747",
        "expected_url": "https://www.scotiabank.com/ca/en/about/inside-scotiabank/corporate-profile.html",
        "expected_source_type": "html",
        "status": "warning",
        "fetched_at": "2026-04-20T22:25:39.173973+00:00",
        "final_url": "https://www.scotiabank.com/ca/en/about/our-company/corporate-profile.html",
        "normalized_final_url": "https://www.scotiabank.com/ca/en/about/our-company/corporate-profile.html",
        "status_code": 200,
        "content_type": "text/html",
        "redirect_count": 1,
        "error_summary": null,
        "issues": [
          {
            "source_id": "AUTO-SCOTIA-CHQ-48e3a3358b",
            "source_document_id": "src-scotia-html-adda211d99086747",
            "issue_code": "final_url_changed",
            "severity": "warning",
            "expected_url": "https://www.scotiabank.com/ca/en/about/inside-scotiabank/corporate-profile.html",
            "detected_url": "https://www.scotiabank.com/ca/en/about/our-company/corporate-profile.html",
            "expected_source_type": "html",
            "detected_content_type": "text/html",
            "message": "Final fetched URL differs from the approved active registry URL."
          }
        ]
      },
      {
        "source_id": "AUTO-SCOTIA-CHQ-5d824a7b3c",
        "source_document_id": "src-scotia-html-7c8e580a092b5488",
        "expected_url": "http://www.scotiabank.com/ca/en/personal/ways-to-bank/scotiabank-international-money-transfer-agreement.html",
        "expected_source_type": "html",
        "status": "error",
        "fetched_at": null,
        "final_url": null,
        "normalized_final_url": null,
        "status_code": null,
        "content_type": null,
        "redirect_count": null,
        "error_summary": "Discovery fetch requires https URLs: http://www.scotiabank.com/ca/en/personal/ways-to-bank/scotiabank-international-money-transfer-agreement.html",
        "issues": [
          {
            "source_id": "AUTO-SCOTIA-CHQ-5d824a7b3c",
            "source_document_id": "src-scotia-html-7c8e580a092b5488",
            "issue_code": "fetch_failed",
            "severity": "error",
            "expected_url": "http://www.scotiabank.com/ca/en/personal/ways-to-bank/scotiabank-international-money-transfer-agreement.html",
            "detected_url": null,
            "expected_source_type": "html",
            "detected_content_type": null,
            "message": "Discovery fetch requires https URLs: http://www.scotiabank.com/ca/en/personal/ways-to-bank/scotiabank-international-money-transfer-agreement.html"
          }
        ]
      },
      {
        "source_id": "AUTO-SCOTIA-CHQ-8978e402d7",
        "source_document_id": "src-scotia-html-9595e1ce24cf082a",
        "expected_url": "https://www.scotiabank.com/ca/en/about/our-company.html",
        "expected_source_type": "html",
        "status": "ok",
        "fetched_at": "2026-04-20T22:25:39.492063+00:00",
        "final_url": "https://www.scotiabank.com/ca/en/about/our-company.html",
        "normalized_final_url": "https://www.scotiabank.com/ca/en/about/our-company.html",
        "status_code": 200,
        "content_type": "text/html",
        "redirect_count": 0,
        "error_summary": null,
        "issues": []
      },
      {
        "source_id": "AUTO-SCOTIA-CHQ-9e7e2e0de5",
        "source_document_id": "src-scotia-html-e475a5fda56c6889",
        "expected_url": "https://www.scotiabank.com/ca/en/about/contact-us/legal.html",
        "expected_source_type": "html",
        "status": "ok",
        "fetched_at": "2026-04-20T22:25:39.760304+00:00",
        "final_url": "https://www.scotiabank.com/ca/en/about/contact-us/legal.html",
        "normalized_final_url": "https://www.scotiabank.com/ca/en/about/contact-us/legal.html",
        "status_code": 200,
        "content_type": "text/html",
        "redirect_count": 0,
        "error_summary": null,
        "issues": []
      },
      {
        "source_id": "AUTO-SCOTIA-CHQ-4a42d71bcb",
        "source_document_id": "src-scotia-pdf-896fecf2b494b89d",
        "expected_url": "https://www.scotiabank.com/content/dam/scotiabank/canada/common/documents/Disclosure-Policy-January-2026.pdf",
        "expected_source_type": "pdf",
        "status": "ok",
        "fetched_at": "2026-04-20T22:25:40.029913+00:00",
        "final_url": "https://www.scotiabank.com/content/dam/scotiabank/canada/common/documents/Disclosure-Policy-January-2026.pdf",
        "normalized_final_url": "https://www.scotiabank.com/content/dam/scotiabank/canada/common/documents/Disclosure-Policy-January-2026.pdf",
        "status_code": 200,
        "content_type": "application/pdf",
        "redirect_count": 0,
        "error_summary": null,
        "issues": []
      },
      {
        "source_id": "AUTO-SCOTIA-CHQ-ac36967a29",
        "source_document_id": "src-scotia-pdf-46e2cebf1e3f4490",
        "expected_url": "https://www.scotiabank.com/content/dam/scotiabank/canada/en/documents/chequing-&-savings/day-to-day_banking_companion_booklet.pdf",
        "expected_source_type": "pdf",
        "status": "ok",
        "fetched_at": "2026-04-20T22:25:40.724388+00:00",
        "final_url": "https://www.scotiabank.com/content/dam/scotiabank/canada/en/documents/chequing-&-savings/day-to-day_banking_companion_booklet.pdf",
        "normalized_final_url": "https://www.scotiabank.com/content/dam/scotiabank/canada/en/documents/chequing-&-savings/day-to-day_banking_companion_booklet.pdf",
        "status_code": 200,
        "content_type": "application/pdf",
        "redirect_count": 0,
        "error_summary": null,
        "issues": []
      },
      {
        "source_id": "AUTO-SCOTIA-CHQ-c650641b16",
        "source_document_id": "src-scotia-pdf-2387e00aba33a92f",
        "expected_url": "https://www.scotiabank.com/content/dam/scotiabank/canada/common/documents/pdf/day_to_day/PAD_PAC_Payroll-Transaction-Descriptions_EN.pdf",
        "expected_source_type": "pdf",
        "status": "ok",
        "fetched_at": "2026-04-20T22:25:41.041806+00:00",
        "final_url": "https://www.scotiabank.com/content/dam/scotiabank/canada/common/documents/pdf/day_to_day/PAD_PAC_Payroll-Transaction-Descriptions_EN.pdf",
        "normalized_final_url": "https://www.scotiabank.com/content/dam/scotiabank/canada/common/documents/pdf/day_to_day/PAD_PAC_Payroll-Transaction-Descriptions_EN.pdf",
        "status_code": 200,
        "content_type": "application/pdf",
        "redirect_count": 0,
        "error_summary": null,
        "issues": []
      },
      {
        "source_id": "AUTO-SCOTIA-CHQ-f50fe257ca",
        "source_document_id": "src-scotia-pdf-233e9e2beab97083",
        "expected_url": "https://www.scotiabank.com/content/dam/scotiabank/corporate/quarterly-reports/2026/q1/Q126_Scotiabank_Investor_Factsheet.pdf",
        "expected_source_type": "pdf",
        "status": "ok",
        "fetched_at": "2026-04-20T22:25:41.238531+00:00",
        "final_url": "https://www.scotiabank.com/content/dam/scotiabank/corporate/quarterly-reports/2026/q1/Q126_Scotiabank_Investor_Factsheet.pdf",
        "normalized_final_url": "https://www.scotiabank.com/content/dam/scotiabank/corporate/quarterly-reports/2026/q1/Q126_Scotiabank_Investor_Factsheet.pdf",
        "status_code": 200,
        "content_type": "application/pdf",
        "redirect_count": 0,
        "error_summary": null,
        "issues": []
      }
    ]
  },
  "runtime": {
    "env_file": "D:\\10 Development\\10 \uac1c\uc778\ud504\ub85c\uc81d\ud2b8\\70. Mybank\\workspace\\.env.dev",
    "loaded_env_key_count": 51,
    "persist_db": true,
    "trigger_type": "admin_source_collection",
    "triggered_by": "kylee1112@hotmail.com",
    "database_schema": "public",
    "storage_driver": "s3",
    "source_fetch_timeout_seconds": 45,
    "source_fetch_concurrency": 4,
    "preflight_drift_check_enabled": true
  },
  "persistence": {
    "run_id": "run_20260420_222518_scotia_chequing_collect_h6WIxrEK",
    "run_state": "completed",
    "source_document_count": 13,
    "stored_snapshot_count": 10,
    "run_source_item_count": 13,
    "source_success_count": 12,
    "source_failure_count": 1,
    "partial_completion_flag": true,
    "started_at": "2026-04-20T22:25:36.053323+00:00",
    "completed_at": "2026-04-20T22:26:54.353883+00:00"
  }
}
[source-collection-runner] run run_20260420_222518_scotia_chequing_collect_h6WIxrEK continuing with 12 successful snapshot source(s)
[source-collection-runner] launching stage fpds_parse_chunk with timeout 1800s
warning: `VIRTUAL_ENV=api\service\.venv` does not match the project environment path `.venv` and will be ignored; use `--active` to target the active environment instead
{
  "run_id": "run_20260420_222518_scotia_chequing_collect_h6WIxrEK",
  "correlation_id": "corr_CWsKhajUSBUDHHOg",
  "request_id": "req_76fb884264da428fbebf2d1239a0b339",
  "partial_completion_flag": true,
  "stats": {
    "source_total": 12,
    "stored_count": 9,
    "reused_count": 2,
    "failed_count": 1
  },
  "source_results": [
    {
      "source_id": "SCOTIA-CHQ-002",
      "source_document_id": "src-scotia-html-9292ecef03273a23",
      "snapshot_id": "snap-79a5fa5c1363ed31",
      "parse_action": "stored",
      "parsed_document_id": "parsed-7987287dde3cc153",
      "parsed_storage_key": "dev/parsed/CA/SCOTIA/src-scotia-html-9292ecef03273a23/parsed-7987287dde3cc153/parsed.txt",
      "metadata_storage_key": "dev/parsed/CA/SCOTIA/src-scotia-html-9292ecef03273a23/parsed-7987287dde3cc153/metadata.json",
      "chunk_count": 68,
      "parse_quality_note": null,
      "error_summary": null,
      "run_source_item_record": {
        "run_source_item_id": "rsi-a0b51433c4280348",
        "run_id": "run_20260420_222518_scotia_chequing_collect_h6WIxrEK",
        "source_document_id": "src-scotia-html-9292ecef03273a23",
        "selected_snapshot_id": "snap-79a5fa5c1363ed31",
        "stage_status": "completed",
        "warning_count": 0,
        "error_count": 0,
        "error_summary": null,
        "stage_metadata": {
          "parse_action": "stored",
          "parsed_document_id": "parsed-7987287dde3cc153",
          "parsed_storage_key": "dev/parsed/CA/SCOTIA/src-scotia-html-9292ecef03273a23/parsed-7987287dde3cc153/parsed.txt",
          "metadata_storage_key": "dev/parsed/CA/SCOTIA/src-scotia-html-9292ecef03273a23/parsed-7987287dde3cc153/metadata.json",
          "chunk_count": 68,
          "parse_quality_note": null,
          "parser_version": "fpds-parse-chunk-v1",
          "correlation_id": "corr_CWsKhajUSBUDHHOg",
          "request_id": "req_76fb884264da428fbebf2d1239a0b339"
        }
      }
    },
    {
      "source_id": "SCOTIA-CHQ-003",
      "source_document_id": "src-scotia-html-53be71f7f4bfedb9",
      "snapshot_id": "snap-fc6bfe5bf0967a3a",
      "parse_action": "stored",
      "parsed_document_id": "parsed-7394747cf7ae3122",
      "parsed_storage_key": "dev/parsed/CA/SCOTIA/src-scotia-html-53be71f7f4bfedb9/parsed-7394747cf7ae3122/parsed.txt",
      "metadata_storage_key": "dev/parsed/CA/SCOTIA/src-scotia-html-53be71f7f4bfedb9/parsed-7394747cf7ae3122/metadata.json",
      "chunk_count": 67,
      "parse_quality_note": null,
      "error_summary": null,
      "run_source_item_record": {
        "run_source_item_id": "rsi-3b84c9b889570e3f",
        "run_id": "run_20260420_222518_scotia_chequing_collect_h6WIxrEK",
        "source_document_id": "src-scotia-html-53be71f7f4bfedb9",
        "selected_snapshot_id": "snap-fc6bfe5bf0967a3a",
        "stage_status": "completed",
        "warning_count": 0,
        "error_count": 0,
        "error_summary": null,
        "stage_metadata": {
          "parse_action": "stored",
          "parsed_document_id": "parsed-7394747cf7ae3122",
          "parsed_storage_key": "dev/parsed/CA/SCOTIA/src-scotia-html-53be71f7f4bfedb9/parsed-7394747cf7ae3122/parsed.txt",
          "metadata_storage_key": "dev/parsed/CA/SCOTIA/src-scotia-html-53be71f7f4bfedb9/parsed-7394747cf7ae3122/metadata.json",
          "chunk_count": 67,
          "parse_quality_note": null,
          "parser_version": "fpds-parse-chunk-v1",
          "correlation_id": "corr_CWsKhajUSBUDHHOg",
          "request_id": "req_76fb884264da428fbebf2d1239a0b339"
        }
      }
    },
    {
      "source_id": "SCOTIA-CHQ-004",
      "source_document_id": "src-scotia-html-75c2d4a847ba6e65",
      "snapshot_id": "snap-7306f22b30ad981d",
      "parse_action": "stored",
      "parsed_document_id": "parsed-665935fea4b2b828",
      "parsed_storage_key": "dev/parsed/CA/SCOTIA/src-scotia-html-75c2d4a847ba6e65/parsed-665935fea4b2b828/parsed.txt",
      "metadata_storage_key": "dev/parsed/CA/SCOTIA/src-scotia-html-75c2d4a847ba6e65/parsed-665935fea4b2b828/metadata.json",
      "chunk_count": 21,
      "parse_quality_note": null,
      "error_summary": null,
      "run_source_item_record": {
        "run_source_item_id": "rsi-d4f571e9bba6d91e",
        "run_id": "run_20260420_222518_scotia_chequing_collect_h6WIxrEK",
        "source_document_id": "src-scotia-html-75c2d4a847ba6e65",
        "selected_snapshot_id": "snap-7306f22b30ad981d",
        "stage_status": "completed",
        "warning_count": 0,
        "error_count": 0,
        "error_summary": null,
        "stage_metadata": {
          "parse_action": "stored",
          "parsed_document_id": "parsed-665935fea4b2b828",
          "parsed_storage_key": "dev/parsed/CA/SCOTIA/src-scotia-html-75c2d4a847ba6e65/parsed-665935fea4b2b828/parsed.txt",
          "metadata_storage_key": "dev/parsed/CA/SCOTIA/src-scotia-html-75c2d4a847ba6e65/parsed-665935fea4b2b828/metadata.json",
          "chunk_count": 21,
          "parse_quality_note": null,
          "parser_version": "fpds-parse-chunk-v1",
          "correlation_id": "corr_CWsKhajUSBUDHHOg",
          "request_id": "req_76fb884264da428fbebf2d1239a0b339"
        }
      }
    },
    {
      "source_id": "SCOTIA-CHQ-005",
      "source_document_id": "src-scotia-html-5e10fbd7d64b081e",
      "snapshot_id": "snap-8e47187bb1ae15d5",
      "parse_action": "stored",
      "parsed_document_id": "parsed-470cae5eed641dee",
      "parsed_storage_key": "dev/parsed/CA/SCOTIA/src-scotia-html-5e10fbd7d64b081e/parsed-470cae5eed641dee/parsed.txt",
      "metadata_storage_key": "dev/parsed/CA/SCOTIA/src-scotia-html-5e10fbd7d64b081e/parsed-470cae5eed641dee/metadata.json",
      "chunk_count": 20,
      "parse_quality_note": null,
      "error_summary": null,
      "run_source_item_record": {
        "run_source_item_id": "rsi-1cefacb4d193e3a7",
        "run_id": "run_20260420_222518_scotia_chequing_collect_h6WIxrEK",
        "source_document_id": "src-scotia-html-5e10fbd7d64b081e",
        "selected_snapshot_id": "snap-8e47187bb1ae15d5",
        "stage_status": "completed",
        "warning_count": 0,
        "error_count": 0,
        "error_summary": null,
        "stage_metadata": {
          "parse_action": "stored",
          "parsed_document_id": "parsed-470cae5eed641dee",
          "parsed_storage_key": "dev/parsed/CA/SCOTIA/src-scotia-html-5e10fbd7d64b081e/parsed-470cae5eed641dee/parsed.txt",
          "metadata_storage_key": "dev/parsed/CA/SCOTIA/src-scotia-html-5e10fbd7d64b081e/parsed-470cae5eed641dee/metadata.json",
          "chunk_count": 20,
          "parse_quality_note": null,
          "parser_version": "fpds-parse-chunk-v1",
          "correlation_id": "corr_CWsKhajUSBUDHHOg",
          "request_id": "req_76fb884264da428fbebf2d1239a0b339"
        }
      }
    },
    {
      "source_id": "SCOTIA-CHQ-006",
      "source_document_id": "src-scotia-html-4fad98dc2e079962",
      "snapshot_id": "snap-e8ffa3f11e78fa26",
      "parse_action": "stored",
      "parsed_document_id": "parsed-757367f903ac22d7",
      "parsed_storage_key": "dev/parsed/CA/SCOTIA/src-scotia-html-4fad98dc2e079962/parsed-757367f903ac22d7/parsed.txt",
      "metadata_storage_key": "dev/parsed/CA/SCOTIA/src-scotia-html-4fad98dc2e079962/parsed-757367f903ac22d7/metadata.json",
      "chunk_count": 165,
      "parse_quality_note": null,
      "error_summary": null,
      "run_source_item_record": {
        "run_source_item_id": "rsi-f4bc429cbe6d7a60",
        "run_id": "run_20260420_222518_scotia_chequing_collect_h6WIxrEK",
        "source_document_id": "src-scotia-html-4fad98dc2e079962",
        "selected_snapshot_id": "snap-e8ffa3f11e78fa26",
        "stage_status": "completed",
        "warning_count": 0,
        "error_count": 0,
        "error_summary": null,
        "stage_metadata": {
          "parse_action": "stored",
          "parsed_document_id": "parsed-757367f903ac22d7",
          "parsed_storage_key": "dev/parsed/CA/SCOTIA/src-scotia-html-4fad98dc2e079962/parsed-757367f903ac22d7/parsed.txt",
          "metadata_storage_key": "dev/parsed/CA/SCOTIA/src-scotia-html-4fad98dc2e079962/parsed-757367f903ac22d7/metadata.json",
          "chunk_count": 165,
          "parse_quality_note": null,
          "parser_version": "fpds-parse-chunk-v1",
          "correlation_id": "corr_CWsKhajUSBUDHHOg",
          "request_id": "req_76fb884264da428fbebf2d1239a0b339"
        }
      }
    },
    {
      "source_id": "AUTO-SCOTIA-CHQ-48e3a3358b",
      "source_document_id": "src-scotia-html-adda211d99086747",
      "snapshot_id": "snap-f18570e3c677af57",
      "parse_action": "stored",
      "parsed_document_id": "parsed-e17ae18e4b887e2a",
      "parsed_storage_key": "dev/parsed/CA/SCOTIA/src-scotia-html-adda211d99086747/parsed-e17ae18e4b887e2a/parsed.txt",
      "metadata_storage_key": "dev/parsed/CA/SCOTIA/src-scotia-html-adda211d99086747/parsed-e17ae18e4b887e2a/metadata.json",
      "chunk_count": 15,
      "parse_quality_note": null,
      "error_summary": null,
      "run_source_item_record": {
        "run_source_item_id": "rsi-c11df57935480279",
        "run_id": "run_20260420_222518_scotia_chequing_collect_h6WIxrEK",
        "source_document_id": "src-scotia-html-adda211d99086747",
        "selected_snapshot_id": "snap-f18570e3c677af57",
        "stage_status": "completed",
        "warning_count": 0,
        "error_count": 0,
        "error_summary": null,
        "stage_metadata": {
          "parse_action": "stored",
          "parsed_document_id": "parsed-e17ae18e4b887e2a",
          "parsed_storage_key": "dev/parsed/CA/SCOTIA/src-scotia-html-adda211d99086747/parsed-e17ae18e4b887e2a/parsed.txt",
          "metadata_storage_key": "dev/parsed/CA/SCOTIA/src-scotia-html-adda211d99086747/parsed-e17ae18e4b887e2a/metadata.json",
          "chunk_count": 15,
          "parse_quality_note": null,
          "parser_version": "fpds-parse-chunk-v1",
          "correlation_id": "corr_CWsKhajUSBUDHHOg",
          "request_id": "req_76fb884264da428fbebf2d1239a0b339"
        }
      }
    },
    {
      "source_id": "AUTO-SCOTIA-CHQ-8978e402d7",
      "source_document_id": "src-scotia-html-9595e1ce24cf082a",
      "snapshot_id": "snap-2e7910386ad2ac64",
      "parse_action": "stored",
      "parsed_document_id": "parsed-36b4291c2871256c",
      "parsed_storage_key": "dev/parsed/CA/SCOTIA/src-scotia-html-9595e1ce24cf082a/parsed-36b4291c2871256c/parsed.txt",
      "metadata_storage_key": "dev/parsed/CA/SCOTIA/src-scotia-html-9595e1ce24cf082a/parsed-36b4291c2871256c/metadata.json",
      "chunk_count": 3,
      "parse_quality_note": null,
      "error_summary": null,
      "run_source_item_record": {
        "run_source_item_id": "rsi-46ad0adc343f9aaa",
        "run_id": "run_20260420_222518_scotia_chequing_collect_h6WIxrEK",
        "source_document_id": "src-scotia-html-9595e1ce24cf082a",
        "selected_snapshot_id": "snap-2e7910386ad2ac64",
        "stage_status": "completed",
        "warning_count": 0,
        "error_count": 0,
        "error_summary": null,
        "stage_metadata": {
          "parse_action": "stored",
          "parsed_document_id": "parsed-36b4291c2871256c",
          "parsed_storage_key": "dev/parsed/CA/SCOTIA/src-scotia-html-9595e1ce24cf082a/parsed-36b4291c2871256c/parsed.txt",
          "metadata_storage_key": "dev/parsed/CA/SCOTIA/src-scotia-html-9595e1ce24cf082a/parsed-36b4291c2871256c/metadata.json",
          "chunk_count": 3,
          "parse_quality_note": null,
          "parser_version": "fpds-parse-chunk-v1",
          "correlation_id": "corr_CWsKhajUSBUDHHOg",
          "request_id": "req_76fb884264da428fbebf2d1239a0b339"
        }
      }
    },
    {
      "source_id": "AUTO-SCOTIA-CHQ-9e7e2e0de5",
      "source_document_id": "src-scotia-html-e475a5fda56c6889",
      "snapshot_id": "snap-4ffbc800f3b78c6b",
      "parse_action": "stored",
      "parsed_document_id": "parsed-a6a5835119271056",
      "parsed_storage_key": "dev/parsed/CA/SCOTIA/src-scotia-html-e475a5fda56c6889/parsed-a6a5835119271056/parsed.txt",
      "metadata_storage_key": "dev/parsed/CA/SCOTIA/src-scotia-html-e475a5fda56c6889/parsed-a6a5835119271056/metadata.json",
      "chunk_count": 31,
      "parse_quality_note": null,
      "error_summary": null,
      "run_source_item_record": {
        "run_source_item_id": "rsi-35fd2dce608f85fb",
        "run_id": "run_20260420_222518_scotia_chequing_collect_h6WIxrEK",
        "source_document_id": "src-scotia-html-e475a5fda56c6889",
        "selected_snapshot_id": "snap-4ffbc800f3b78c6b",
        "stage_status": "completed",
        "warning_count": 0,
        "error_count": 0,
        "error_summary": null,
        "stage_metadata": {
          "parse_action": "stored",
          "parsed_document_id": "parsed-a6a5835119271056",
          "parsed_storage_key": "dev/parsed/CA/SCOTIA/src-scotia-html-e475a5fda56c6889/parsed-a6a5835119271056/parsed.txt",
          "metadata_storage_key": "dev/parsed/CA/SCOTIA/src-scotia-html-e475a5fda56c6889/parsed-a6a5835119271056/metadata.json",
          "chunk_count": 31,
          "parse_quality_note": null,
          "parser_version": "fpds-parse-chunk-v1",
          "correlation_id": "corr_CWsKhajUSBUDHHOg",
          "request_id": "req_76fb884264da428fbebf2d1239a0b339"
        }
      }
    },
    {
      "source_id": "AUTO-SCOTIA-CHQ-4a42d71bcb",
      "source_document_id": "src-scotia-pdf-896fecf2b494b89d",
      "snapshot_id": "snap-9a6571019d801728",
      "parse_action": "reused",
      "parsed_document_id": "parsed-33282b2909c5e50a",
      "parsed_storage_key": "dev/parsed/CA/SCOTIA/src-scotia-pdf-896fecf2b494b89d/parsed-33282b2909c5e50a/parsed.txt",
      "metadata_storage_key": "dev/parsed/CA/SCOTIA/src-scotia-pdf-896fecf2b494b89d/parsed-33282b2909c5e50a/metadata.json",
      "chunk_count": 48,
      "parse_quality_note": null,
      "error_summary": null,
      "run_source_item_record": {
        "run_source_item_id": "rsi-07ae7f20da5c9655",
        "run_id": "run_20260420_222518_scotia_chequing_collect_h6WIxrEK",
        "source_document_id": "src-scotia-pdf-896fecf2b494b89d",
        "selected_snapshot_id": "snap-9a6571019d801728",
        "stage_status": "completed",
        "warning_count": 0,
        "error_count": 0,
        "error_summary": null,
        "stage_metadata": {
          "parse_action": "reused",
          "parsed_document_id": "parsed-33282b2909c5e50a",
          "parsed_storage_key": "dev/parsed/CA/SCOTIA/src-scotia-pdf-896fecf2b494b89d/parsed-33282b2909c5e50a/parsed.txt",
          "metadata_storage_key": "dev/parsed/CA/SCOTIA/src-scotia-pdf-896fecf2b494b89d/parsed-33282b2909c5e50a/metadata.json",
          "chunk_count": 48,
          "parse_quality_note": null,
          "parser_version": "fpds-parse-chunk-v1",
          "correlation_id": "corr_CWsKhajUSBUDHHOg",
          "request_id": "req_76fb884264da428fbebf2d1239a0b339"
        }
      }
    },
    {
      "source_id": "AUTO-SCOTIA-CHQ-ac36967a29",
      "source_document_id": "src-scotia-pdf-46e2cebf1e3f4490",
      "snapshot_id": "snap-3f9084e2778a6b7e",
      "parse_action": "failed",
      "parsed_document_id": null,
      "parsed_storage_key": null,
      "metadata_storage_key": null,
      "chunk_count": 0,
      "parse_quality_note": null,
      "error_summary": "cryptography>=3.1 is required for AES algorithm",
      "run_source_item_record": {
        "run_source_item_id": "rsi-1e63dde48e72c4de",
        "run_id": "run_20260420_222518_scotia_chequing_collect_h6WIxrEK",
        "source_document_id": "src-scotia-pdf-46e2cebf1e3f4490",
        "selected_snapshot_id": "snap-3f9084e2778a6b7e",
        "stage_status": "failed",
        "warning_count": 0,
        "error_count": 1,
        "error_summary": "cryptography>=3.1 is required for AES algorithm",
        "stage_metadata": {
          "parse_action": "failed",
          "correlation_id": "corr_CWsKhajUSBUDHHOg",
          "request_id": "req_76fb884264da428fbebf2d1239a0b339",
          "snapshot_id": "snap-3f9084e2778a6b7e",
          "snapshot_object_key": "dev/snapshots/CA/SCOTIA/src-scotia-pdf-46e2cebf1e3f4490/snap-3f9084e2778a6b7e/raw"
        }
      }
    },
    {
      "source_id": "AUTO-SCOTIA-CHQ-c650641b16",
      "source_document_id": "src-scotia-pdf-2387e00aba33a92f",
      "snapshot_id": "snap-431ec07a18c167b8",
      "parse_action": "stored",
      "parsed_document_id": "parsed-2bd78055b5b63e0f",
      "parsed_storage_key": "dev/parsed/CA/SCOTIA/src-scotia-pdf-2387e00aba33a92f/parsed-2bd78055b5b63e0f/parsed.txt",
      "metadata_storage_key": "dev/parsed/CA/SCOTIA/src-scotia-pdf-2387e00aba33a92f/parsed-2bd78055b5b63e0f/metadata.json",
      "chunk_count": 4,
      "parse_quality_note": null,
      "error_summary": null,
      "run_source_item_record": {
        "run_source_item_id": "rsi-1c1b203a78d6ae5f",
        "run_id": "run_20260420_222518_scotia_chequing_collect_h6WIxrEK",
        "source_document_id": "src-scotia-pdf-2387e00aba33a92f",
        "selected_snapshot_id": "snap-431ec07a18c167b8",
        "stage_status": "completed",
        "warning_count": 0,
        "error_count": 0,
        "error_summary": null,
        "stage_metadata": {
          "parse_action": "stored",
          "parsed_document_id": "parsed-2bd78055b5b63e0f",
          "parsed_storage_key": "dev/parsed/CA/SCOTIA/src-scotia-pdf-2387e00aba33a92f/parsed-2bd78055b5b63e0f/parsed.txt",
          "metadata_storage_key": "dev/parsed/CA/SCOTIA/src-scotia-pdf-2387e00aba33a92f/parsed-2bd78055b5b63e0f/metadata.json",
          "chunk_count": 4,
          "parse_quality_note": null,
          "parser_version": "fpds-parse-chunk-v1",
          "correlation_id": "corr_CWsKhajUSBUDHHOg",
          "request_id": "req_76fb884264da428fbebf2d1239a0b339"
        }
      }
    },
    {
      "source_id": "AUTO-SCOTIA-CHQ-f50fe257ca",
      "source_document_id": "src-scotia-pdf-233e9e2beab97083",
      "snapshot_id": "snap-86426fad4268e2ac",
      "parse_action": "reused",
      "parsed_document_id": "parsed-5c9a1764eb36c8dc",
      "parsed_storage_key": "dev/parsed/CA/SCOTIA/src-scotia-pdf-233e9e2beab97083/parsed-5c9a1764eb36c8dc/parsed.txt",
      "metadata_storage_key": "dev/parsed/CA/SCOTIA/src-scotia-pdf-233e9e2beab97083/parsed-5c9a1764eb36c8dc/metadata.json",
      "chunk_count": 9,
      "parse_quality_note": null,
      "error_summary": null,
      "run_source_item_record": {
        "run_source_item_id": "rsi-cebb6bcf54f6d877",
        "run_id": "run_20260420_222518_scotia_chequing_collect_h6WIxrEK",
        "source_document_id": "src-scotia-pdf-233e9e2beab97083",
        "selected_snapshot_id": "snap-86426fad4268e2ac",
        "stage_status": "completed",
        "warning_count": 0,
        "error_count": 0,
        "error_summary": null,
        "stage_metadata": {
          "parse_action": "reused",
          "parsed_document_id": "parsed-5c9a1764eb36c8dc",
          "parsed_storage_key": "dev/parsed/CA/SCOTIA/src-scotia-pdf-233e9e2beab97083/parsed-5c9a1764eb36c8dc/parsed.txt",
          "metadata_storage_key": "dev/parsed/CA/SCOTIA/src-scotia-pdf-233e9e2beab97083/parsed-5c9a1764eb36c8dc/metadata.json",
          "chunk_count": 9,
          "parse_quality_note": null,
          "parser_version": "fpds-parse-chunk-v1",
          "correlation_id": "corr_CWsKhajUSBUDHHOg",
          "request_id": "req_76fb884264da428fbebf2d1239a0b339"
        }
      }
    }
  ],
  "runtime": {
    "env_file": "D:\\10 Development\\10 \uac1c\uc778\ud504\ub85c\uc81d\ud2b8\\70. Mybank\\workspace\\.env.dev",
    "loaded_env_key_count": 51,
    "persist_db": true,
    "trigger_type": "admin_source_collection",
    "triggered_by": "kylee1112@hotmail.com",
    "database_schema": "public",
    "storage_driver": "s3"
  },
  "persistence": {
    "run_id": "run_20260420_222518_scotia_chequing_collect_h6WIxrEK",
    "run_state": "completed",
    "parsed_document_count": 9,
    "evidence_chunk_count": 394,
    "run_source_item_count": 12,
    "source_success_count": 11,
    "source_failure_count": 1,
    "partial_completion_flag": true,
    "completed_at": "2026-04-20T22:31:49.348108+00:00"
  }
}
[source-collection-runner] launching stage fpds_extraction with timeout 1800s
warning: `VIRTUAL_ENV=api\service\.venv` does not match the project environment path `.venv` and will be ignored; use `--active` to target the active environment instead
Traceback (most recent call last):
  File "<frozen runpy>", line 198, in _run_module_as_main
  File "<frozen runpy>", line 88, in _run_code
  File "D:\10 Development\10 °łŔÎÇÁ·ÎÁ§Ć®\70. Mybank\workspace\worker\pipeline\fpds_extraction\__main__.py", line 184, in <module>
    raise SystemExit(main())
                     ~~~~^^
  File "D:\10 Development\10 °łŔÎÇÁ·ÎÁ§Ć®\70. Mybank\workspace\worker\pipeline\fpds_extraction\__main__.py", line 65, in main
    contexts = _load_contexts(repository=repository, args=args)
  File "D:\10 Development\10 °łŔÎÇÁ·ÎÁ§Ć®\70. Mybank\workspace\worker\pipeline\fpds_extraction\__main__.py", line 135, in _load_contexts
    raise ValueError(
    ...<3 lines>...
    )
ValueError: No parsed document was found for source ids: AUTO-SCOTIA-CHQ-ac36967a29. Run WBS 3.3 parse/chunk first.
[source-catalog-runner] failed run run_20260420_222518_scotia_chequing_collect_h6WIxrEK: fpds_extraction failed with exit code 1.
