[source-catalog-runner] starting run run_20260420_032021_bmo_gic_collect_yuNZ-G8R for BMO gic
[source-collection-runner] run run_20260420_032021_bmo_gic_collect_yuNZ-G8R starting snapshot for 2 source(s)
[source-collection-runner] launching stage fpds_snapshot with timeout 1800s
warning: `VIRTUAL_ENV=api\service\.venv` does not match the project environment path `.venv` and will be ignored; use `--active` to target the active environment instead
{
  "run_id": "run_20260420_032021_bmo_gic_collect_yuNZ-G8R",
  "correlation_id": "corr_h6iuI1KhFuDzO3_F",
  "request_id": "req_8fa21992be184deda1674c38fe21c471",
  "partial_completion_flag": true,
  "stats": {
    "source_total": 2,
    "stored_count": 0,
    "reused_count": 0,
    "failed_count": 2
  },
  "source_results": [
    {
      "source_id": "BMO-GIC-003",
      "source_document_id": "src-bmo-html-283cc9030bf48bf7",
      "snapshot_action": "failed",
      "attempt_count": 3,
      "snapshot_id": null,
      "object_storage_key": null,
      "checksum": null,
      "fingerprint": null,
      "content_type": null,
      "fetch_status": null,
      "fetched_at": null,
      "error_summary": "The read operation timed out",
      "source_snapshot_record": null,
      "run_source_item_record": {
        "run_source_item_id": "rsi-9a43c1b06dfcd759",
        "run_id": "run_20260420_032021_bmo_gic_collect_yuNZ-G8R",
        "source_document_id": "src-bmo-html-283cc9030bf48bf7",
        "selected_snapshot_id": null,
        "stage_status": "failed",
        "warning_count": 1,
        "error_count": 3,
        "error_summary": "The read operation timed out",
        "stage_metadata": {
          "snapshot_action": "failed",
          "request_id": "req_8fa21992be184deda1674c38fe21c471",
          "attempt_count": 3,
          "correlation_id": "corr_h6iuI1KhFuDzO3_F",
          "requested_url": "https://www.bmo.com/main/personal/investments/gic/progressive-gic/",
          "preflight_status": "error",
          "preflight_issue_codes": [
            "fetch_failed"
          ]
        }
      }
    },
    {
      "source_id": "BMO-GIC-002",
      "source_document_id": "src-bmo-html-75f472dc44bce8be",
      "snapshot_action": "failed",
      "attempt_count": 3,
      "snapshot_id": null,
      "object_storage_key": null,
      "checksum": null,
      "fingerprint": null,
      "content_type": null,
      "fetch_status": null,
      "fetched_at": null,
      "error_summary": "The read operation timed out",
      "source_snapshot_record": null,
      "run_source_item_record": {
        "run_source_item_id": "rsi-f643c348866cc7e7",
        "run_id": "run_20260420_032021_bmo_gic_collect_yuNZ-G8R",
        "source_document_id": "src-bmo-html-75f472dc44bce8be",
        "selected_snapshot_id": null,
        "stage_status": "failed",
        "warning_count": 1,
        "error_count": 3,
        "error_summary": "The read operation timed out",
        "stage_metadata": {
          "snapshot_action": "failed",
          "request_id": "req_8fa21992be184deda1674c38fe21c471",
          "attempt_count": 3,
          "correlation_id": "corr_h6iuI1KhFuDzO3_F",
          "requested_url": "https://www.bmo.com/main/personal/investments/gic/gic-rates/",
          "preflight_status": "error",
          "preflight_issue_codes": [
            "fetch_failed"
          ]
        }
      }
    }
  ],
  "preflight": {
    "run_id": "run_20260420_032021_bmo_gic_collect_yuNZ-G8R",
    "correlation_id": "corr_h6iuI1KhFuDzO3_F",
    "request_id": "req_8fa21992be184deda1674c38fe21c471",
    "stats": {
      "source_total": 2,
      "ok_count": 0,
      "warning_count": 0,
      "error_count": 2,
      "issue_total": 2
    },
    "source_checks": [
      {
        "source_id": "BMO-GIC-003",
        "source_document_id": "src-bmo-html-283cc9030bf48bf7",
        "expected_url": "https://www.bmo.com/main/personal/investments/gic/progressive-gic",
        "expected_source_type": "html",
        "status": "error",
        "fetched_at": null,
        "final_url": null,
        "normalized_final_url": null,
        "status_code": null,
        "content_type": null,
        "redirect_count": null,
        "error_summary": "The read operation timed out",
        "issues": [
          {
            "source_id": "BMO-GIC-003",
            "source_document_id": "src-bmo-html-283cc9030bf48bf7",
            "issue_code": "fetch_failed",
            "severity": "error",
            "expected_url": "https://www.bmo.com/main/personal/investments/gic/progressive-gic",
            "detected_url": null,
            "expected_source_type": "html",
            "detected_content_type": null,
            "message": "The read operation timed out"
          }
        ]
      },
      {
        "source_id": "BMO-GIC-002",
        "source_document_id": "src-bmo-html-75f472dc44bce8be",
        "expected_url": "https://www.bmo.com/main/personal/investments/gic/gic-rates",
        "expected_source_type": "html",
        "status": "error",
        "fetched_at": null,
        "final_url": null,
        "normalized_final_url": null,
        "status_code": null,
        "content_type": null,
        "redirect_count": null,
        "error_summary": "The read operation timed out",
        "issues": [
          {
            "source_id": "BMO-GIC-002",
            "source_document_id": "src-bmo-html-75f472dc44bce8be",
            "issue_code": "fetch_failed",
            "severity": "error",
            "expected_url": "https://www.bmo.com/main/personal/investments/gic/gic-rates",
            "detected_url": null,
            "expected_source_type": "html",
            "detected_content_type": null,
            "message": "The read operation timed out"
          }
        ]
      }
    ]
  },
  "runtime": {
    "env_file": "D:\\10 Development\\10 \uac1c\uc778\ud504\ub85c\uc81d\ud2b8\\70. Mybank\\workspace\\.env.dev",
    "loaded_env_key_count": 51,
    "persist_db": true,
    "trigger_type": "admin_source_collection",
    "triggered_by": "kylee1112@hotmail.com",
    "database_schema": "public",
    "storage_driver": "s3",
    "source_fetch_timeout_seconds": 45,
    "source_fetch_concurrency": 4,
    "preflight_drift_check_enabled": true
  },
  "persistence": {
    "run_id": "run_20260420_032021_bmo_gic_collect_yuNZ-G8R",
    "run_state": "failed",
    "source_document_count": 2,
    "stored_snapshot_count": 0,
    "run_source_item_count": 2,
    "source_success_count": 0,
    "source_failure_count": 2,
    "partial_completion_flag": true,
    "started_at": "2026-04-20T03:25:02.419568+00:00",
    "completed_at": "2026-04-20T03:28:51.006106+00:00"
  }
}
[source-catalog-runner] failed run run_20260420_032021_bmo_gic_collect_yuNZ-G8R: Snapshot capture failed for all selected sources.
