[source-catalog-runner] starting run run_20260420_222518_scotia_savings_collect_b1zEZ9d_ for SCOTIA savings
[source-collection-runner] run run_20260420_222518_scotia_savings_collect_b1zEZ9d_ starting snapshot for 13 source(s)
[source-collection-runner] launching stage fpds_snapshot with timeout 1800s
warning: `VIRTUAL_ENV=api\service\.venv` does not match the project environment path `.venv` and will be ignored; use `--active` to target the active environment instead
{
  "run_id": "run_20260420_222518_scotia_savings_collect_b1zEZ9d_",
  "correlation_id": "corr_CWsKhajUSBUDHHOg",
  "request_id": "req_76fb884264da428fbebf2d1239a0b339",
  "partial_completion_flag": true,
  "stats": {
    "source_total": 13,
    "stored_count": 11,
    "reused_count": 1,
    "failed_count": 1
  },
  "source_results": [
    {
      "source_id": "SCOTIA-SAV-002",
      "source_document_id": "src-scotia-html-d938019b2d45b48a",
      "snapshot_action": "stored",
      "attempt_count": 1,
      "snapshot_id": "snap-4659c7635967cea2",
      "object_storage_key": "dev/snapshots/CA/SCOTIA/src-scotia-html-d938019b2d45b48a/snap-4659c7635967cea2/raw",
      "checksum": "bf88639d1a30087cb44552c132ab6af1878ad62c9084d1b1ed0de448bce44c50",
      "fingerprint": "9421a0e9c361ee2c94b56653c45465287c775aa4565935c4a4c26890a00c3f09",
      "content_type": "text/html",
      "fetch_status": "fetched",
      "fetched_at": "2026-04-20T22:25:39.604892+00:00",
      "error_summary": null,
      "source_snapshot_record": {
        "snapshot_id": "snap-4659c7635967cea2",
        "source_document_id": "src-scotia-html-d938019b2d45b48a",
        "object_storage_key": "dev/snapshots/CA/SCOTIA/src-scotia-html-d938019b2d45b48a/snap-4659c7635967cea2/raw",
        "content_type": "text/html",
        "checksum": "bf88639d1a30087cb44552c132ab6af1878ad62c9084d1b1ed0de448bce44c50",
        "fingerprint": "9421a0e9c361ee2c94b56653c45465287c775aa4565935c4a4c26890a00c3f09",
        "fetch_status": "fetched",
        "response_metadata": {
          "source_id": "SCOTIA-SAV-002",
          "request_url": "https://www.scotiabank.com/ca/en/personal/bank-accounts/savings-accounts/scotia-high-interest-savings-account.html",
          "final_url": "https://www.scotiabank.com/ca/en/personal/bank-accounts/savings-accounts/scotia-high-interest-savings-account.html",
          "status_code": 200,
          "content_length": 333035,
          "content_type": "text/html",
          "redirect_count": 0,
          "etag": "\"51476-64f85dee8cedc-gzip\"",
          "last_modified": "Wed, 15 Apr 2026 20:50:49 GMT",
          "cache_control": "private",
          "attempt_count": 1
        },
        "retention_class": "hot",
        "fetched_at": "2026-04-20T22:25:39.604892+00:00"
      },
      "run_source_item_record": {
        "run_source_item_id": "rsi-0ca4c9049e0b5b75",
        "run_id": "run_20260420_222518_scotia_savings_collect_b1zEZ9d_",
        "source_document_id": "src-scotia-html-d938019b2d45b48a",
        "selected_snapshot_id": "snap-4659c7635967cea2",
        "stage_status": "completed",
        "warning_count": 0,
        "error_count": 0,
        "error_summary": null,
        "stage_metadata": {
          "snapshot_action": "stored",
          "request_id": "req_76fb884264da428fbebf2d1239a0b339",
          "content_type": "text/html",
          "checksum": "bf88639d1a30087cb44552c132ab6af1878ad62c9084d1b1ed0de448bce44c50",
          "fingerprint": "9421a0e9c361ee2c94b56653c45465287c775aa4565935c4a4c26890a00c3f09",
          "object_storage_key": "dev/snapshots/CA/SCOTIA/src-scotia-html-d938019b2d45b48a/snap-4659c7635967cea2/raw",
          "correlation_id": "corr_CWsKhajUSBUDHHOg",
          "attempt_count": 1,
          "preflight_status": "ok",
          "preflight_issue_codes": []
        }
      }
    },
    {
      "source_id": "SCOTIA-SAV-003",
      "source_document_id": "src-scotia-html-af1086dab2ae5080",
      "snapshot_action": "stored",
      "attempt_count": 1,
      "snapshot_id": "snap-4884f9154ce49b17",
      "object_storage_key": "dev/snapshots/CA/SCOTIA/src-scotia-html-af1086dab2ae5080/snap-4884f9154ce49b17/raw",
      "checksum": "5a939d298401f4ac691f76b0a36ead5a78de912e35da93aa1313d6bb9e9ca408",
      "fingerprint": "5e7f657f7adb7586e445f5f1ff956b54b35ff9ca4fb3d7f120ae88ca64bc88e1",
      "content_type": "text/html",
      "fetch_status": "fetched",
      "fetched_at": "2026-04-20T22:25:39.451582+00:00",
      "error_summary": null,
      "source_snapshot_record": {
        "snapshot_id": "snap-4884f9154ce49b17",
        "source_document_id": "src-scotia-html-af1086dab2ae5080",
        "object_storage_key": "dev/snapshots/CA/SCOTIA/src-scotia-html-af1086dab2ae5080/snap-4884f9154ce49b17/raw",
        "content_type": "text/html",
        "checksum": "5a939d298401f4ac691f76b0a36ead5a78de912e35da93aa1313d6bb9e9ca408",
        "fingerprint": "5e7f657f7adb7586e445f5f1ff956b54b35ff9ca4fb3d7f120ae88ca64bc88e1",
        "fetch_status": "fetched",
        "response_metadata": {
          "source_id": "SCOTIA-SAV-003",
          "request_url": "https://www.scotiabank.com/ca/en/personal/bank-accounts/savings-accounts/momentum-plus-savings-account.html",
          "final_url": "https://www.scotiabank.com/ca/en/personal/bank-accounts/savings-accounts/momentum-plus-savings-account.html",
          "status_code": 200,
          "content_length": 298135,
          "content_type": "text/html",
          "redirect_count": 0,
          "etag": "\"48c22-64fea3e56f256-gzip\"",
          "last_modified": "Mon, 20 Apr 2026 20:35:47 GMT",
          "cache_control": "private",
          "attempt_count": 1
        },
        "retention_class": "hot",
        "fetched_at": "2026-04-20T22:25:39.451582+00:00"
      },
      "run_source_item_record": {
        "run_source_item_id": "rsi-a8e0dd69baec0814",
        "run_id": "run_20260420_222518_scotia_savings_collect_b1zEZ9d_",
        "source_document_id": "src-scotia-html-af1086dab2ae5080",
        "selected_snapshot_id": "snap-4884f9154ce49b17",
        "stage_status": "completed",
        "warning_count": 0,
        "error_count": 0,
        "error_summary": null,
        "stage_metadata": {
          "snapshot_action": "stored",
          "request_id": "req_76fb884264da428fbebf2d1239a0b339",
          "content_type": "text/html",
          "checksum": "5a939d298401f4ac691f76b0a36ead5a78de912e35da93aa1313d6bb9e9ca408",
          "fingerprint": "5e7f657f7adb7586e445f5f1ff956b54b35ff9ca4fb3d7f120ae88ca64bc88e1",
          "object_storage_key": "dev/snapshots/CA/SCOTIA/src-scotia-html-af1086dab2ae5080/snap-4884f9154ce49b17/raw",
          "correlation_id": "corr_CWsKhajUSBUDHHOg",
          "attempt_count": 1,
          "preflight_status": "ok",
          "preflight_issue_codes": []
        }
      }
    },
    {
      "source_id": "SCOTIA-SAV-004",
      "source_document_id": "src-scotia-html-3be83322804a26bb",
      "snapshot_action": "stored",
      "attempt_count": 1,
      "snapshot_id": "snap-9c4f5a09bb7758cc",
      "object_storage_key": "dev/snapshots/CA/SCOTIA/src-scotia-html-3be83322804a26bb/snap-9c4f5a09bb7758cc/raw",
      "checksum": "940613a693c70b3933ee575f33099f383d9a0599b8b7b8c4a485bb5c0ef381f7",
      "fingerprint": "f0c2e4a04b1bb0d030cfbbbe785d2000edadc0bed77e559ed13bebb17ca284b1",
      "content_type": "text/html",
      "fetch_status": "fetched",
      "fetched_at": "2026-04-20T22:25:39.546329+00:00",
      "error_summary": null,
      "source_snapshot_record": {
        "snapshot_id": "snap-9c4f5a09bb7758cc",
        "source_document_id": "src-scotia-html-3be83322804a26bb",
        "object_storage_key": "dev/snapshots/CA/SCOTIA/src-scotia-html-3be83322804a26bb/snap-9c4f5a09bb7758cc/raw",
        "content_type": "text/html",
        "checksum": "940613a693c70b3933ee575f33099f383d9a0599b8b7b8c4a485bb5c0ef381f7",
        "fingerprint": "f0c2e4a04b1bb0d030cfbbbe785d2000edadc0bed77e559ed13bebb17ca284b1",
        "fetch_status": "fetched",
        "response_metadata": {
          "source_id": "SCOTIA-SAV-004",
          "request_url": "https://www.scotiabank.com/ca/en/personal/bank-accounts/savings-accounts/money-master-savings-account.html",
          "final_url": "https://www.scotiabank.com/ca/en/personal/bank-accounts/savings-accounts/money-master-savings-account.html",
          "status_code": 200,
          "content_length": 275236,
          "content_type": "text/html",
          "redirect_count": 0,
          "etag": "\"432af-64fea36734167-gzip\"",
          "last_modified": "Mon, 20 Apr 2026 20:33:34 GMT",
          "cache_control": "private",
          "attempt_count": 1
        },
        "retention_class": "hot",
        "fetched_at": "2026-04-20T22:25:39.546329+00:00"
      },
      "run_source_item_record": {
        "run_source_item_id": "rsi-697f311bc9349287",
        "run_id": "run_20260420_222518_scotia_savings_collect_b1zEZ9d_",
        "source_document_id": "src-scotia-html-3be83322804a26bb",
        "selected_snapshot_id": "snap-9c4f5a09bb7758cc",
        "stage_status": "completed",
        "warning_count": 0,
        "error_count": 0,
        "error_summary": null,
        "stage_metadata": {
          "snapshot_action": "stored",
          "request_id": "req_76fb884264da428fbebf2d1239a0b339",
          "content_type": "text/html",
          "checksum": "940613a693c70b3933ee575f33099f383d9a0599b8b7b8c4a485bb5c0ef381f7",
          "fingerprint": "f0c2e4a04b1bb0d030cfbbbe785d2000edadc0bed77e559ed13bebb17ca284b1",
          "object_storage_key": "dev/snapshots/CA/SCOTIA/src-scotia-html-3be83322804a26bb/snap-9c4f5a09bb7758cc/raw",
          "correlation_id": "corr_CWsKhajUSBUDHHOg",
          "attempt_count": 1,
          "preflight_status": "ok",
          "preflight_issue_codes": []
        }
      }
    },
    {
      "source_id": "SCOTIA-SAV-006",
      "source_document_id": "src-scotia-html-4d228b384d444176",
      "snapshot_action": "stored",
      "attempt_count": 1,
      "snapshot_id": "snap-1141a26251758dd8",
      "object_storage_key": "dev/snapshots/CA/SCOTIA/src-scotia-html-4d228b384d444176/snap-1141a26251758dd8/raw",
      "checksum": "81b9afa8e2d195e8680513b4537dd2046d84ef23f6ec03b14918720955e2d83c",
      "fingerprint": "abaeb926c4733c18a02814efee1fe5f6c4376cd09b073ca2d91346445901c0eb",
      "content_type": "text/html",
      "fetch_status": "fetched",
      "fetched_at": "2026-04-20T22:25:39.590045+00:00",
      "error_summary": null,
      "source_snapshot_record": {
        "snapshot_id": "snap-1141a26251758dd8",
        "source_document_id": "src-scotia-html-4d228b384d444176",
        "object_storage_key": "dev/snapshots/CA/SCOTIA/src-scotia-html-4d228b384d444176/snap-1141a26251758dd8/raw",
        "content_type": "text/html",
        "checksum": "81b9afa8e2d195e8680513b4537dd2046d84ef23f6ec03b14918720955e2d83c",
        "fingerprint": "abaeb926c4733c18a02814efee1fe5f6c4376cd09b073ca2d91346445901c0eb",
        "fetch_status": "fetched",
        "response_metadata": {
          "source_id": "SCOTIA-SAV-006",
          "request_url": "https://www.scotiabank.com/ca/en/personal/rates-prices/savings-account-rates.html",
          "final_url": "https://www.scotiabank.com/ca/en/personal/rates-prices/savings-account-rates.html",
          "status_code": 200,
          "content_length": 263263,
          "content_type": "text/html",
          "redirect_count": 0,
          "etag": "\"403ea-64fea89b70518-gzip\"",
          "last_modified": "Mon, 20 Apr 2026 20:56:51 GMT",
          "cache_control": "private",
          "attempt_count": 1
        },
        "retention_class": "hot",
        "fetched_at": "2026-04-20T22:25:39.590045+00:00"
      },
      "run_source_item_record": {
        "run_source_item_id": "rsi-e3d884d353638d67",
        "run_id": "run_20260420_222518_scotia_savings_collect_b1zEZ9d_",
        "source_document_id": "src-scotia-html-4d228b384d444176",
        "selected_snapshot_id": "snap-1141a26251758dd8",
        "stage_status": "completed",
        "warning_count": 0,
        "error_count": 0,
        "error_summary": null,
        "stage_metadata": {
          "snapshot_action": "stored",
          "request_id": "req_76fb884264da428fbebf2d1239a0b339",
          "content_type": "text/html",
          "checksum": "81b9afa8e2d195e8680513b4537dd2046d84ef23f6ec03b14918720955e2d83c",
          "fingerprint": "abaeb926c4733c18a02814efee1fe5f6c4376cd09b073ca2d91346445901c0eb",
          "object_storage_key": "dev/snapshots/CA/SCOTIA/src-scotia-html-4d228b384d444176/snap-1141a26251758dd8/raw",
          "correlation_id": "corr_CWsKhajUSBUDHHOg",
          "attempt_count": 1,
          "preflight_status": "ok",
          "preflight_issue_codes": []
        }
      }
    },
    {
      "source_id": "SCOTIA-SAV-005",
      "source_document_id": "src-scotia-html-88a83be47ba14bdd",
      "snapshot_action": "failed",
      "attempt_count": 3,
      "snapshot_id": null,
      "object_storage_key": null,
      "checksum": null,
      "fingerprint": null,
      "content_type": null,
      "fetch_status": null,
      "fetched_at": null,
      "error_summary": "HTTP fetch failed with status 404 for https://www.scotiabank.com/ca/en/personal/bank-accounts/savings-accounts/us-dollar-daily-interest-account.html",
      "source_snapshot_record": null,
      "run_source_item_record": {
        "run_source_item_id": "rsi-00365f69c2199f6c",
        "run_id": "run_20260420_222518_scotia_savings_collect_b1zEZ9d_",
        "source_document_id": "src-scotia-html-88a83be47ba14bdd",
        "selected_snapshot_id": null,
        "stage_status": "failed",
        "warning_count": 1,
        "error_count": 3,
        "error_summary": "HTTP fetch failed with status 404 for https://www.scotiabank.com/ca/en/personal/bank-accounts/savings-accounts/us-dollar-daily-interest-account.html",
        "stage_metadata": {
          "snapshot_action": "failed",
          "request_id": "req_76fb884264da428fbebf2d1239a0b339",
          "attempt_count": 3,
          "correlation_id": "corr_CWsKhajUSBUDHHOg",
          "requested_url": "https://www.scotiabank.com/ca/en/personal/bank-accounts/savings-accounts/us-dollar-daily-interest-account.html",
          "preflight_status": "error",
          "preflight_issue_codes": [
            "fetch_failed"
          ]
        }
      }
    },
    {
      "source_id": "AUTO-SCOTIA-SAV-180c030900",
      "source_document_id": "src-scotia-html-adda211d99086747",
      "snapshot_action": "stored",
      "attempt_count": 1,
      "snapshot_id": "snap-f18570e3c677af57",
      "object_storage_key": "dev/snapshots/CA/SCOTIA/src-scotia-html-adda211d99086747/snap-f18570e3c677af57/raw",
      "checksum": "9a845f6dae8e9e5aed9e04629f798fbc062651177cd1617b7fba43f7c3ca7fa8",
      "fingerprint": "20da8feb68c605bf7dbdc2254eca3b50c4fb69fc9e31f64a28a6306249c22e39",
      "content_type": "text/html",
      "fetch_status": "fetched",
      "fetched_at": "2026-04-20T22:25:55.484051+00:00",
      "error_summary": null,
      "source_snapshot_record": {
        "snapshot_id": "snap-f18570e3c677af57",
        "source_document_id": "src-scotia-html-adda211d99086747",
        "object_storage_key": "dev/snapshots/CA/SCOTIA/src-scotia-html-adda211d99086747/snap-f18570e3c677af57/raw",
        "content_type": "text/html",
        "checksum": "9a845f6dae8e9e5aed9e04629f798fbc062651177cd1617b7fba43f7c3ca7fa8",
        "fingerprint": "20da8feb68c605bf7dbdc2254eca3b50c4fb69fc9e31f64a28a6306249c22e39",
        "fetch_status": "fetched",
        "response_metadata": {
          "source_id": "AUTO-SCOTIA-SAV-180c030900",
          "request_url": "https://www.scotiabank.com/ca/en/about/inside-scotiabank/corporate-profile.html",
          "final_url": "https://www.scotiabank.com/ca/en/about/our-company/corporate-profile.html",
          "status_code": 200,
          "content_length": 95903,
          "content_type": "text/html",
          "redirect_count": 1,
          "etag": "W/\"1762a-64fea3bd11b69-gzip\"",
          "last_modified": "Mon, 20 Apr 2026 20:35:04 GMT",
          "cache_control": "private",
          "attempt_count": 1
        },
        "retention_class": "hot",
        "fetched_at": "2026-04-20T22:25:55.484051+00:00"
      },
      "run_source_item_record": {
        "run_source_item_id": "rsi-64ec9e5fc709e1de",
        "run_id": "run_20260420_222518_scotia_savings_collect_b1zEZ9d_",
        "source_document_id": "src-scotia-html-adda211d99086747",
        "selected_snapshot_id": "snap-f18570e3c677af57",
        "stage_status": "completed",
        "warning_count": 1,
        "error_count": 0,
        "error_summary": null,
        "stage_metadata": {
          "snapshot_action": "stored",
          "request_id": "req_76fb884264da428fbebf2d1239a0b339",
          "content_type": "text/html",
          "checksum": "9a845f6dae8e9e5aed9e04629f798fbc062651177cd1617b7fba43f7c3ca7fa8",
          "fingerprint": "20da8feb68c605bf7dbdc2254eca3b50c4fb69fc9e31f64a28a6306249c22e39",
          "object_storage_key": "dev/snapshots/CA/SCOTIA/src-scotia-html-adda211d99086747/snap-f18570e3c677af57/raw",
          "correlation_id": "corr_CWsKhajUSBUDHHOg",
          "attempt_count": 1,
          "preflight_status": "warning",
          "preflight_issue_codes": [
            "final_url_changed"
          ]
        }
      }
    },
    {
      "source_id": "AUTO-SCOTIA-SAV-913810ac11",
      "source_document_id": "src-scotia-html-e475a5fda56c6889",
      "snapshot_action": "stored",
      "attempt_count": 1,
      "snapshot_id": "snap-4ffbc800f3b78c6b",
      "object_storage_key": "dev/snapshots/CA/SCOTIA/src-scotia-html-e475a5fda56c6889/snap-4ffbc800f3b78c6b/raw",
      "checksum": "2d641460cfded489b202ea9658426e490a128b2fa6c285e36a2fc52d5addfb12",
      "fingerprint": "37ef8a09d6797c25da052da14d8bd774d4592f611fa16f60194657ac2666a9c3",
      "content_type": "text/html",
      "fetch_status": "fetched",
      "fetched_at": "2026-04-20T22:26:20.530036+00:00",
      "error_summary": null,
      "source_snapshot_record": {
        "snapshot_id": "snap-4ffbc800f3b78c6b",
        "source_document_id": "src-scotia-html-e475a5fda56c6889",
        "object_storage_key": "dev/snapshots/CA/SCOTIA/src-scotia-html-e475a5fda56c6889/snap-4ffbc800f3b78c6b/raw",
        "content_type": "text/html",
        "checksum": "2d641460cfded489b202ea9658426e490a128b2fa6c285e36a2fc52d5addfb12",
        "fingerprint": "37ef8a09d6797c25da052da14d8bd774d4592f611fa16f60194657ac2666a9c3",
        "fetch_status": "fetched",
        "response_metadata": {
          "source_id": "AUTO-SCOTIA-SAV-913810ac11",
          "request_url": "https://www.scotiabank.com/ca/en/about/contact-us/legal.html",
          "final_url": "https://www.scotiabank.com/ca/en/about/contact-us/legal.html",
          "status_code": 200,
          "content_length": 103429,
          "content_type": "text/html",
          "redirect_count": 0,
          "etag": "\"19390-64fea92615043-gzip\"",
          "last_modified": "Mon, 20 Apr 2026 20:59:17 GMT",
          "cache_control": "private",
          "attempt_count": 1
        },
        "retention_class": "hot",
        "fetched_at": "2026-04-20T22:26:20.530036+00:00"
      },
      "run_source_item_record": {
        "run_source_item_id": "rsi-48fd947df4a7dc2b",
        "run_id": "run_20260420_222518_scotia_savings_collect_b1zEZ9d_",
        "source_document_id": "src-scotia-html-e475a5fda56c6889",
        "selected_snapshot_id": "snap-4ffbc800f3b78c6b",
        "stage_status": "completed",
        "warning_count": 0,
        "error_count": 0,
        "error_summary": null,
        "stage_metadata": {
          "snapshot_action": "stored",
          "request_id": "req_76fb884264da428fbebf2d1239a0b339",
          "content_type": "text/html",
          "checksum": "2d641460cfded489b202ea9658426e490a128b2fa6c285e36a2fc52d5addfb12",
          "fingerprint": "37ef8a09d6797c25da052da14d8bd774d4592f611fa16f60194657ac2666a9c3",
          "object_storage_key": "dev/snapshots/CA/SCOTIA/src-scotia-html-e475a5fda56c6889/snap-4ffbc800f3b78c6b/raw",
          "correlation_id": "corr_CWsKhajUSBUDHHOg",
          "attempt_count": 1,
          "preflight_status": "ok",
          "preflight_issue_codes": []
        }
      }
    },
    {
      "source_id": "AUTO-SCOTIA-SAV-e6d7ceb8e1",
      "source_document_id": "src-scotia-html-9595e1ce24cf082a",
      "snapshot_action": "stored",
      "attempt_count": 1,
      "snapshot_id": "snap-2e7910386ad2ac64",
      "object_storage_key": "dev/snapshots/CA/SCOTIA/src-scotia-html-9595e1ce24cf082a/snap-2e7910386ad2ac64/raw",
      "checksum": "4f14bd248a5b9bfabb85386c3fe43f759ffc6150c5dcc1adc60671ea6d20d9df",
      "fingerprint": "7697099ce5113abeef9af81e283f3ee2dcece0d69d8ea7a970b875c3b617d88a",
      "content_type": "text/html",
      "fetch_status": "fetched",
      "fetched_at": "2026-04-20T22:26:22.144159+00:00",
      "error_summary": null,
      "source_snapshot_record": {
        "snapshot_id": "snap-2e7910386ad2ac64",
        "source_document_id": "src-scotia-html-9595e1ce24cf082a",
        "object_storage_key": "dev/snapshots/CA/SCOTIA/src-scotia-html-9595e1ce24cf082a/snap-2e7910386ad2ac64/raw",
        "content_type": "text/html",
        "checksum": "4f14bd248a5b9bfabb85386c3fe43f759ffc6150c5dcc1adc60671ea6d20d9df",
        "fingerprint": "7697099ce5113abeef9af81e283f3ee2dcece0d69d8ea7a970b875c3b617d88a",
        "fetch_status": "fetched",
        "response_metadata": {
          "source_id": "AUTO-SCOTIA-SAV-e6d7ceb8e1",
          "request_url": "https://www.scotiabank.com/ca/en/about/our-company.html",
          "final_url": "https://www.scotiabank.com/ca/en/about/our-company.html",
          "status_code": 200,
          "content_length": 84925,
          "content_type": "text/html",
          "redirect_count": 0,
          "etag": "\"14b48-64fea9eac066a-gzip\"",
          "last_modified": "Mon, 20 Apr 2026 21:02:43 GMT",
          "cache_control": "private",
          "attempt_count": 1
        },
        "retention_class": "hot",
        "fetched_at": "2026-04-20T22:26:22.144159+00:00"
      },
      "run_source_item_record": {
        "run_source_item_id": "rsi-0eca1952fa10fef7",
        "run_id": "run_20260420_222518_scotia_savings_collect_b1zEZ9d_",
        "source_document_id": "src-scotia-html-9595e1ce24cf082a",
        "selected_snapshot_id": "snap-2e7910386ad2ac64",
        "stage_status": "completed",
        "warning_count": 0,
        "error_count": 0,
        "error_summary": null,
        "stage_metadata": {
          "snapshot_action": "stored",
          "request_id": "req_76fb884264da428fbebf2d1239a0b339",
          "content_type": "text/html",
          "checksum": "4f14bd248a5b9bfabb85386c3fe43f759ffc6150c5dcc1adc60671ea6d20d9df",
          "fingerprint": "7697099ce5113abeef9af81e283f3ee2dcece0d69d8ea7a970b875c3b617d88a",
          "object_storage_key": "dev/snapshots/CA/SCOTIA/src-scotia-html-9595e1ce24cf082a/snap-2e7910386ad2ac64/raw",
          "correlation_id": "corr_CWsKhajUSBUDHHOg",
          "attempt_count": 1,
          "preflight_status": "ok",
          "preflight_issue_codes": []
        }
      }
    },
    {
      "source_id": "AUTO-SCOTIA-SAV-f445de68a5",
      "source_document_id": "src-scotia-html-fe472007cbffeeb0",
      "snapshot_action": "stored",
      "attempt_count": 1,
      "snapshot_id": "snap-78509a4ad1150e2d",
      "object_storage_key": "dev/snapshots/CA/SCOTIA/src-scotia-html-fe472007cbffeeb0/snap-78509a4ad1150e2d/raw",
      "checksum": "d275fe3233e85e5ee656c6100db0a0de3ccde120ade076116c73ed5d1b982f86",
      "fingerprint": "70e49efa750285c79eb5da514ae09ced56b3cc27684c7fa3209eced65ad6efe2",
      "content_type": "text/html",
      "fetch_status": "fetched",
      "fetched_at": "2026-04-20T22:26:23.855893+00:00",
      "error_summary": null,
      "source_snapshot_record": {
        "snapshot_id": "snap-78509a4ad1150e2d",
        "source_document_id": "src-scotia-html-fe472007cbffeeb0",
        "object_storage_key": "dev/snapshots/CA/SCOTIA/src-scotia-html-fe472007cbffeeb0/snap-78509a4ad1150e2d/raw",
        "content_type": "text/html",
        "checksum": "d275fe3233e85e5ee656c6100db0a0de3ccde120ade076116c73ed5d1b982f86",
        "fingerprint": "70e49efa750285c79eb5da514ae09ced56b3cc27684c7fa3209eced65ad6efe2",
        "fetch_status": "fetched",
        "response_metadata": {
          "source_id": "AUTO-SCOTIA-SAV-f445de68a5",
          "request_url": "https://www.scotiabank.com/ca/en/0,,1070,00.html",
          "final_url": "https://www.scotiabank.com/ca/en/personal/rates-prices.html",
          "status_code": 200,
          "content_length": 253717,
          "content_type": "text/html",
          "redirect_count": 1,
          "etag": "W/\"3dea0-64feaa764afef-gzip\"",
          "last_modified": "Mon, 20 Apr 2026 21:05:09 GMT",
          "cache_control": "private",
          "attempt_count": 1
        },
        "retention_class": "hot",
        "fetched_at": "2026-04-20T22:26:23.855893+00:00"
      },
      "run_source_item_record": {
        "run_source_item_id": "rsi-5cc581a0803b06c9",
        "run_id": "run_20260420_222518_scotia_savings_collect_b1zEZ9d_",
        "source_document_id": "src-scotia-html-fe472007cbffeeb0",
        "selected_snapshot_id": "snap-78509a4ad1150e2d",
        "stage_status": "completed",
        "warning_count": 1,
        "error_count": 0,
        "error_summary": null,
        "stage_metadata": {
          "snapshot_action": "stored",
          "request_id": "req_76fb884264da428fbebf2d1239a0b339",
          "content_type": "text/html",
          "checksum": "d275fe3233e85e5ee656c6100db0a0de3ccde120ade076116c73ed5d1b982f86",
          "fingerprint": "70e49efa750285c79eb5da514ae09ced56b3cc27684c7fa3209eced65ad6efe2",
          "object_storage_key": "dev/snapshots/CA/SCOTIA/src-scotia-html-fe472007cbffeeb0/snap-78509a4ad1150e2d/raw",
          "correlation_id": "corr_CWsKhajUSBUDHHOg",
          "attempt_count": 1,
          "preflight_status": "warning",
          "preflight_issue_codes": [
            "final_url_changed"
          ]
        }
      }
    },
    {
      "source_id": "AUTO-SCOTIA-SAV-662814b3de",
      "source_document_id": "src-scotia-pdf-e42d3e214f964c88",
      "snapshot_action": "stored",
      "attempt_count": 1,
      "snapshot_id": "snap-3b3fc5f8eaabc7fd",
      "object_storage_key": "dev/snapshots/CA/SCOTIA/src-scotia-pdf-e42d3e214f964c88/snap-3b3fc5f8eaabc7fd/raw",
      "checksum": "c02ed3fadf8d3bedead60b7779e24f39e6276595d42628e45d5fed6f74063ea4",
      "fingerprint": "89e5a514526fa16a73fac316a8e21a322b6537e6513e93b00318dbd076131771",
      "content_type": "application/pdf",
      "fetch_status": "fetched",
      "fetched_at": "2026-04-20T22:26:23.780469+00:00",
      "error_summary": null,
      "source_snapshot_record": {
        "snapshot_id": "snap-3b3fc5f8eaabc7fd",
        "source_document_id": "src-scotia-pdf-e42d3e214f964c88",
        "object_storage_key": "dev/snapshots/CA/SCOTIA/src-scotia-pdf-e42d3e214f964c88/snap-3b3fc5f8eaabc7fd/raw",
        "content_type": "application/pdf",
        "checksum": "c02ed3fadf8d3bedead60b7779e24f39e6276595d42628e45d5fed6f74063ea4",
        "fingerprint": "89e5a514526fa16a73fac316a8e21a322b6537e6513e93b00318dbd076131771",
        "fetch_status": "fetched",
        "response_metadata": {
          "source_id": "AUTO-SCOTIA-SAV-662814b3de",
          "request_url": "https://www.scotiabank.com/content/dam/scotiabank/canada/en/documents/fees_interest_schedules.pdf",
          "final_url": "https://www.scotiabank.com/content/dam/scotiabank/canada/en/documents/fees_interest_schedules.pdf",
          "status_code": 200,
          "content_length": 330429,
          "content_type": "application/pdf",
          "redirect_count": 0,
          "etag": "W/\"50abd-64f4e98a5a3cf-gzip\"",
          "last_modified": "Mon, 13 Apr 2026 02:54:07 GMT",
          "cache_control": "private",
          "attempt_count": 1
        },
        "retention_class": "hot",
        "fetched_at": "2026-04-20T22:26:23.780469+00:00"
      },
      "run_source_item_record": {
        "run_source_item_id": "rsi-c0e41361a38248a9",
        "run_id": "run_20260420_222518_scotia_savings_collect_b1zEZ9d_",
        "source_document_id": "src-scotia-pdf-e42d3e214f964c88",
        "selected_snapshot_id": "snap-3b3fc5f8eaabc7fd",
        "stage_status": "completed",
        "warning_count": 0,
        "error_count": 0,
        "error_summary": null,
        "stage_metadata": {
          "snapshot_action": "stored",
          "request_id": "req_76fb884264da428fbebf2d1239a0b339",
          "content_type": "application/pdf",
          "checksum": "c02ed3fadf8d3bedead60b7779e24f39e6276595d42628e45d5fed6f74063ea4",
          "fingerprint": "89e5a514526fa16a73fac316a8e21a322b6537e6513e93b00318dbd076131771",
          "object_storage_key": "dev/snapshots/CA/SCOTIA/src-scotia-pdf-e42d3e214f964c88/snap-3b3fc5f8eaabc7fd/raw",
          "correlation_id": "corr_CWsKhajUSBUDHHOg",
          "attempt_count": 1,
          "preflight_status": "ok",
          "preflight_issue_codes": []
        }
      }
    },
    {
      "source_id": "AUTO-SCOTIA-SAV-6d319c7f4b",
      "source_document_id": "src-scotia-pdf-46e2cebf1e3f4490",
      "snapshot_action": "stored",
      "attempt_count": 1,
      "snapshot_id": "snap-3f9084e2778a6b7e",
      "object_storage_key": "dev/snapshots/CA/SCOTIA/src-scotia-pdf-46e2cebf1e3f4490/snap-3f9084e2778a6b7e/raw",
      "checksum": "d98512bc45851b635578a18d498f23af130dcecabba51f9e51c29df99c2a69fc",
      "fingerprint": "1ae0ea054aaa6993823b6a31c1ff79493b46a1b6523b289cf0d5ea4397dc2ac3",
      "content_type": "application/pdf",
      "fetch_status": "fetched",
      "fetched_at": "2026-04-20T22:26:48.524556+00:00",
      "error_summary": null,
      "source_snapshot_record": {
        "snapshot_id": "snap-3f9084e2778a6b7e",
        "source_document_id": "src-scotia-pdf-46e2cebf1e3f4490",
        "object_storage_key": "dev/snapshots/CA/SCOTIA/src-scotia-pdf-46e2cebf1e3f4490/snap-3f9084e2778a6b7e/raw",
        "content_type": "application/pdf",
        "checksum": "d98512bc45851b635578a18d498f23af130dcecabba51f9e51c29df99c2a69fc",
        "fingerprint": "1ae0ea054aaa6993823b6a31c1ff79493b46a1b6523b289cf0d5ea4397dc2ac3",
        "fetch_status": "fetched",
        "response_metadata": {
          "source_id": "AUTO-SCOTIA-SAV-6d319c7f4b",
          "request_url": "https://www.scotiabank.com/content/dam/scotiabank/canada/en/documents/chequing-&-savings/day-to-day_banking_companion_booklet.pdf",
          "final_url": "https://www.scotiabank.com/content/dam/scotiabank/canada/en/documents/chequing-&-savings/day-to-day_banking_companion_booklet.pdf",
          "status_code": 200,
          "content_length": 955952,
          "content_type": "application/pdf",
          "redirect_count": 0,
          "etag": "\"e9630-64e019777ba09-gzip\"",
          "last_modified": "Fri, 27 Mar 2026 13:36:43 GMT",
          "cache_control": "private",
          "attempt_count": 1
        },
        "retention_class": "hot",
        "fetched_at": "2026-04-20T22:26:48.524556+00:00"
      },
      "run_source_item_record": {
        "run_source_item_id": "rsi-476aa01e5edaad7c",
        "run_id": "run_20260420_222518_scotia_savings_collect_b1zEZ9d_",
        "source_document_id": "src-scotia-pdf-46e2cebf1e3f4490",
        "selected_snapshot_id": "snap-3f9084e2778a6b7e",
        "stage_status": "completed",
        "warning_count": 0,
        "error_count": 0,
        "error_summary": null,
        "stage_metadata": {
          "snapshot_action": "stored",
          "request_id": "req_76fb884264da428fbebf2d1239a0b339",
          "content_type": "application/pdf",
          "checksum": "d98512bc45851b635578a18d498f23af130dcecabba51f9e51c29df99c2a69fc",
          "fingerprint": "1ae0ea054aaa6993823b6a31c1ff79493b46a1b6523b289cf0d5ea4397dc2ac3",
          "object_storage_key": "dev/snapshots/CA/SCOTIA/src-scotia-pdf-46e2cebf1e3f4490/snap-3f9084e2778a6b7e/raw",
          "correlation_id": "corr_CWsKhajUSBUDHHOg",
          "attempt_count": 1,
          "preflight_status": "ok",
          "preflight_issue_codes": []
        }
      }
    },
    {
      "source_id": "AUTO-SCOTIA-SAV-8691a6f424",
      "source_document_id": "src-scotia-pdf-0228bb2302b741df",
      "snapshot_action": "stored",
      "attempt_count": 1,
      "snapshot_id": "snap-5d81a07a96438e02",
      "object_storage_key": "dev/snapshots/CA/SCOTIA/src-scotia-pdf-0228bb2302b741df/snap-5d81a07a96438e02/raw",
      "checksum": "3cb52109a6f75fc5534acaa03a44bc9baf6eaa2f912ffc35464bcd3f2feb38ec",
      "fingerprint": "18e5cb2e7991115c2e715a71e7fac81298c4c0973eea7700d10ae7269db2b11f",
      "content_type": "application/pdf",
      "fetch_status": "fetched",
      "fetched_at": "2026-04-20T22:26:51.809730+00:00",
      "error_summary": null,
      "source_snapshot_record": {
        "snapshot_id": "snap-5d81a07a96438e02",
        "source_document_id": "src-scotia-pdf-0228bb2302b741df",
        "object_storage_key": "dev/snapshots/CA/SCOTIA/src-scotia-pdf-0228bb2302b741df/snap-5d81a07a96438e02/raw",
        "content_type": "application/pdf",
        "checksum": "3cb52109a6f75fc5534acaa03a44bc9baf6eaa2f912ffc35464bcd3f2feb38ec",
        "fingerprint": "18e5cb2e7991115c2e715a71e7fac81298c4c0973eea7700d10ae7269db2b11f",
        "fetch_status": "fetched",
        "response_metadata": {
          "source_id": "AUTO-SCOTIA-SAV-8691a6f424",
          "request_url": "https://www.scotiabank.com/content/dam/scotiabank/canada/en/documents/chequing-&-savings/hisa-eligible-product-list.pdf",
          "final_url": "https://www.scotiabank.com/content/dam/scotiabank/canada/en/documents/chequing-&-savings/hisa-eligible-product-list.pdf",
          "status_code": 200,
          "content_length": 105324,
          "content_type": "application/pdf",
          "redirect_count": 0,
          "etag": "\"19b6c-64dfe45d480db-gzip\"",
          "last_modified": "Fri, 27 Mar 2026 09:39:08 GMT",
          "cache_control": "private",
          "attempt_count": 1
        },
        "retention_class": "hot",
        "fetched_at": "2026-04-20T22:26:51.809730+00:00"
      },
      "run_source_item_record": {
        "run_source_item_id": "rsi-37212feabd039540",
        "run_id": "run_20260420_222518_scotia_savings_collect_b1zEZ9d_",
        "source_document_id": "src-scotia-pdf-0228bb2302b741df",
        "selected_snapshot_id": "snap-5d81a07a96438e02",
        "stage_status": "completed",
        "warning_count": 0,
        "error_count": 0,
        "error_summary": null,
        "stage_metadata": {
          "snapshot_action": "stored",
          "request_id": "req_76fb884264da428fbebf2d1239a0b339",
          "content_type": "application/pdf",
          "checksum": "3cb52109a6f75fc5534acaa03a44bc9baf6eaa2f912ffc35464bcd3f2feb38ec",
          "fingerprint": "18e5cb2e7991115c2e715a71e7fac81298c4c0973eea7700d10ae7269db2b11f",
          "object_storage_key": "dev/snapshots/CA/SCOTIA/src-scotia-pdf-0228bb2302b741df/snap-5d81a07a96438e02/raw",
          "correlation_id": "corr_CWsKhajUSBUDHHOg",
          "attempt_count": 1,
          "preflight_status": "ok",
          "preflight_issue_codes": []
        }
      }
    },
    {
      "source_id": "AUTO-SCOTIA-SAV-e6a6663e6b",
      "source_document_id": "src-scotia-pdf-896fecf2b494b89d",
      "snapshot_action": "reused",
      "attempt_count": 1,
      "snapshot_id": "snap-9a6571019d801728",
      "object_storage_key": "dev/snapshots/CA/SCOTIA/src-scotia-pdf-896fecf2b494b89d/snap-9a6571019d801728/raw",
      "checksum": "0f8147f96288bf94726de0470d52ff132267641785b2ab86ec548408f04f609a",
      "fingerprint": "4d6abe87c4dfbccfae0f5b676f85d5bb978175e0dc0e3fb23008fa959ee4bcf4",
      "content_type": "application/pdf",
      "fetch_status": "reused",
      "fetched_at": "2026-04-20T22:26:53.792181+00:00",
      "error_summary": null,
      "source_snapshot_record": null,
      "run_source_item_record": {
        "run_source_item_id": "rsi-55311a89c9890673",
        "run_id": "run_20260420_222518_scotia_savings_collect_b1zEZ9d_",
        "source_document_id": "src-scotia-pdf-896fecf2b494b89d",
        "selected_snapshot_id": "snap-9a6571019d801728",
        "stage_status": "completed",
        "warning_count": 0,
        "error_count": 0,
        "error_summary": null,
        "stage_metadata": {
          "snapshot_action": "reused",
          "request_id": "req_76fb884264da428fbebf2d1239a0b339",
          "correlation_id": "corr_CWsKhajUSBUDHHOg",
          "attempt_count": 1,
          "existing_snapshot_id": "snap-9a6571019d801728",
          "existing_fetched_at": "2026-04-20T03:21:30.918314+00",
          "preflight_status": "ok",
          "preflight_issue_codes": [],
          "current_response_metadata": {
            "source_id": "AUTO-SCOTIA-SAV-e6a6663e6b",
            "request_url": "https://www.scotiabank.com/content/dam/scotiabank/canada/common/documents/Disclosure-Policy-January-2026.pdf",
            "final_url": "https://www.scotiabank.com/content/dam/scotiabank/canada/common/documents/Disclosure-Policy-January-2026.pdf",
            "status_code": 200,
            "content_length": 281324,
            "content_type": "application/pdf",
            "redirect_count": 0,
            "etag": "W/\"44aec-64fd7b3c524f9-gzip\"",
            "last_modified": "Sun, 19 Apr 2026 22:28:32 GMT",
            "cache_control": "private",
            "attempt_count": 1
          }
        }
      }
    }
  ],
  "preflight": {
    "run_id": "run_20260420_222518_scotia_savings_collect_b1zEZ9d_",
    "correlation_id": "corr_CWsKhajUSBUDHHOg",
    "request_id": "req_76fb884264da428fbebf2d1239a0b339",
    "stats": {
      "source_total": 13,
      "ok_count": 10,
      "warning_count": 2,
      "error_count": 1,
      "issue_total": 3
    },
    "source_checks": [
      {
        "source_id": "SCOTIA-SAV-002",
        "source_document_id": "src-scotia-html-d938019b2d45b48a",
        "expected_url": "https://www.scotiabank.com/ca/en/personal/bank-accounts/savings-accounts/scotia-high-interest-savings-account.html",
        "expected_source_type": "html",
        "status": "ok",
        "fetched_at": "2026-04-20T22:25:35.430871+00:00",
        "final_url": "https://www.scotiabank.com/ca/en/personal/bank-accounts/savings-accounts/scotia-high-interest-savings-account.html",
        "normalized_final_url": "https://www.scotiabank.com/ca/en/personal/bank-accounts/savings-accounts/scotia-high-interest-savings-account.html",
        "status_code": 200,
        "content_type": "text/html",
        "redirect_count": 0,
        "error_summary": null,
        "issues": []
      },
      {
        "source_id": "SCOTIA-SAV-003",
        "source_document_id": "src-scotia-html-af1086dab2ae5080",
        "expected_url": "https://www.scotiabank.com/ca/en/personal/bank-accounts/savings-accounts/momentum-plus-savings-account.html",
        "expected_source_type": "html",
        "status": "ok",
        "fetched_at": "2026-04-20T22:25:35.639339+00:00",
        "final_url": "https://www.scotiabank.com/ca/en/personal/bank-accounts/savings-accounts/momentum-plus-savings-account.html",
        "normalized_final_url": "https://www.scotiabank.com/ca/en/personal/bank-accounts/savings-accounts/momentum-plus-savings-account.html",
        "status_code": 200,
        "content_type": "text/html",
        "redirect_count": 0,
        "error_summary": null,
        "issues": []
      },
      {
        "source_id": "SCOTIA-SAV-004",
        "source_document_id": "src-scotia-html-3be83322804a26bb",
        "expected_url": "https://www.scotiabank.com/ca/en/personal/bank-accounts/savings-accounts/money-master-savings-account.html",
        "expected_source_type": "html",
        "status": "ok",
        "fetched_at": "2026-04-20T22:25:35.807586+00:00",
        "final_url": "https://www.scotiabank.com/ca/en/personal/bank-accounts/savings-accounts/money-master-savings-account.html",
        "normalized_final_url": "https://www.scotiabank.com/ca/en/personal/bank-accounts/savings-accounts/money-master-savings-account.html",
        "status_code": 200,
        "content_type": "text/html",
        "redirect_count": 0,
        "error_summary": null,
        "issues": []
      },
      {
        "source_id": "SCOTIA-SAV-006",
        "source_document_id": "src-scotia-html-4d228b384d444176",
        "expected_url": "https://www.scotiabank.com/ca/en/personal/rates-prices/savings-account-rates.html",
        "expected_source_type": "html",
        "status": "ok",
        "fetched_at": "2026-04-20T22:25:35.979470+00:00",
        "final_url": "https://www.scotiabank.com/ca/en/personal/rates-prices/savings-account-rates.html",
        "normalized_final_url": "https://www.scotiabank.com/ca/en/personal/rates-prices/savings-account-rates.html",
        "status_code": 200,
        "content_type": "text/html",
        "redirect_count": 0,
        "error_summary": null,
        "issues": []
      },
      {
        "source_id": "SCOTIA-SAV-005",
        "source_document_id": "src-scotia-html-88a83be47ba14bdd",
        "expected_url": "https://www.scotiabank.com/ca/en/personal/bank-accounts/savings-accounts/us-dollar-daily-interest-account.html",
        "expected_source_type": "html",
        "status": "error",
        "fetched_at": null,
        "final_url": null,
        "normalized_final_url": null,
        "status_code": null,
        "content_type": null,
        "redirect_count": null,
        "error_summary": "HTTP fetch failed with status 404 for https://www.scotiabank.com/ca/en/personal/bank-accounts/savings-accounts/us-dollar-daily-interest-account.html",
        "issues": [
          {
            "source_id": "SCOTIA-SAV-005",
            "source_document_id": "src-scotia-html-88a83be47ba14bdd",
            "issue_code": "fetch_failed",
            "severity": "error",
            "expected_url": "https://www.scotiabank.com/ca/en/personal/bank-accounts/savings-accounts/us-dollar-daily-interest-account.html",
            "detected_url": null,
            "expected_source_type": "html",
            "detected_content_type": null,
            "message": "HTTP fetch failed with status 404 for https://www.scotiabank.com/ca/en/personal/bank-accounts/savings-accounts/us-dollar-daily-interest-account.html"
          }
        ]
      },
      {
        "source_id": "AUTO-SCOTIA-SAV-180c030900",
        "source_document_id": "src-scotia-html-adda211d99086747",
        "expected_url": "https://www.scotiabank.com/ca/en/about/inside-scotiabank/corporate-profile.html",
        "expected_source_type": "html",
        "status": "warning",
        "fetched_at": "2026-04-20T22:25:36.580961+00:00",
        "final_url": "https://www.scotiabank.com/ca/en/about/our-company/corporate-profile.html",
        "normalized_final_url": "https://www.scotiabank.com/ca/en/about/our-company/corporate-profile.html",
        "status_code": 200,
        "content_type": "text/html",
        "redirect_count": 1,
        "error_summary": null,
        "issues": [
          {
            "source_id": "AUTO-SCOTIA-SAV-180c030900",
            "source_document_id": "src-scotia-html-adda211d99086747",
            "issue_code": "final_url_changed",
            "severity": "warning",
            "expected_url": "https://www.scotiabank.com/ca/en/about/inside-scotiabank/corporate-profile.html",
            "detected_url": "https://www.scotiabank.com/ca/en/about/our-company/corporate-profile.html",
            "expected_source_type": "html",
            "detected_content_type": "text/html",
            "message": "Final fetched URL differs from the approved active registry URL."
          }
        ]
      },
      {
        "source_id": "AUTO-SCOTIA-SAV-913810ac11",
        "source_document_id": "src-scotia-html-e475a5fda56c6889",
        "expected_url": "https://www.scotiabank.com/ca/en/about/contact-us/legal.html",
        "expected_source_type": "html",
        "status": "ok",
        "fetched_at": "2026-04-20T22:25:36.816051+00:00",
        "final_url": "https://www.scotiabank.com/ca/en/about/contact-us/legal.html",
        "normalized_final_url": "https://www.scotiabank.com/ca/en/about/contact-us/legal.html",
        "status_code": 200,
        "content_type": "text/html",
        "redirect_count": 0,
        "error_summary": null,
        "issues": []
      },
      {
        "source_id": "AUTO-SCOTIA-SAV-e6d7ceb8e1",
        "source_document_id": "src-scotia-html-9595e1ce24cf082a",
        "expected_url": "https://www.scotiabank.com/ca/en/about/our-company.html",
        "expected_source_type": "html",
        "status": "ok",
        "fetched_at": "2026-04-20T22:25:37.010281+00:00",
        "final_url": "https://www.scotiabank.com/ca/en/about/our-company.html",
        "normalized_final_url": "https://www.scotiabank.com/ca/en/about/our-company.html",
        "status_code": 200,
        "content_type": "text/html",
        "redirect_count": 0,
        "error_summary": null,
        "issues": []
      },
      {
        "source_id": "AUTO-SCOTIA-SAV-f445de68a5",
        "source_document_id": "src-scotia-html-fe472007cbffeeb0",
        "expected_url": "https://www.scotiabank.com/ca/en/0,,1070,00.html",
        "expected_source_type": "html",
        "status": "warning",
        "fetched_at": "2026-04-20T22:25:37.409881+00:00",
        "final_url": "https://www.scotiabank.com/ca/en/personal/rates-prices.html",
        "normalized_final_url": "https://www.scotiabank.com/ca/en/personal/rates-prices.html",
        "status_code": 200,
        "content_type": "text/html",
        "redirect_count": 1,
        "error_summary": null,
        "issues": [
          {
            "source_id": "AUTO-SCOTIA-SAV-f445de68a5",
            "source_document_id": "src-scotia-html-fe472007cbffeeb0",
            "issue_code": "final_url_changed",
            "severity": "warning",
            "expected_url": "https://www.scotiabank.com/ca/en/0,,1070,00.html",
            "detected_url": "https://www.scotiabank.com/ca/en/personal/rates-prices.html",
            "expected_source_type": "html",
            "detected_content_type": "text/html",
            "message": "Final fetched URL differs from the approved active registry URL."
          }
        ]
      },
      {
        "source_id": "AUTO-SCOTIA-SAV-662814b3de",
        "source_document_id": "src-scotia-pdf-e42d3e214f964c88",
        "expected_url": "https://www.scotiabank.com/content/dam/scotiabank/canada/en/documents/fees_interest_schedules.pdf",
        "expected_source_type": "pdf",
        "status": "ok",
        "fetched_at": "2026-04-20T22:25:37.673885+00:00",
        "final_url": "https://www.scotiabank.com/content/dam/scotiabank/canada/en/documents/fees_interest_schedules.pdf",
        "normalized_final_url": "https://www.scotiabank.com/content/dam/scotiabank/canada/en/documents/fees_interest_schedules.pdf",
        "status_code": 200,
        "content_type": "application/pdf",
        "redirect_count": 0,
        "error_summary": null,
        "issues": []
      },
      {
        "source_id": "AUTO-SCOTIA-SAV-6d319c7f4b",
        "source_document_id": "src-scotia-pdf-46e2cebf1e3f4490",
        "expected_url": "https://www.scotiabank.com/content/dam/scotiabank/canada/en/documents/chequing-&-savings/day-to-day_banking_companion_booklet.pdf",
        "expected_source_type": "pdf",
        "status": "ok",
        "fetched_at": "2026-04-20T22:25:38.087279+00:00",
        "final_url": "https://www.scotiabank.com/content/dam/scotiabank/canada/en/documents/chequing-&-savings/day-to-day_banking_companion_booklet.pdf",
        "normalized_final_url": "https://www.scotiabank.com/content/dam/scotiabank/canada/en/documents/chequing-&-savings/day-to-day_banking_companion_booklet.pdf",
        "status_code": 200,
        "content_type": "application/pdf",
        "redirect_count": 0,
        "error_summary": null,
        "issues": []
      },
      {
        "source_id": "AUTO-SCOTIA-SAV-8691a6f424",
        "source_document_id": "src-scotia-pdf-0228bb2302b741df",
        "expected_url": "https://www.scotiabank.com/content/dam/scotiabank/canada/en/documents/chequing-&-savings/hisa-eligible-product-list.pdf",
        "expected_source_type": "pdf",
        "status": "ok",
        "fetched_at": "2026-04-20T22:25:38.489402+00:00",
        "final_url": "https://www.scotiabank.com/content/dam/scotiabank/canada/en/documents/chequing-&-savings/hisa-eligible-product-list.pdf",
        "normalized_final_url": "https://www.scotiabank.com/content/dam/scotiabank/canada/en/documents/chequing-&-savings/hisa-eligible-product-list.pdf",
        "status_code": 200,
        "content_type": "application/pdf",
        "redirect_count": 0,
        "error_summary": null,
        "issues": []
      },
      {
        "source_id": "AUTO-SCOTIA-SAV-e6a6663e6b",
        "source_document_id": "src-scotia-pdf-896fecf2b494b89d",
        "expected_url": "https://www.scotiabank.com/content/dam/scotiabank/canada/common/documents/Disclosure-Policy-January-2026.pdf",
        "expected_source_type": "pdf",
        "status": "ok",
        "fetched_at": "2026-04-20T22:25:38.920881+00:00",
        "final_url": "https://www.scotiabank.com/content/dam/scotiabank/canada/common/documents/Disclosure-Policy-January-2026.pdf",
        "normalized_final_url": "https://www.scotiabank.com/content/dam/scotiabank/canada/common/documents/Disclosure-Policy-January-2026.pdf",
        "status_code": 200,
        "content_type": "application/pdf",
        "redirect_count": 0,
        "error_summary": null,
        "issues": []
      }
    ]
  },
  "runtime": {
    "env_file": "D:\\10 Development\\10 \uac1c\uc778\ud504\ub85c\uc81d\ud2b8\\70. Mybank\\workspace\\.env.dev",
    "loaded_env_key_count": 51,
    "persist_db": true,
    "trigger_type": "admin_source_collection",
    "triggered_by": "kylee1112@hotmail.com",
    "database_schema": "public",
    "storage_driver": "s3",
    "source_fetch_timeout_seconds": 45,
    "source_fetch_concurrency": 4,
    "preflight_drift_check_enabled": true
  },
  "persistence": {
    "run_id": "run_20260420_222518_scotia_savings_collect_b1zEZ9d_",
    "run_state": "completed",
    "source_document_count": 13,
    "stored_snapshot_count": 11,
    "run_source_item_count": 13,
    "source_success_count": 12,
    "source_failure_count": 1,
    "partial_completion_flag": true,
    "started_at": "2026-04-20T22:25:34.219248+00:00",
    "completed_at": "2026-04-20T22:27:15.516672+00:00"
  }
}
[source-collection-runner] run run_20260420_222518_scotia_savings_collect_b1zEZ9d_ continuing with 12 successful snapshot source(s)
[source-collection-runner] launching stage fpds_parse_chunk with timeout 1800s
warning: `VIRTUAL_ENV=api\service\.venv` does not match the project environment path `.venv` and will be ignored; use `--active` to target the active environment instead
{
  "run_id": "run_20260420_222518_scotia_savings_collect_b1zEZ9d_",
  "correlation_id": "corr_CWsKhajUSBUDHHOg",
  "request_id": "req_76fb884264da428fbebf2d1239a0b339",
  "partial_completion_flag": true,
  "stats": {
    "source_total": 12,
    "stored_count": 10,
    "reused_count": 1,
    "failed_count": 1
  },
  "source_results": [
    {
      "source_id": "SCOTIA-SAV-002",
      "source_document_id": "src-scotia-html-d938019b2d45b48a",
      "snapshot_id": "snap-4659c7635967cea2",
      "parse_action": "stored",
      "parsed_document_id": "parsed-21c7797ab44f82c3",
      "parsed_storage_key": "dev/parsed/CA/SCOTIA/src-scotia-html-d938019b2d45b48a/parsed-21c7797ab44f82c3/parsed.txt",
      "metadata_storage_key": "dev/parsed/CA/SCOTIA/src-scotia-html-d938019b2d45b48a/parsed-21c7797ab44f82c3/metadata.json",
      "chunk_count": 33,
      "parse_quality_note": null,
      "error_summary": null,
      "run_source_item_record": {
        "run_source_item_id": "rsi-0ca4c9049e0b5b75",
        "run_id": "run_20260420_222518_scotia_savings_collect_b1zEZ9d_",
        "source_document_id": "src-scotia-html-d938019b2d45b48a",
        "selected_snapshot_id": "snap-4659c7635967cea2",
        "stage_status": "completed",
        "warning_count": 0,
        "error_count": 0,
        "error_summary": null,
        "stage_metadata": {
          "parse_action": "stored",
          "parsed_document_id": "parsed-21c7797ab44f82c3",
          "parsed_storage_key": "dev/parsed/CA/SCOTIA/src-scotia-html-d938019b2d45b48a/parsed-21c7797ab44f82c3/parsed.txt",
          "metadata_storage_key": "dev/parsed/CA/SCOTIA/src-scotia-html-d938019b2d45b48a/parsed-21c7797ab44f82c3/metadata.json",
          "chunk_count": 33,
          "parse_quality_note": null,
          "parser_version": "fpds-parse-chunk-v1",
          "correlation_id": "corr_CWsKhajUSBUDHHOg",
          "request_id": "req_76fb884264da428fbebf2d1239a0b339"
        }
      }
    },
    {
      "source_id": "SCOTIA-SAV-003",
      "source_document_id": "src-scotia-html-af1086dab2ae5080",
      "snapshot_id": "snap-4884f9154ce49b17",
      "parse_action": "stored",
      "parsed_document_id": "parsed-ab9f74f9adf3b567",
      "parsed_storage_key": "dev/parsed/CA/SCOTIA/src-scotia-html-af1086dab2ae5080/parsed-ab9f74f9adf3b567/parsed.txt",
      "metadata_storage_key": "dev/parsed/CA/SCOTIA/src-scotia-html-af1086dab2ae5080/parsed-ab9f74f9adf3b567/metadata.json",
      "chunk_count": 21,
      "parse_quality_note": null,
      "error_summary": null,
      "run_source_item_record": {
        "run_source_item_id": "rsi-a8e0dd69baec0814",
        "run_id": "run_20260420_222518_scotia_savings_collect_b1zEZ9d_",
        "source_document_id": "src-scotia-html-af1086dab2ae5080",
        "selected_snapshot_id": "snap-4884f9154ce49b17",
        "stage_status": "completed",
        "warning_count": 0,
        "error_count": 0,
        "error_summary": null,
        "stage_metadata": {
          "parse_action": "stored",
          "parsed_document_id": "parsed-ab9f74f9adf3b567",
          "parsed_storage_key": "dev/parsed/CA/SCOTIA/src-scotia-html-af1086dab2ae5080/parsed-ab9f74f9adf3b567/parsed.txt",
          "metadata_storage_key": "dev/parsed/CA/SCOTIA/src-scotia-html-af1086dab2ae5080/parsed-ab9f74f9adf3b567/metadata.json",
          "chunk_count": 21,
          "parse_quality_note": null,
          "parser_version": "fpds-parse-chunk-v1",
          "correlation_id": "corr_CWsKhajUSBUDHHOg",
          "request_id": "req_76fb884264da428fbebf2d1239a0b339"
        }
      }
    },
    {
      "source_id": "SCOTIA-SAV-004",
      "source_document_id": "src-scotia-html-3be83322804a26bb",
      "snapshot_id": "snap-9c4f5a09bb7758cc",
      "parse_action": "stored",
      "parsed_document_id": "parsed-139c6ab2753f5ecc",
      "parsed_storage_key": "dev/parsed/CA/SCOTIA/src-scotia-html-3be83322804a26bb/parsed-139c6ab2753f5ecc/parsed.txt",
      "metadata_storage_key": "dev/parsed/CA/SCOTIA/src-scotia-html-3be83322804a26bb/parsed-139c6ab2753f5ecc/metadata.json",
      "chunk_count": 26,
      "parse_quality_note": null,
      "error_summary": null,
      "run_source_item_record": {
        "run_source_item_id": "rsi-697f311bc9349287",
        "run_id": "run_20260420_222518_scotia_savings_collect_b1zEZ9d_",
        "source_document_id": "src-scotia-html-3be83322804a26bb",
        "selected_snapshot_id": "snap-9c4f5a09bb7758cc",
        "stage_status": "completed",
        "warning_count": 0,
        "error_count": 0,
        "error_summary": null,
        "stage_metadata": {
          "parse_action": "stored",
          "parsed_document_id": "parsed-139c6ab2753f5ecc",
          "parsed_storage_key": "dev/parsed/CA/SCOTIA/src-scotia-html-3be83322804a26bb/parsed-139c6ab2753f5ecc/parsed.txt",
          "metadata_storage_key": "dev/parsed/CA/SCOTIA/src-scotia-html-3be83322804a26bb/parsed-139c6ab2753f5ecc/metadata.json",
          "chunk_count": 26,
          "parse_quality_note": null,
          "parser_version": "fpds-parse-chunk-v1",
          "correlation_id": "corr_CWsKhajUSBUDHHOg",
          "request_id": "req_76fb884264da428fbebf2d1239a0b339"
        }
      }
    },
    {
      "source_id": "SCOTIA-SAV-006",
      "source_document_id": "src-scotia-html-4d228b384d444176",
      "snapshot_id": "snap-1141a26251758dd8",
      "parse_action": "stored",
      "parsed_document_id": "parsed-c40fbe5b4053a3a5",
      "parsed_storage_key": "dev/parsed/CA/SCOTIA/src-scotia-html-4d228b384d444176/parsed-c40fbe5b4053a3a5/parsed.txt",
      "metadata_storage_key": "dev/parsed/CA/SCOTIA/src-scotia-html-4d228b384d444176/parsed-c40fbe5b4053a3a5/metadata.json",
      "chunk_count": 22,
      "parse_quality_note": null,
      "error_summary": null,
      "run_source_item_record": {
        "run_source_item_id": "rsi-e3d884d353638d67",
        "run_id": "run_20260420_222518_scotia_savings_collect_b1zEZ9d_",
        "source_document_id": "src-scotia-html-4d228b384d444176",
        "selected_snapshot_id": "snap-1141a26251758dd8",
        "stage_status": "completed",
        "warning_count": 0,
        "error_count": 0,
        "error_summary": null,
        "stage_metadata": {
          "parse_action": "stored",
          "parsed_document_id": "parsed-c40fbe5b4053a3a5",
          "parsed_storage_key": "dev/parsed/CA/SCOTIA/src-scotia-html-4d228b384d444176/parsed-c40fbe5b4053a3a5/parsed.txt",
          "metadata_storage_key": "dev/parsed/CA/SCOTIA/src-scotia-html-4d228b384d444176/parsed-c40fbe5b4053a3a5/metadata.json",
          "chunk_count": 22,
          "parse_quality_note": null,
          "parser_version": "fpds-parse-chunk-v1",
          "correlation_id": "corr_CWsKhajUSBUDHHOg",
          "request_id": "req_76fb884264da428fbebf2d1239a0b339"
        }
      }
    },
    {
      "source_id": "AUTO-SCOTIA-SAV-180c030900",
      "source_document_id": "src-scotia-html-adda211d99086747",
      "snapshot_id": "snap-f18570e3c677af57",
      "parse_action": "stored",
      "parsed_document_id": "parsed-e17ae18e4b887e2a",
      "parsed_storage_key": "dev/parsed/CA/SCOTIA/src-scotia-html-adda211d99086747/parsed-e17ae18e4b887e2a/parsed.txt",
      "metadata_storage_key": "dev/parsed/CA/SCOTIA/src-scotia-html-adda211d99086747/parsed-e17ae18e4b887e2a/metadata.json",
      "chunk_count": 15,
      "parse_quality_note": null,
      "error_summary": null,
      "run_source_item_record": {
        "run_source_item_id": "rsi-64ec9e5fc709e1de",
        "run_id": "run_20260420_222518_scotia_savings_collect_b1zEZ9d_",
        "source_document_id": "src-scotia-html-adda211d99086747",
        "selected_snapshot_id": "snap-f18570e3c677af57",
        "stage_status": "completed",
        "warning_count": 0,
        "error_count": 0,
        "error_summary": null,
        "stage_metadata": {
          "parse_action": "stored",
          "parsed_document_id": "parsed-e17ae18e4b887e2a",
          "parsed_storage_key": "dev/parsed/CA/SCOTIA/src-scotia-html-adda211d99086747/parsed-e17ae18e4b887e2a/parsed.txt",
          "metadata_storage_key": "dev/parsed/CA/SCOTIA/src-scotia-html-adda211d99086747/parsed-e17ae18e4b887e2a/metadata.json",
          "chunk_count": 15,
          "parse_quality_note": null,
          "parser_version": "fpds-parse-chunk-v1",
          "correlation_id": "corr_CWsKhajUSBUDHHOg",
          "request_id": "req_76fb884264da428fbebf2d1239a0b339"
        }
      }
    },
    {
      "source_id": "AUTO-SCOTIA-SAV-913810ac11",
      "source_document_id": "src-scotia-html-e475a5fda56c6889",
      "snapshot_id": "snap-4ffbc800f3b78c6b",
      "parse_action": "stored",
      "parsed_document_id": "parsed-a6a5835119271056",
      "parsed_storage_key": "dev/parsed/CA/SCOTIA/src-scotia-html-e475a5fda56c6889/parsed-a6a5835119271056/parsed.txt",
      "metadata_storage_key": "dev/parsed/CA/SCOTIA/src-scotia-html-e475a5fda56c6889/parsed-a6a5835119271056/metadata.json",
      "chunk_count": 31,
      "parse_quality_note": null,
      "error_summary": null,
      "run_source_item_record": {
        "run_source_item_id": "rsi-48fd947df4a7dc2b",
        "run_id": "run_20260420_222518_scotia_savings_collect_b1zEZ9d_",
        "source_document_id": "src-scotia-html-e475a5fda56c6889",
        "selected_snapshot_id": "snap-4ffbc800f3b78c6b",
        "stage_status": "completed",
        "warning_count": 0,
        "error_count": 0,
        "error_summary": null,
        "stage_metadata": {
          "parse_action": "stored",
          "parsed_document_id": "parsed-a6a5835119271056",
          "parsed_storage_key": "dev/parsed/CA/SCOTIA/src-scotia-html-e475a5fda56c6889/parsed-a6a5835119271056/parsed.txt",
          "metadata_storage_key": "dev/parsed/CA/SCOTIA/src-scotia-html-e475a5fda56c6889/parsed-a6a5835119271056/metadata.json",
          "chunk_count": 31,
          "parse_quality_note": null,
          "parser_version": "fpds-parse-chunk-v1",
          "correlation_id": "corr_CWsKhajUSBUDHHOg",
          "request_id": "req_76fb884264da428fbebf2d1239a0b339"
        }
      }
    },
    {
      "source_id": "AUTO-SCOTIA-SAV-e6d7ceb8e1",
      "source_document_id": "src-scotia-html-9595e1ce24cf082a",
      "snapshot_id": "snap-2e7910386ad2ac64",
      "parse_action": "stored",
      "parsed_document_id": "parsed-36b4291c2871256c",
      "parsed_storage_key": "dev/parsed/CA/SCOTIA/src-scotia-html-9595e1ce24cf082a/parsed-36b4291c2871256c/parsed.txt",
      "metadata_storage_key": "dev/parsed/CA/SCOTIA/src-scotia-html-9595e1ce24cf082a/parsed-36b4291c2871256c/metadata.json",
      "chunk_count": 3,
      "parse_quality_note": null,
      "error_summary": null,
      "run_source_item_record": {
        "run_source_item_id": "rsi-0eca1952fa10fef7",
        "run_id": "run_20260420_222518_scotia_savings_collect_b1zEZ9d_",
        "source_document_id": "src-scotia-html-9595e1ce24cf082a",
        "selected_snapshot_id": "snap-2e7910386ad2ac64",
        "stage_status": "completed",
        "warning_count": 0,
        "error_count": 0,
        "error_summary": null,
        "stage_metadata": {
          "parse_action": "stored",
          "parsed_document_id": "parsed-36b4291c2871256c",
          "parsed_storage_key": "dev/parsed/CA/SCOTIA/src-scotia-html-9595e1ce24cf082a/parsed-36b4291c2871256c/parsed.txt",
          "metadata_storage_key": "dev/parsed/CA/SCOTIA/src-scotia-html-9595e1ce24cf082a/parsed-36b4291c2871256c/metadata.json",
          "chunk_count": 3,
          "parse_quality_note": null,
          "parser_version": "fpds-parse-chunk-v1",
          "correlation_id": "corr_CWsKhajUSBUDHHOg",
          "request_id": "req_76fb884264da428fbebf2d1239a0b339"
        }
      }
    },
    {
      "source_id": "AUTO-SCOTIA-SAV-f445de68a5",
      "source_document_id": "src-scotia-html-fe472007cbffeeb0",
      "snapshot_id": "snap-78509a4ad1150e2d",
      "parse_action": "stored",
      "parsed_document_id": "parsed-94c624329ca45487",
      "parsed_storage_key": "dev/parsed/CA/SCOTIA/src-scotia-html-fe472007cbffeeb0/parsed-94c624329ca45487/parsed.txt",
      "metadata_storage_key": "dev/parsed/CA/SCOTIA/src-scotia-html-fe472007cbffeeb0/parsed-94c624329ca45487/metadata.json",
      "chunk_count": 24,
      "parse_quality_note": null,
      "error_summary": null,
      "run_source_item_record": {
        "run_source_item_id": "rsi-5cc581a0803b06c9",
        "run_id": "run_20260420_222518_scotia_savings_collect_b1zEZ9d_",
        "source_document_id": "src-scotia-html-fe472007cbffeeb0",
        "selected_snapshot_id": "snap-78509a4ad1150e2d",
        "stage_status": "completed",
        "warning_count": 0,
        "error_count": 0,
        "error_summary": null,
        "stage_metadata": {
          "parse_action": "stored",
          "parsed_document_id": "parsed-94c624329ca45487",
          "parsed_storage_key": "dev/parsed/CA/SCOTIA/src-scotia-html-fe472007cbffeeb0/parsed-94c624329ca45487/parsed.txt",
          "metadata_storage_key": "dev/parsed/CA/SCOTIA/src-scotia-html-fe472007cbffeeb0/parsed-94c624329ca45487/metadata.json",
          "chunk_count": 24,
          "parse_quality_note": null,
          "parser_version": "fpds-parse-chunk-v1",
          "correlation_id": "corr_CWsKhajUSBUDHHOg",
          "request_id": "req_76fb884264da428fbebf2d1239a0b339"
        }
      }
    },
    {
      "source_id": "AUTO-SCOTIA-SAV-662814b3de",
      "source_document_id": "src-scotia-pdf-e42d3e214f964c88",
      "snapshot_id": "snap-3b3fc5f8eaabc7fd",
      "parse_action": "stored",
      "parsed_document_id": "parsed-160e0730cce96d2c",
      "parsed_storage_key": "dev/parsed/CA/SCOTIA/src-scotia-pdf-e42d3e214f964c88/parsed-160e0730cce96d2c/parsed.txt",
      "metadata_storage_key": "dev/parsed/CA/SCOTIA/src-scotia-pdf-e42d3e214f964c88/parsed-160e0730cce96d2c/metadata.json",
      "chunk_count": 60,
      "parse_quality_note": null,
      "error_summary": null,
      "run_source_item_record": {
        "run_source_item_id": "rsi-c0e41361a38248a9",
        "run_id": "run_20260420_222518_scotia_savings_collect_b1zEZ9d_",
        "source_document_id": "src-scotia-pdf-e42d3e214f964c88",
        "selected_snapshot_id": "snap-3b3fc5f8eaabc7fd",
        "stage_status": "completed",
        "warning_count": 0,
        "error_count": 0,
        "error_summary": null,
        "stage_metadata": {
          "parse_action": "stored",
          "parsed_document_id": "parsed-160e0730cce96d2c",
          "parsed_storage_key": "dev/parsed/CA/SCOTIA/src-scotia-pdf-e42d3e214f964c88/parsed-160e0730cce96d2c/parsed.txt",
          "metadata_storage_key": "dev/parsed/CA/SCOTIA/src-scotia-pdf-e42d3e214f964c88/parsed-160e0730cce96d2c/metadata.json",
          "chunk_count": 60,
          "parse_quality_note": null,
          "parser_version": "fpds-parse-chunk-v1",
          "correlation_id": "corr_CWsKhajUSBUDHHOg",
          "request_id": "req_76fb884264da428fbebf2d1239a0b339"
        }
      }
    },
    {
      "source_id": "AUTO-SCOTIA-SAV-6d319c7f4b",
      "source_document_id": "src-scotia-pdf-46e2cebf1e3f4490",
      "snapshot_id": "snap-3f9084e2778a6b7e",
      "parse_action": "failed",
      "parsed_document_id": null,
      "parsed_storage_key": null,
      "metadata_storage_key": null,
      "chunk_count": 0,
      "parse_quality_note": null,
      "error_summary": "cryptography>=3.1 is required for AES algorithm",
      "run_source_item_record": {
        "run_source_item_id": "rsi-476aa01e5edaad7c",
        "run_id": "run_20260420_222518_scotia_savings_collect_b1zEZ9d_",
        "source_document_id": "src-scotia-pdf-46e2cebf1e3f4490",
        "selected_snapshot_id": "snap-3f9084e2778a6b7e",
        "stage_status": "failed",
        "warning_count": 0,
        "error_count": 1,
        "error_summary": "cryptography>=3.1 is required for AES algorithm",
        "stage_metadata": {
          "parse_action": "failed",
          "correlation_id": "corr_CWsKhajUSBUDHHOg",
          "request_id": "req_76fb884264da428fbebf2d1239a0b339",
          "snapshot_id": "snap-3f9084e2778a6b7e",
          "snapshot_object_key": "dev/snapshots/CA/SCOTIA/src-scotia-pdf-46e2cebf1e3f4490/snap-3f9084e2778a6b7e/raw"
        }
      }
    },
    {
      "source_id": "AUTO-SCOTIA-SAV-8691a6f424",
      "source_document_id": "src-scotia-pdf-0228bb2302b741df",
      "snapshot_id": "snap-5d81a07a96438e02",
      "parse_action": "stored",
      "parsed_document_id": "parsed-a4c8dcd991ed7c1d",
      "parsed_storage_key": "dev/parsed/CA/SCOTIA/src-scotia-pdf-0228bb2302b741df/parsed-a4c8dcd991ed7c1d/parsed.txt",
      "metadata_storage_key": "dev/parsed/CA/SCOTIA/src-scotia-pdf-0228bb2302b741df/parsed-a4c8dcd991ed7c1d/metadata.json",
      "chunk_count": 3,
      "parse_quality_note": null,
      "error_summary": null,
      "run_source_item_record": {
        "run_source_item_id": "rsi-37212feabd039540",
        "run_id": "run_20260420_222518_scotia_savings_collect_b1zEZ9d_",
        "source_document_id": "src-scotia-pdf-0228bb2302b741df",
        "selected_snapshot_id": "snap-5d81a07a96438e02",
        "stage_status": "completed",
        "warning_count": 0,
        "error_count": 0,
        "error_summary": null,
        "stage_metadata": {
          "parse_action": "stored",
          "parsed_document_id": "parsed-a4c8dcd991ed7c1d",
          "parsed_storage_key": "dev/parsed/CA/SCOTIA/src-scotia-pdf-0228bb2302b741df/parsed-a4c8dcd991ed7c1d/parsed.txt",
          "metadata_storage_key": "dev/parsed/CA/SCOTIA/src-scotia-pdf-0228bb2302b741df/parsed-a4c8dcd991ed7c1d/metadata.json",
          "chunk_count": 3,
          "parse_quality_note": null,
          "parser_version": "fpds-parse-chunk-v1",
          "correlation_id": "corr_CWsKhajUSBUDHHOg",
          "request_id": "req_76fb884264da428fbebf2d1239a0b339"
        }
      }
    },
    {
      "source_id": "AUTO-SCOTIA-SAV-e6a6663e6b",
      "source_document_id": "src-scotia-pdf-896fecf2b494b89d",
      "snapshot_id": "snap-9a6571019d801728",
      "parse_action": "reused",
      "parsed_document_id": "parsed-33282b2909c5e50a",
      "parsed_storage_key": "dev/parsed/CA/SCOTIA/src-scotia-pdf-896fecf2b494b89d/parsed-33282b2909c5e50a/parsed.txt",
      "metadata_storage_key": "dev/parsed/CA/SCOTIA/src-scotia-pdf-896fecf2b494b89d/parsed-33282b2909c5e50a/metadata.json",
      "chunk_count": 48,
      "parse_quality_note": null,
      "error_summary": null,
      "run_source_item_record": {
        "run_source_item_id": "rsi-55311a89c9890673",
        "run_id": "run_20260420_222518_scotia_savings_collect_b1zEZ9d_",
        "source_document_id": "src-scotia-pdf-896fecf2b494b89d",
        "selected_snapshot_id": "snap-9a6571019d801728",
        "stage_status": "completed",
        "warning_count": 0,
        "error_count": 0,
        "error_summary": null,
        "stage_metadata": {
          "parse_action": "reused",
          "parsed_document_id": "parsed-33282b2909c5e50a",
          "parsed_storage_key": "dev/parsed/CA/SCOTIA/src-scotia-pdf-896fecf2b494b89d/parsed-33282b2909c5e50a/parsed.txt",
          "metadata_storage_key": "dev/parsed/CA/SCOTIA/src-scotia-pdf-896fecf2b494b89d/parsed-33282b2909c5e50a/metadata.json",
          "chunk_count": 48,
          "parse_quality_note": null,
          "parser_version": "fpds-parse-chunk-v1",
          "correlation_id": "corr_CWsKhajUSBUDHHOg",
          "request_id": "req_76fb884264da428fbebf2d1239a0b339"
        }
      }
    }
  ],
  "runtime": {
    "env_file": "D:\\10 Development\\10 \uac1c\uc778\ud504\ub85c\uc81d\ud2b8\\70. Mybank\\workspace\\.env.dev",
    "loaded_env_key_count": 51,
    "persist_db": true,
    "trigger_type": "admin_source_collection",
    "triggered_by": "kylee1112@hotmail.com",
    "database_schema": "public",
    "storage_driver": "s3"
  },
  "persistence": {
    "run_id": "run_20260420_222518_scotia_savings_collect_b1zEZ9d_",
    "run_state": "completed",
    "parsed_document_count": 10,
    "evidence_chunk_count": 238,
    "run_source_item_count": 12,
    "source_success_count": 11,
    "source_failure_count": 1,
    "partial_completion_flag": true,
    "completed_at": "2026-04-20T22:32:23.166846+00:00"
  }
}
[source-collection-runner] launching stage fpds_extraction with timeout 1800s
warning: `VIRTUAL_ENV=api\service\.venv` does not match the project environment path `.venv` and will be ignored; use `--active` to target the active environment instead
Traceback (most recent call last):
  File "<frozen runpy>", line 198, in _run_module_as_main
  File "<frozen runpy>", line 88, in _run_code
  File "D:\10 Development\10 °łŔÎÇÁ·ÎÁ§Ć®\70. Mybank\workspace\worker\pipeline\fpds_extraction\__main__.py", line 184, in <module>
    raise SystemExit(main())
                     ~~~~^^
  File "D:\10 Development\10 °łŔÎÇÁ·ÎÁ§Ć®\70. Mybank\workspace\worker\pipeline\fpds_extraction\__main__.py", line 65, in main
    contexts = _load_contexts(repository=repository, args=args)
  File "D:\10 Development\10 °łŔÎÇÁ·ÎÁ§Ć®\70. Mybank\workspace\worker\pipeline\fpds_extraction\__main__.py", line 135, in _load_contexts
    raise ValueError(
    ...<3 lines>...
    )
ValueError: No parsed document was found for source ids: AUTO-SCOTIA-SAV-6d319c7f4b. Run WBS 3.3 parse/chunk first.
[source-catalog-runner] failed run run_20260420_222518_scotia_savings_collect_b1zEZ9d_: fpds_extraction failed with exit code 1.
